|--------------------------------------------------------------|
|- ispLEVER Classic 1.4.01.04.23.l1 Fitter Report File        -|
|- Copyright(C), 1992-2010, Lattice Semiconductor Corporation -|
|- All Rights Reserved.                                       -|
|--------------------------------------------------------------|




The Basic/Detailed Report Format can be selected in the dialog box
Tools->Fitter Report File Format...

Project_Summary
~~~~~~~~~~~~~~~
Project Name         :  mach64board_project
Project Path         :  C:\Users\tmcphillips\Hobbies\MACH64 Projects\PellerinChap5\StateMachineWithCorrectOutputs
Project Fitted on    :  Mon Jan 16 16:12:54 2012

Device               :  M4064_32
Package              :  48
GLB Input Mux Size   :  10
Available Blocks     :  4
Speed                :  -7.5
Part Number          :  LC4064V-75T48I
Source Format        :  ABEL_Schematic


// Project 'mach64board_project' Fit Successfully! //


Compilation_Times
~~~~~~~~~~~~~~~~~
Prefit Time                     0 secs
Load Design Time                0.03 secs
Partition Time                  0.01 secs
Place Time                      0.00 secs
Route Time                      0.00 secs
Total Fit Time                  00:00:01


Design_Summary
~~~~~~~~~~~~~~
Total Input Pins                4
Total Logic Functions           16
  Total Output Pins             1
  Total Bidir I/O Pins          3
  Total Buried Nodes            12
Total Flip-Flops                15
  Total D Flip-Flops            10
  Total T Flip-Flops            5
  Total Latches                 0
Total Product Terms             46

Total Reserved Pins             0
Total Locked Pins               8
Total Locked Nodes              0

Total Unique Output Enables     1
Total Unique Clocks             3
Total Unique Clock Enables      0
Total Unique Resets             0
Total Unique Presets            0

Fmax Logic Levels               1


Device_Resource_Summary
~~~~~~~~~~~~~~~~~~~~~~~
                                 Device
                                 Total    Used   Not Used   Utilization
-----------------------------------------------------------------------
Dedicated Pins
  Clock/Input Pins                  4        1      3    -->    25
  I/O / Enable Pins                 2        0      2    -->     0
I/O Pins                           30        7     23    -->    23
Logic Functions                    64       16     48    -->    25
  Input Registers                  32        0     32    -->     0

GLB Inputs                        144       22    122    -->    15
Logical Product Terms             320       28    292    -->     8
Occupied GLBs                       4        4      0    -->   100
Macrocells                         64       16     48    -->    25

Control Product Terms:
  GLB Clock/Clock Enables           4        2      2    -->    50
  GLB Reset/Presets                 4        0      4    -->     0
  Macrocell Clocks                 64        0     64    -->     0
  Macrocell Clock Enables          64        0     64    -->     0
  Macrocell Enables                64        0     64    -->     0
  Macrocell Resets                 64        0     64    -->     0
  Macrocell Presets                64        0     64    -->     0

Global Routing Pool               100       17     83    -->    17
  GRP from IFB                     ..        3     ..    -->    ..
    (from input signals)           ..        3     ..    -->    ..
    (from output signals)          ..        0     ..    -->    ..
    (from bidir signals)           ..        0     ..    -->    ..
  GRP from MFB                     ..       14     ..    -->    ..
----------------------------------------------------------------------

<Note> 1 : The available PT is the product term that has not been used.
<Note> 2 : IFB is I/O feedback.
<Note> 3 : MFB is macrocell feedback.



GLB_Resource_Summary
~~~~~~~~~~~~~~~~~~~~
                                                                                     # of PT
               ---  Fanin  ---    I/O    Input  Macrocells       Macrocells   Logic  clusters
             Unique Shared Total  Pins    Regs Used Inaccessible  available    PTs   used
-------------------------------------------------------------------------------------------
Maximum
  GLB                      36      *(1)     8   --     --             16       80       16
-------------------------------------------------------------------------------------------
  GLB    A      3     2     5      0/8      0    3      0             13        4        3
  GLB    B      3     0     3      0/8      0    1      0             15        3        1
  GLB    C      1     8     9      3/8      0    8      0              8       12        8
  GLB    D      1     4     5      4/8      0    4      0             12        9        4
-------------------------------------------------------------------------------------------
TOTALS:         8    14    22      7/32     0   16      0             48       28       16

<Note> 1 : For ispMACH 4000 devices, the number of IOs depends on the GLB.
<Note> 2 : Four rightmost columns above reflect last status of the placement process.



GLB_Control_Summary
~~~~~~~~~~~~~~~~~~~
           Shared Shared | Mcell  Mcell  Mcell  Mcell  Mcell 
           Clk/CE Rst/Pr | Clock  CE     Enable Reset  Preset
------------------------------------------------------------------------------
Maximum
  GLB        1      1        16     16     16     16     16  
==============================================================================
  GLB    A   1      0         0      0      0      0      0
  GLB    B   0      0         0      0      0      0      0
  GLB    C   0      0         0      0      0      0      0
  GLB    D   1      0         0      0      0      0      0
------------------------------------------------------------------------------

<Note> 1 : For ispMACH 4000 devices, the number of output enables depends on the GLB.



Optimizer_and_Fitter_Options
~~~~~~~~~~~~~~~~~~~~~~~~~~~~
Pin Assignment :                       Yes
Group Assignment :                     No
Pin Reservation :                      No

@Ignore_Project_Constraints :
  Pin Assignments :                    No
      Keep Block Assignment            --
      Keep Segment Assignment          --
  Group Assignments :                  No
  Macrocell Assignment :               No
      Keep Block Assignment            --
      Keep Segment Assignment          --

@Backannotate_Project_Constraints
  Pin Assignments :                    No
  Pin And Block Assignments :          No
  Pin, Macrocell and Block :           No

@Timing_Constraints :                  No

@Global_Project_Optimization :
  Balanced Partitioning :              Yes
  Spread Placement :                   Yes

  Note :
    Pack Design :
       Balanced Partitioning = No
       Spread Placement      = No
    Spread Design :
       Balanced Partitioning = Yes
       Spread Placement      = Yes


@Logic_Synthesis :
  Logic Reduction :                    Yes
  Node Collapsing :                    FMAX
  Fmax_Logic_Level :                   1
  D/T Synthesis :                      Yes
  XOR Synthesis :                      Yes
  Max. P-Term for Collapsing :         16
  Max. P-Term for Splitting :          80
  Max Symbols :                        24

@Utilization_options
  Max. % of Macrocells used :          100
@Usercode                               (HEX)
@IO_Types                              Default = LVCMOS18 (2)
@Output_Slew_Rate                      Default = FAST (2)
@Power                                 Default = HIGH (2)
@Pull                                  Default = PULLUP_UP (2)
@Fast_Bypass                           Default = None (2)
@ORP_Bypass                            Default = None
@Input_Registers                       Default = None (2)
@Register_Powerup                      Default = None

Device Options:
<Note> 1 : Reserved unused I/Os can be independently driven to Low or High, and does not
           follow the drive level set for the Global Configure Unused I/O Option.
<Note> 2 : For user-specified constraints on individual signals, refer to the Output,
           Bidir and Buried Signal Lists.



Pinout_Listing
~~~~~~~~~~~~~~
      | Pin   | Bank |GLB |Assigned|                 | Signal|
Pin No| Type  |Number|Pad |Pin     |     I/O Type    | Type  | Signal name
----------------------------------------------------------------------------
1     | TDI   |   -  |    |        |                 |       |
2     |  I_O  |   0  |A10 |        |                 |       |
3     |  I_O  |   0  |A12 |        |                 |       |
4     |  I_O  |   0  |A14 |        |                 |       |
5     |GNDIO0 |   -  |    |        |                 |       |
6     |VCCIO0 |   -  |    |        |                 |       |
7     |  I_O  |   0  |B0  |        |                 |       |
8     |  I_O  |   0  |B2  |        |                 |       |
9     |  I_O  |   0  |B4  |        |                 |       |
10    |  I_O  |   0  |B6  |        |                 |       |
11    | TCK   |   -  |    |        |                 |       |
12    | VCC   |   -  |    |        |                 |       |
13    | GND   |   -  |    |        |                 |       |
14    |  I_O  |   0  |B8  |        |                 |       |
15    |  I_O  |   0  |B10 |        |                 |       |
16    |  I_O  |   0  |B12 |        |                 |       |
17    |  I_O  |   0  |B14 |        |                 |       |
18    |INCLK1 |   0  |    |    *   |LVCMOS18         | Input |clock
19    |INCLK2 |   1  |    |        |                 |       |
20    |  I_O  |   1  |C0  |    *   |LVCMOS18         | Input |step
21    |  I_O  |   1  |C2  |    *   |LVCMOS18         | Input |oe
22    |  I_O  |   1  |C4  |    *   |LVCMOS18         | Input |hold
23    |  I_O  |   1  |C6  |        |                 |       |
24    |  I_O  |   1  |C8  |        |                 |       |
25    | TMS   |   -  |    |        |                 |       |
26    |  I_O  |   1  |C10 |        |                 |       |
27    |  I_O  |   1  |C12 |        |                 |       |
28    |  I_O  |   1  |C14 |        |                 |       |
29    |GNDIO1 |   -  |    |        |                 |       |
30    |VCCIO1 |   -  |    |        |                 |       |
31    |  I_O  |   1  |D0  |    *   |LVCMOS18         |Tri-Out|q1
32    |  I_O  |   1  |D2  |    *   |LVCMOS18         |Tri-Out|q0
33    |  I_O  |   1  |D4  |    *   |LVCMOS18         |Tri-Out|reg1
34    |  I_O  |   1  |D6  |    *   |LVCMOS18         | Output|com1
35    | TDO   |   -  |    |        |                 |       |
36    | VCC   |   -  |    |        |                 |       |
37    | GND   |   -  |    |        |                 |       |
38    |  I_O  |   1  |D8  |        |                 |       |
39    |  I_O  |   1  |D10 |        |                 |       |
40    |  I_O  |   1  |D12 |        |                 |       |
41    | I_O/OE|   1  |D14 |        |                 |       |
42    |INCLK3 |   1  |    |        |                 |       |
43    |INCLK0 |   0  |    |        |                 |       |
44    | I_O/OE|   0  |A0  |        |                 |       |
45    |  I_O  |   0  |A2  |        |                 |       |
46    |  I_O  |   0  |A4  |        |                 |       |
47    |  I_O  |   0  |A6  |        |                 |       |
48    |  I_O  |   0  |A8  |        |                 |       |
----------------------------------------------------------------------------

<Note> GLB Pad : This notation refers to the GLB I/O pad number in the device.
<Note> Assigned Pin : user or dedicated input assignment (E.g. Clock pins).
<Note> Pin Type : 
          ClkIn : Dedicated input or clock pin 
           CLK  : Dedicated clock pin
           I_O  : Input/Output pin
           INP  : Dedicated input pin
           JTAG : JTAG Control and test pin
           NC   : No connected



Input_Signal_List
~~~~~~~~~~~~~~~~~
                Input
         Pin    Fanout
 Pin GLB Type           Pullup Signal
-------------------------------------
  18  -- INCLK    ----      Up clock
  22   C  I/O   1 ---D      Up hold
  21   C  I/O   1 ---D      Up oe
  20   C  I/O   1 A---      Up step
-------------------------------------



Output_Signal_List
~~~~~~~~~~~~~~~~~~
          I         C      P R P       O Output
          N         L Mc   R E U C O F B Fanout
 Pin GLB  P LL PTs  S Type E S P E E P P         Slew Pullup Signal
-------------------------------------------------------------------
  34   D  1  -   1  1 COM                  ----  Fast     Up com1
  32   D  4  1   3  1 DFF      R   *       ----  Fast     Up q0
  31   D  4  1   2  1 DFF      R   *       ----  Fast     Up q1
  33   D  4  1   3  1 DFF      R   *       ----  Fast     Up reg1
-------------------------------------------------------------------

<Note> CLS = Number of clusters used
       INP = Number of input signals
       PTs = Number of product terms
        LL = Number of logic levels
       PRE = Has preset equation
       RES = Has reset equation
       PUP = Power-Up initial state: R=Reset, S=Set
        CE = Has clock enable equation
        OE = Has output enable equation
        FP = Fast path used
       OBP = ORP bypass used



Bidir_Signal_List
~~~~~~~~~~~~~~~~~
          I         C      P R P       O Bidir
          N         L Mc   R E U C O F B Fanout
 Pin GLB  P LL PTs  S Type E S P E E P P         Slew Pullup Signal
-------------------------------------------------------------------
-------------------------------------------------------------------

<Note> CLS = Number of clusters used
       INP = Number of input signals
       PTs = Number of product terms
        LL = Number of logic levels
       PRE = Has preset equation
       RES = Has reset equation
       PUP = Power-Up initial state: R=Reset, S=Set
        CE = Has clock enable equation
        OE = Has output enable equation
        FP = Fast path used
       OBP = ORP bypass used



Buried_Signal_List
~~~~~~~~~~~~~~~~~~
        I         C      P R P       Node
        N         L Mc   R E U C I F Fanout
Mc GLB  P LL PTs  S Type E S P E R P         Signal
----------------------------------------------------------
 5   A  3  1   1  1 DFF      R       1 ---D  D0_debounced
10   A  2  -   1  1 DFF      R       1 A---  D1_lastSample
12   C  1  1   1  1 DFF      R       3 ABC-  T0_s0
 2   A  2  1   2  1 DFF      R       3 ABC-  T0_s1
 7   B  3  1   3  1 DFF      R       2 -BC-  T0_s2
 0   C  4  1   4  1 DFF      R       1 --C-  T0_s3
 1   C  5  1   2  1 DFF      R       1 --C-  T0_s4
 9   C  5  1   1  1 TFF      R       1 --C-  T0_s5
 7   C  6  1   1  1 TFF      R       1 --C-  T0_s6
 5   C  7  1   1  1 TFF      R       1 --C-  T0_s7
 3   C  8  1   1  1 TFF      R       1 --C-  T0_s8
 2   C  9  1   1  1 TFF      R       1 A---  T0_s9
--   D  1   1  0 PTOE             ----     reg1.OE
----------------------------------------------------------

<Note> CLS = Number of clusters used
       INP = Number of input signals
       PTs = Number of product terms
        LL = Number of logic levels
       PRE = Has preset equation
       RES = Has reset equation
       PUP = Power-Up initial state: R=Reset, S=Set
        CE = Has clock enable equation
        OE = Has output enable equation
        IR = Input register
        FP = Fast path used
       OBP = ORP bypass used



PostFit_Equations
~~~~~~~~~~~~~~~~~
D0_debounced.D = !step & D1_lastSample.Q ; (1 pterm, 2 signals)
D0_debounced.C = T0_s9.Q ; (1 pterm, 1 signal)

D1_lastSample.D = !step ; (1 pterm, 1 signal)
D1_lastSample.C = T0_s9.Q ; (1 pterm, 1 signal)

T0_s0.D = !T0_s0.Q ; (1 pterm, 1 signal)
T0_s0.C = clock ; (1 pterm, 1 signal)

T0_s1.D = T0_s1.Q & !T0_s0.Q
    # !T0_s1.Q & T0_s0.Q ; (2 pterms, 2 signals)
T0_s1.C = clock ; (1 pterm, 1 signal)

T0_s2.D = !T0_s2.Q & T0_s1.Q & T0_s0.Q
    # T0_s2.Q & !T0_s1.Q
    # T0_s2.Q & !T0_s0.Q ; (3 pterms, 3 signals)
T0_s2.C = clock ; (1 pterm, 1 signal)

T0_s3.D = !T0_s3.Q & T0_s2.Q & T0_s1.Q & T0_s0.Q
    # T0_s3.Q & !T0_s1.Q
    # T0_s3.Q & !T0_s2.Q
    # T0_s3.Q & !T0_s0.Q ; (4 pterms, 4 signals)
T0_s3.C = clock ; (1 pterm, 1 signal)

T0_s4.D.X1 = T0_s4.Q ; (1 pterm, 1 signal)
T0_s4.D.X2 = T0_s3.Q & T0_s2.Q & T0_s1.Q & T0_s0.Q ; (1 pterm, 4 signals)
T0_s4.C = clock ; (1 pterm, 1 signal)

T0_s5.T = T0_s4.Q & T0_s3.Q & T0_s2.Q & T0_s1.Q & T0_s0.Q ; (1 pterm, 5 signals)
T0_s5.C = clock ; (1 pterm, 1 signal)

T0_s6.T = T0_s5.Q & T0_s4.Q & T0_s3.Q & T0_s2.Q & T0_s1.Q & T0_s0.Q ; (1 pterm, 6 signals)
T0_s6.C = clock ; (1 pterm, 1 signal)

T0_s7.T = T0_s6.Q & T0_s5.Q & T0_s4.Q & T0_s3.Q & T0_s2.Q & T0_s1.Q & T0_s0.Q ; (1 pterm, 7 signals)
T0_s7.C = clock ; (1 pterm, 1 signal)

T0_s8.T = T0_s7.Q & T0_s6.Q & T0_s5.Q & T0_s4.Q & T0_s3.Q & T0_s2.Q & T0_s1.Q
       & T0_s0.Q ; (1 pterm, 8 signals)
T0_s8.C = clock ; (1 pterm, 1 signal)

T0_s9.T = T0_s8.Q & T0_s7.Q & T0_s6.Q & T0_s5.Q & T0_s4.Q & T0_s3.Q & T0_s2.Q
       & T0_s1.Q & T0_s0.Q ; (1 pterm, 9 signals)
T0_s9.C = clock ; (1 pterm, 1 signal)

com1 = q0.Q ; (1 pterm, 1 signal)

q0.D = !hold & !q1.Q & !q0.Q
    # !hold & q1.Q & q0.Q
    # hold & q1.Q & !q0.Q ; (3 pterms, 3 signals)
q0.OE = !oe ; (1 pterm, 1 signal)
q0.C = D0_debounced.Q ; (1 pterm, 1 signal)

q1.D = !( hold & q1.Q & q0.Q
    # !q1.Q & !q0.Q ) ; (2 pterms, 3 signals)
q1.OE = !oe ; (1 pterm, 1 signal)
q1.C = D0_debounced.Q ; (1 pterm, 1 signal)

reg1.D = !hold & !q1.Q & !q0.Q
    # !hold & q1.Q & q0.Q
    # hold & q1.Q & !q0.Q ; (3 pterms, 3 signals)
reg1.OE = !oe ; (1 pterm, 1 signal)
reg1.C = D0_debounced.Q ; (1 pterm, 1 signal)




