|--------------------------------------------------------------|
|- ispLEVER Classic 1.4.01.04.23.l1 Fitter Report File        -|
|- Copyright(C), 1992-2010, Lattice Semiconductor Corporation -|
|- All Rights Reserved.                                       -|
|--------------------------------------------------------------|




The Basic/Detailed Report Format can be selected in the dialog box
Tools->Fitter Report File Format...

Project_Summary
~~~~~~~~~~~~~~~
Project Name         :  mach64board_project
Project Path         :  C:\Users\tmcphillips\Hobbies\MACH64 Projects\ALU\ALU_1
Project Fitted on    :  Sat Dec 10 22:26:51 2011

Device               :  M4064_32
Package              :  48
GLB Input Mux Size   :  10
Available Blocks     :  4
Speed                :  -7.5
Part Number          :  LC4064V-75T48I
Source Format        :  ABEL_Schematic


// Project 'mach64board_project' Fit Successfully! //


Compilation_Times
~~~~~~~~~~~~~~~~~
Prefit Time                     0 secs
Load Design Time                0.05 secs
Partition Time                  0.00 secs
Place Time                      0.00 secs
Route Time                      0.00 secs
Total Fit Time                  00:00:01


Design_Summary
~~~~~~~~~~~~~~
Total Input Pins                12
Total Logic Functions           17
  Total Output Pins             14
  Total Bidir I/O Pins          0
  Total Buried Nodes            3
Total Flip-Flops                0
  Total D Flip-Flops            0
  Total T Flip-Flops            0
  Total Latches                 0
Total Product Terms             62

Total Reserved Pins             0
Total Locked Pins               26
Total Locked Nodes              0

Total Unique Output Enables     0
Total Unique Clocks             0
Total Unique Clock Enables      0
Total Unique Resets             0
Total Unique Presets            0

Fmax Logic Levels               -


Device_Resource_Summary
~~~~~~~~~~~~~~~~~~~~~~~
                                 Device
                                 Total    Used   Not Used   Utilization
-----------------------------------------------------------------------
Dedicated Pins
  Clock/Input Pins                  4        0      4    -->     0
  I/O / Enable Pins                 2        0      2    -->     0
I/O Pins                           30       26      4    -->    86
Logic Functions                    64       17     47    -->    26
  Input Registers                  32        0     32    -->     0

GLB Inputs                        144       42    102    -->    29
Logical Product Terms             320       62    258    -->    19
Occupied GLBs                       4        4      0    -->   100
Macrocells                         64       17     47    -->    26

Control Product Terms:
  GLB Clock/Clock Enables           4        0      4    -->     0
  GLB Reset/Presets                 4        0      4    -->     0
  Macrocell Clocks                 64        0     64    -->     0
  Macrocell Clock Enables          64        0     64    -->     0
  Macrocell Enables                64        0     64    -->     0
  Macrocell Resets                 64        0     64    -->     0
  Macrocell Presets                64        0     64    -->     0

Global Routing Pool               100       15     85    -->    15
  GRP from IFB                     ..       12     ..    -->    ..
    (from input signals)           ..       12     ..    -->    ..
    (from output signals)          ..        0     ..    -->    ..
    (from bidir signals)           ..        0     ..    -->    ..
  GRP from MFB                     ..        3     ..    -->    ..
----------------------------------------------------------------------

<Note> 1 : The available PT is the product term that has not been used.
<Note> 2 : IFB is I/O feedback.
<Note> 3 : MFB is macrocell feedback.



GLB_Resource_Summary
~~~~~~~~~~~~~~~~~~~~
                                                                                     # of PT
               ---  Fanin  ---    I/O    Input  Macrocells       Macrocells   Logic  clusters
             Unique Shared Total  Pins    Regs Used Inaccessible  available    PTs   used
-------------------------------------------------------------------------------------------
Maximum
  GLB                      36      *(1)     8   --     --             16       80       16
-------------------------------------------------------------------------------------------
  GLB    A      8     4    12      7/8      0    8      0              8       15        9
  GLB    B      9     0     9      4/8      0    1      0             15       12        3
  GLB    C      8     0     8      8/8      0    1      0             15       11        3
  GLB    D      3    10    13      7/8      0    7      0              9       24        9
-------------------------------------------------------------------------------------------
TOTALS:        28    14    42     26/32     0   17      0             47       62       24

<Note> 1 : For ispMACH 4000 devices, the number of IOs depends on the GLB.
<Note> 2 : Four rightmost columns above reflect last status of the placement process.



GLB_Control_Summary
~~~~~~~~~~~~~~~~~~~
           Shared Shared | Mcell  Mcell  Mcell  Mcell  Mcell 
           Clk/CE Rst/Pr | Clock  CE     Enable Reset  Preset
------------------------------------------------------------------------------
Maximum
  GLB        1      1        16     16     16     16     16  
==============================================================================
  GLB    A   0      0         0      0      0      0      0
  GLB    B   0      0         0      0      0      0      0
  GLB    C   0      0         0      0      0      0      0
  GLB    D   0      0         0      0      0      0      0
------------------------------------------------------------------------------

<Note> 1 : For ispMACH 4000 devices, the number of output enables depends on the GLB.



Optimizer_and_Fitter_Options
~~~~~~~~~~~~~~~~~~~~~~~~~~~~
Pin Assignment :                       Yes
Group Assignment :                     No
Pin Reservation :                      No

@Ignore_Project_Constraints :
  Pin Assignments :                    No
      Keep Block Assignment            --
      Keep Segment Assignment          --
  Group Assignments :                  No
  Macrocell Assignment :               No
      Keep Block Assignment            --
      Keep Segment Assignment          --

@Backannotate_Project_Constraints
  Pin Assignments :                    No
  Pin And Block Assignments :          No
  Pin, Macrocell and Block :           No

@Timing_Constraints :                  No

@Global_Project_Optimization :
  Balanced Partitioning :              Yes
  Spread Placement :                   Yes

  Note :
    Pack Design :
       Balanced Partitioning = No
       Spread Placement      = No
    Spread Design :
       Balanced Partitioning = Yes
       Spread Placement      = Yes


@Logic_Synthesis :
  Logic Reduction :                    Yes
  Node Collapsing :                    FMAX
  Fmax_Logic_Level :                   1
  D/T Synthesis :                      Yes
  XOR Synthesis :                      Yes
  Max. P-Term for Collapsing :         16
  Max. P-Term for Splitting :          80
  Max Symbols :                        24

@Utilization_options
  Max. % of Macrocells used :          100
@Usercode                               (HEX)
@IO_Types                              Default = LVCMOS18 (2)
@Output_Slew_Rate                      Default = FAST (2)
@Power                                 Default = HIGH (2)
@Pull                                  Default = PULLUP_UP (2)
@Fast_Bypass                           Default = None (2)
@ORP_Bypass                            Default = None
@Input_Registers                       Default = None (2)
@Register_Powerup                      Default = None

Device Options:
<Note> 1 : Reserved unused I/Os can be independently driven to Low or High, and does not
           follow the drive level set for the Global Configure Unused I/O Option.
<Note> 2 : For user-specified constraints on individual signals, refer to the Output,
           Bidir and Buried Signal Lists.



Pinout_Listing
~~~~~~~~~~~~~~
      | Pin   | Bank |GLB |Assigned|                 | Signal|
Pin No| Type  |Number|Pad |Pin     |     I/O Type    | Type  | Signal name
--------------------------------------------------------------------------
1     | TDI   |   -  |    |        |                 |       |
2     |  I_O  |   0  |A10 |    *   |LVCMOS18         | Output|bd0
3     |  I_O  |   0  |A12 |    *   |LVCMOS18         | Output|bd1
4     |  I_O  |   0  |A14 |    *   |LVCMOS18         | Output|bd2
5     |GNDIO0 |   -  |    |        |                 |       |
6     |VCCIO0 |   -  |    |        |                 |       |
7     |  I_O  |   0  |B0  |    *   |LVCMOS18         | Input |op0
8     |  I_O  |   0  |B2  |    *   |LVCMOS18         | Input |op1
9     |  I_O  |   0  |B4  |    *   |LVCMOS18         | Input |op2
10    |  I_O  |   0  |B6  |    *   |LVCMOS18         | Input |op3
11    | TCK   |   -  |    |        |                 |       |
12    | VCC   |   -  |    |        |                 |       |
13    | GND   |   -  |    |        |                 |       |
14    |  I_O  |   0  |B8  |        |                 |       |
15    |  I_O  |   0  |B10 |        |                 |       |
16    |  I_O  |   0  |B12 |        |                 |       |
17    |  I_O  |   0  |B14 |        |                 |       |
18    |INCLK1 |   0  |    |        |                 |       |
19    |INCLK2 |   1  |    |        |                 |       |
20    |  I_O  |   1  |C0  |    *   |LVCMOS18         | Input |b0
21    |  I_O  |   1  |C2  |    *   |LVCMOS18         | Input |b1
22    |  I_O  |   1  |C4  |    *   |LVCMOS18         | Input |b2
23    |  I_O  |   1  |C6  |    *   |LVCMOS18         | Input |b3
24    |  I_O  |   1  |C8  |    *   |LVCMOS18         | Input |a0
25    | TMS   |   -  |    |        |                 |       |
26    |  I_O  |   1  |C10 |    *   |LVCMOS18         | Input |a1
27    |  I_O  |   1  |C12 |    *   |LVCMOS18         | Input |a2
28    |  I_O  |   1  |C14 |    *   |LVCMOS18         | Input |a3
29    |GNDIO1 |   -  |    |        |                 |       |
30    |VCCIO1 |   -  |    |        |                 |       |
31    |  I_O  |   1  |D0  |    *   |LVCMOS18         | Output|c0
32    |  I_O  |   1  |D2  |    *   |LVCMOS18         | Output|c1
33    |  I_O  |   1  |D4  |    *   |LVCMOS18         | Output|c2
34    |  I_O  |   1  |D6  |    *   |LVCMOS18         | Output|c3
35    | TDO   |   -  |    |        |                 |       |
36    | VCC   |   -  |    |        |                 |       |
37    | GND   |   -  |    |        |                 |       |
38    |  I_O  |   1  |D8  |    *   |LVCMOS18         | Output|zf
39    |  I_O  |   1  |D10 |    *   |LVCMOS18         | Output|cf
40    |  I_O  |   1  |D12 |    *   |LVCMOS18         | Output|bd3
41    | I_O/OE|   1  |D14 |        |                 |       |
42    |INCLK3 |   1  |    |        |                 |       |
43    |INCLK0 |   0  |    |        |                 |       |
44    | I_O/OE|   0  |A0  |        |                 |       |
45    |  I_O  |   0  |A2  |    *   |LVCMOS18         | Output|ad0
46    |  I_O  |   0  |A4  |    *   |LVCMOS18         | Output|ad1
47    |  I_O  |   0  |A6  |    *   |LVCMOS18         | Output|ad2
48    |  I_O  |   0  |A8  |    *   |LVCMOS18         | Output|ad3
--------------------------------------------------------------------------

<Note> GLB Pad : This notation refers to the GLB I/O pad number in the device.
<Note> Assigned Pin : user or dedicated input assignment (E.g. Clock pins).
<Note> Pin Type : 
          ClkIn : Dedicated input or clock pin 
           CLK  : Dedicated clock pin
           I_O  : Input/Output pin
           INP  : Dedicated input pin
           JTAG : JTAG Control and test pin
           NC   : No connected



Input_Signal_List
~~~~~~~~~~~~~~~~~
                Input
         Pin    Fanout
 Pin GLB Type           Pullup Signal
-------------------------------------
  24   C  I/O   4 ABCD      Up a0
  26   C  I/O   4 ABCD      Up a1
  27   C  I/O   4 ABCD      Up a2
  28   C  I/O   3 AB-D      Up a3
  20   C  I/O   2 A--D      Up b0
  21   C  I/O   2 A-C-      Up b1
  22   C  I/O   2 AB--      Up b2
  23   C  I/O   2 A--D      Up b3
   7   B  I/O   4 ABCD      Up op0
   8   B  I/O   4 ABCD      Up op1
   9   B  I/O   4 ABCD      Up op2
  10   B  I/O   4 ABCD      Up op3
-------------------------------------



Output_Signal_List
~~~~~~~~~~~~~~~~~~
          I         C      P R P       O Output
          N         L Mc   R E U C O F B Fanout
 Pin GLB  P LL PTs  S Type E S P E E P P         Slew Pullup Signal
-------------------------------------------------------------------
  45   A  1  1   1  1 COM                  ----  Fast     Up ad0
  46   A  1  1   1  1 COM                  ----  Fast     Up ad1
  47   A  1  1   1  1 COM                  ----  Fast     Up ad2
  48   A  1  1   1  1 COM                  ----  Fast     Up ad3
   2   A  1  1   1  1 COM                  ----  Fast     Up bd0
   3   A  1  1   1  1 COM                  ----  Fast     Up bd1
   4   A  1  1   1  1 COM                  ----  Fast     Up bd2
  40   D  1  1   1  1 COM                  ----  Fast     Up bd3
  31   D  7  1   7  2 COM                  ----  Fast     Up c0
  32   D  1  2   1  1 COM                  ----  Fast     Up c1
  33   D  1  2   1  1 COM                  ----  Fast     Up c2
  34   D  1  2   1  1 COM                  ----  Fast     Up c3
  39   D  8  1   4  1 COM                  ----  Fast     Up cf
  38   D 10  2   9  2 COM                  ----  Fast     Up zf
-------------------------------------------------------------------

<Note> CLS = Number of clusters used
       INP = Number of input signals
       PTs = Number of product terms
        LL = Number of logic levels
       PRE = Has preset equation
       RES = Has reset equation
       PUP = Power-Up initial state: R=Reset, S=Set
        CE = Has clock enable equation
        OE = Has output enable equation
        FP = Fast path used
       OBP = ORP bypass used



Bidir_Signal_List
~~~~~~~~~~~~~~~~~
          I         C      P R P       O Bidir
          N         L Mc   R E U C O F B Fanout
 Pin GLB  P LL PTs  S Type E S P E E P P         Slew Pullup Signal
-------------------------------------------------------------------
-------------------------------------------------------------------

<Note> CLS = Number of clusters used
       INP = Number of input signals
       PTs = Number of product terms
        LL = Number of logic levels
       PRE = Has preset equation
       RES = Has reset equation
       PUP = Power-Up initial state: R=Reset, S=Set
        CE = Has clock enable equation
        OE = Has output enable equation
        FP = Fast path used
       OBP = ORP bypass used



Buried_Signal_List
~~~~~~~~~~~~~~~~~~
        I         C      P R P       Node
        N         L Mc   R E U C I F Fanout
Mc GLB  P LL PTs  S Type E S P E R P         Signal
---------------------------------------------------
 4   C  8  -  11  3 COM              1 ---D  G0_C1
 4   B  9  -  12  3 COM              1 ---D  G0_C2
11   A  9  -   8  2 COM              1 ---D  G0_C3
---------------------------------------------------

<Note> CLS = Number of clusters used
       INP = Number of input signals
       PTs = Number of product terms
        LL = Number of logic levels
       PRE = Has preset equation
       RES = Has reset equation
       PUP = Power-Up initial state: R=Reset, S=Set
        CE = Has clock enable equation
        OE = Has output enable equation
        IR = Input register
        FP = Fast path used
       OBP = ORP bypass used



PostFit_Equations
~~~~~~~~~~~~~~~~~
G0_C1.X1 = !op0 & !op1 & !op3 & !a1 & a2
    # op0 & !op1 & !op2 & !op3 & a0 & !a1
    # op0 & op1 & !op2 & !op3 & !a0
    # !op0 & op1 & !op2 & !op3 & a0
    # !op1 & op2 & !op3 & !b1
    # !op0 & !op1 & op2 & !op3
    # op0 & op1 & op2 & !op3 & !a1 & b1
    # !op0 & !op1 & !op3 & a1 & !a2
    # op0 & !op2 & !op3 & !a0 & a1
    # !op0 & op2 & !op3 & a1 & !b1 ; (10 pterms, 8 signals)
G0_C1.X2 = !op3 & !a1 ; (1 pterm, 2 signals)

G0_C2.X1 = !op0 & !op1 & !op2 & !op3 & a3
    # op0 & !op1 & !op2 & !op3 & a1
    # op2 & !op3 & !a2 & !b2
    # !op0 & op2 & !op3 & !a2
    # op0 & !op1 & op2 & !op3 & a2 & b2
    # !op0 & op1 & !op3 & !a1 & !a2
    # op1 & !op2 & !op3 & !a0 & a1 & !a2
    # op0 & op1 & !op2 & !op3 & a0 & !a2
    # op0 & op1 & !op2 & !op3 & !a0 & !a1 & a2
    # !op0 & op1 & !op2 & !op3 & a0 & a1 & a2
    # !op0 & op1 & op2 & !op3 & !b2 ; (11 pterms, 9 signals)
G0_C2.X2 = !op1 & !op3 ; (1 pterm, 2 signals)

G0_C3.X1 = op0 & !op1 & !op2 & !op3 & !a2
    # op0 & !op2 & !op3 & !a0 & !a1 & !a2
    # !op0 & op1 & !op2 & !op3 & a0 & a1 & a2
    # op0 & op2 & !op3 & !a3 & b3
    # !op1 & op2 & !op3 & a3 & !b3
    # !op0 & !op1 & op2 & !op3 & a3
    # !op0 & op2 & !op3 & a3 & !b3 ; (7 pterms, 9 signals)
G0_C3.X2 = op1 & !op3 & !a3 ; (1 pterm, 3 signals)

ad0 = !a0 ; (1 pterm, 1 signal)

ad1 = !a1 ; (1 pterm, 1 signal)

ad2 = !a2 ; (1 pterm, 1 signal)

ad3 = !a3 ; (1 pterm, 1 signal)

bd0 = !b0 ; (1 pterm, 1 signal)

bd1 = !b1 ; (1 pterm, 1 signal)

bd2 = !b2 ; (1 pterm, 1 signal)

bd3 = !b3 ; (1 pterm, 1 signal)

c0.X1 = !op0 & !op1 & !op2 & !op3 & !a1
    # !op0 & op2 & !op3 & !a0
    # op2 & !op3 & !a0 & !b0
    # op0 & !op1 & op2 & !op3 & a0 & b0
    # op1 & !op2 & !op3 & a0
    # !op0 & op1 & !op3 & a0 & !b0 ; (6 pterms, 7 signals)
c0.X2 = !op1 & op2 & !op3 ; (1 pterm, 3 signals)

c1 = G0_C1 ; (1 pterm, 1 signal)

c2 = G0_C2 ; (1 pterm, 1 signal)

c3 = G0_C3 ; (1 pterm, 1 signal)

cf = !op0 & op1 & !op2 & !op3 & a0 & a1 & a2 & a3
    # op0 & !op2 & !op3 & !a0 & !a1 & !a2 & !a3
    # !op0 & !op1 & !op2 & !op3 & !a0
    # op0 & !op1 & !op2 & !op3 & !a3 ; (4 pterms, 8 signals)

zf.X1 = !op0 & !op1 & !op2 & !op3 & !a1 & !G0_C1 & !G0_C2 & !G0_C3
    # op1 & !op2 & !op3 & a0 & !G0_C1 & !G0_C2 & !G0_C3
    # op0 & !op1 & op2 & !op3 & !a0 & b0 & !G0_C1 & !G0_C2 & !G0_C3
    # op1 & op2 & !op3 & !a0 & !b0 & !G0_C1 & !G0_C2 & !G0_C3
    # !op0 & op1 & op2 & !op3 & !a0 & !G0_C1 & !G0_C2 & !G0_C3
    # !op1 & op2 & !op3 & a0 & !b0 & !G0_C1 & !G0_C2 & !G0_C3
    # !op0 & op2 & !op3 & a0 & !b0 & !G0_C1 & !G0_C2 & !G0_C3
    # !op0 & !op1 & op2 & !op3 & a0 & !G0_C1 & !G0_C2 & !G0_C3 ; (8 pterms, 10 signals)
zf.X2 = !G0_C1 & !G0_C2 & !G0_C3 ; (1 pterm, 3 signals)




