|--------------------------------------------------------------|
|- ispLEVER Classic 1.4.01.04.23.l1 Fitter Report File        -|
|- Copyright(C), 1992-2010, Lattice Semiconductor Corporation -|
|- All Rights Reserved.                                       -|
|--------------------------------------------------------------|




The Basic/Detailed Report Format can be selected in the dialog box
Tools->Fitter Report File Format...

Project_Summary
~~~~~~~~~~~~~~~
Project Name         :  mach64board_project
Project Path         :  C:\Users\tmcphillips\Hobbies\MACH64 Projects\7.5.Lab05\DIPsTo7SegmentDisplay
Project Fitted on    :  Mon Jan 16 15:13:00 2012

Device               :  M4064_32
Package              :  48
GLB Input Mux Size   :  10
Available Blocks     :  4
Speed                :  -7.5
Part Number          :  LC4064V-75T48I
Source Format        :  ABEL_Schematic


// Project 'mach64board_project' Fit Successfully! //


Compilation_Times
~~~~~~~~~~~~~~~~~
Prefit Time                     0 secs
Load Design Time                0.03 secs
Partition Time                  0.01 secs
Place Time                      0.00 secs
Route Time                      0.00 secs
Total Fit Time                  00:00:01


Design_Summary
~~~~~~~~~~~~~~
Total Input Pins                6
Total Logic Functions           7
  Total Output Pins             0
  Total Bidir I/O Pins          7
  Total Buried Nodes            0
Total Flip-Flops                0
  Total D Flip-Flops            0
  Total T Flip-Flops            0
  Total Latches                 0
Total Product Terms             44

Total Reserved Pins             0
Total Locked Pins               13
Total Locked Nodes              0

Total Unique Output Enables     1
Total Unique Clocks             0
Total Unique Clock Enables      0
Total Unique Resets             0
Total Unique Presets            0

Fmax Logic Levels               -


Device_Resource_Summary
~~~~~~~~~~~~~~~~~~~~~~~
                                 Device
                                 Total    Used   Not Used   Utilization
-----------------------------------------------------------------------
Dedicated Pins
  Clock/Input Pins                  4        0      4    -->     0
  I/O / Enable Pins                 2        0      2    -->     0
I/O Pins                           30       13     17    -->    43
Logic Functions                    64        7     57    -->    10
  Input Registers                  32        0     32    -->     0

GLB Inputs                        144        6    138    -->     4
Logical Product Terms             320       37    283    -->    11
Occupied GLBs                       4        3      1    -->    75
Macrocells                         64        7     57    -->    10

Control Product Terms:
  GLB Clock/Clock Enables           4        0      4    -->     0
  GLB Reset/Presets                 4        0      4    -->     0
  Macrocell Clocks                 64        0     64    -->     0
  Macrocell Clock Enables          64        0     64    -->     0
  Macrocell Enables                64        0     64    -->     0
  Macrocell Resets                 64        0     64    -->     0
  Macrocell Presets                64        0     64    -->     0

Global Routing Pool               100        6     94    -->     6
  GRP from IFB                     ..        6     ..    -->    ..
    (from input signals)           ..        6     ..    -->    ..
    (from output signals)          ..        0     ..    -->    ..
    (from bidir signals)           ..        0     ..    -->    ..
  GRP from MFB                     ..        0     ..    -->    ..
----------------------------------------------------------------------

<Note> 1 : The available PT is the product term that has not been used.
<Note> 2 : IFB is I/O feedback.
<Note> 3 : MFB is macrocell feedback.



GLB_Resource_Summary
~~~~~~~~~~~~~~~~~~~~
                                                                                     # of PT
               ---  Fanin  ---    I/O    Input  Macrocells       Macrocells   Logic  clusters
             Unique Shared Total  Pins    Regs Used Inaccessible  available    PTs   used
-------------------------------------------------------------------------------------------
Maximum
  GLB                      36      *(1)     8   --     --             16       80       16
-------------------------------------------------------------------------------------------
  GLB    A      0     0     0      0/8      0    0      0             16        0        0
  GLB    B      1     0     1      4/8      0    0      0             16        0        0
  GLB    C      0     5     5      8/8      0    7      0              9       37       10
  GLB    D      0     0     0      1/8      0    0      0             16        0        0
-------------------------------------------------------------------------------------------
TOTALS:         1     5     6     13/32     0    7      0             57       37       10

<Note> 1 : For ispMACH 4000 devices, the number of IOs depends on the GLB.
<Note> 2 : Four rightmost columns above reflect last status of the placement process.



GLB_Control_Summary
~~~~~~~~~~~~~~~~~~~
           Shared Shared | Mcell  Mcell  Mcell  Mcell  Mcell 
           Clk/CE Rst/Pr | Clock  CE     Enable Reset  Preset
------------------------------------------------------------------------------
Maximum
  GLB        1      1        16     16     16     16     16  
==============================================================================
  GLB    A   0      0         0      0      0      0      0
  GLB    B   0      0         0      0      0      0      0
  GLB    C   0      0         0      0      0      0      0
  GLB    D   0      0         0      0      0      0      0
------------------------------------------------------------------------------

<Note> 1 : For ispMACH 4000 devices, the number of output enables depends on the GLB.



Optimizer_and_Fitter_Options
~~~~~~~~~~~~~~~~~~~~~~~~~~~~
Pin Assignment :                       Yes
Group Assignment :                     No
Pin Reservation :                      No

@Ignore_Project_Constraints :
  Pin Assignments :                    No
      Keep Block Assignment            --
      Keep Segment Assignment          --
  Group Assignments :                  No
  Macrocell Assignment :               No
      Keep Block Assignment            --
      Keep Segment Assignment          --

@Backannotate_Project_Constraints
  Pin Assignments :                    No
  Pin And Block Assignments :          No
  Pin, Macrocell and Block :           No

@Timing_Constraints :                  No

@Global_Project_Optimization :
  Balanced Partitioning :              Yes
  Spread Placement :                   Yes

  Note :
    Pack Design :
       Balanced Partitioning = No
       Spread Placement      = No
    Spread Design :
       Balanced Partitioning = Yes
       Spread Placement      = Yes


@Logic_Synthesis :
  Logic Reduction :                    Yes
  Node Collapsing :                    FMAX
  Fmax_Logic_Level :                   1
  D/T Synthesis :                      Yes
  XOR Synthesis :                      Yes
  Max. P-Term for Collapsing :         16
  Max. P-Term for Splitting :          80
  Max Symbols :                        24

@Utilization_options
  Max. % of Macrocells used :          100
@Usercode                               (HEX)
@IO_Types                              Default = LVCMOS18 (2)
@Output_Slew_Rate                      Default = FAST (2)
@Power                                 Default = HIGH (2)
@Pull                                  Default = PULLUP_UP (2)
@Fast_Bypass                           Default = None (2)
@ORP_Bypass                            Default = None
@Input_Registers                       Default = None (2)
@Register_Powerup                      Default = None

Device Options:
<Note> 1 : Reserved unused I/Os can be independently driven to Low or High, and does not
           follow the drive level set for the Global Configure Unused I/O Option.
<Note> 2 : For user-specified constraints on individual signals, refer to the Output,
           Bidir and Buried Signal Lists.



Pinout_Listing
~~~~~~~~~~~~~~
      | Pin   | Bank |GLB |Assigned|                 | Signal|
Pin No| Type  |Number|Pad |Pin     |     I/O Type    | Type  | Signal name
----------------------------------------------------------------------------
1     | TDI   |   -  |    |        |                 |       |
2     |  I_O  |   0  |A10 |        |                 |       |
3     |  I_O  |   0  |A12 |        |                 |       |
4     |  I_O  |   0  |A14 |        |                 |       |
5     |GNDIO0 |   -  |    |        |                 |       |
6     |VCCIO0 |   -  |    |        |                 |       |
7     |  I_O  |   0  |B0  |        |                 |       |
8     |  I_O  |   0  |B2  |        |                 |       |
9     |  I_O  |   0  |B4  |        |                 |       |
10    |  I_O  |   0  |B6  |        |                 |       |
11    | TCK   |   -  |    |        |                 |       |
12    | VCC   |   -  |    |        |                 |       |
13    | GND   |   -  |    |        |                 |       |
14    |  I_O  |   0  |B8  |    *   |LVCMOS18         | Input |d3
15    |  I_O  |   0  |B10 |    *   |LVCMOS18         | Input |d2
16    |  I_O  |   0  |B12 |    *   |LVCMOS18         | Input |d1
17    |  I_O  |   0  |B14 |    *   |LVCMOS18         | Input |d0
18    |INCLK1 |   0  |    |        |                 |       |
19    |INCLK2 |   1  |    |        |                 |       |
20    |  I_O  |   1  |C0  |    *   |LVCMOS18         |Tri-Out|a
21    |  I_O  |   1  |C2  |    *   |LVCMOS18         |Tri-Out|b
22    |  I_O  |   1  |C4  |    *   |LVCMOS18         |Tri-Out|c
23    |  I_O  |   1  |C6  |    *   |LVCMOS18         |Tri-Out|d
24    |  I_O  |   1  |C8  |    *   |LVCMOS18         |Tri-Out|e
25    | TMS   |   -  |    |        |                 |       |
26    |  I_O  |   1  |C10 |    *   |LVCMOS18         |Tri-Out|f
27    |  I_O  |   1  |C12 |    *   |LVCMOS18         |Tri-Out|g
28    |  I_O  |   1  |C14 |    *   |LVCMOS18         | Input |enableDisplay
29    |GNDIO1 |   -  |    |        |                 |       |
30    |VCCIO1 |   -  |    |        |                 |       |
31    |  I_O  |   1  |D0  |    *   |LVCMOS18         | Input |enableHex
32    |  I_O  |   1  |D2  |        |                 |       |
33    |  I_O  |   1  |D4  |        |                 |       |
34    |  I_O  |   1  |D6  |        |                 |       |
35    | TDO   |   -  |    |        |                 |       |
36    | VCC   |   -  |    |        |                 |       |
37    | GND   |   -  |    |        |                 |       |
38    |  I_O  |   1  |D8  |        |                 |       |
39    |  I_O  |   1  |D10 |        |                 |       |
40    |  I_O  |   1  |D12 |        |                 |       |
41    | I_O/OE|   1  |D14 |        |                 |       |
42    |INCLK3 |   1  |    |        |                 |       |
43    |INCLK0 |   0  |    |        |                 |       |
44    | I_O/OE|   0  |A0  |        |                 |       |
45    |  I_O  |   0  |A2  |        |                 |       |
46    |  I_O  |   0  |A4  |        |                 |       |
47    |  I_O  |   0  |A6  |        |                 |       |
48    |  I_O  |   0  |A8  |        |                 |       |
----------------------------------------------------------------------------

<Note> GLB Pad : This notation refers to the GLB I/O pad number in the device.
<Note> Assigned Pin : user or dedicated input assignment (E.g. Clock pins).
<Note> Pin Type : 
          ClkIn : Dedicated input or clock pin 
           CLK  : Dedicated clock pin
           I_O  : Input/Output pin
           INP  : Dedicated input pin
           JTAG : JTAG Control and test pin
           NC   : No connected



Input_Signal_List
~~~~~~~~~~~~~~~~~
                Input
         Pin    Fanout
 Pin GLB Type           Pullup Signal
--------------------------------------------
  17   B  I/O   1 --C-      Up d0
  16   B  I/O   1 --C-      Up d1
  15   B  I/O   1 --C-      Up d2
  14   B  I/O   1 --C-      Up d3
  28   C  I/O   1 -B--      Up enableDisplay
  31   D  I/O   1 --C-      Up enableHex
--------------------------------------------



Output_Signal_List
~~~~~~~~~~~~~~~~~~
          I         C      P R P       O Output
          N         L Mc   R E U C O F B Fanout
 Pin GLB  P LL PTs  S Type E S P E E P P         Slew Pullup Signal
-------------------------------------------------------------------
  20   C  5  1   6  2 COM          *       ----  Fast     Up a
  21   C  5  1   6  2 COM          *       ----  Fast     Up b
  22   C  5  1   5  1 COM          *       ----  Fast     Up c
  23   C  5  1   6  2 COM          *       ----  Fast     Up d
  24   C  5  1   4  1 COM          *       ----  Fast     Up e
  26   C  5  1   5  1 COM          *       ----  Fast     Up f
  27   C  5  1   5  1 COM          *       ----  Fast     Up g
-------------------------------------------------------------------

<Note> CLS = Number of clusters used
       INP = Number of input signals
       PTs = Number of product terms
        LL = Number of logic levels
       PRE = Has preset equation
       RES = Has reset equation
       PUP = Power-Up initial state: R=Reset, S=Set
        CE = Has clock enable equation
        OE = Has output enable equation
        FP = Fast path used
       OBP = ORP bypass used



Bidir_Signal_List
~~~~~~~~~~~~~~~~~
          I         C      P R P       O Bidir
          N         L Mc   R E U C O F B Fanout
 Pin GLB  P LL PTs  S Type E S P E E P P         Slew Pullup Signal
-------------------------------------------------------------------
-------------------------------------------------------------------

<Note> CLS = Number of clusters used
       INP = Number of input signals
       PTs = Number of product terms
        LL = Number of logic levels
       PRE = Has preset equation
       RES = Has reset equation
       PUP = Power-Up initial state: R=Reset, S=Set
        CE = Has clock enable equation
        OE = Has output enable equation
        FP = Fast path used
       OBP = ORP bypass used



Buried_Signal_List
~~~~~~~~~~~~~~~~~~
        I         C      P R P       Node
        N         L Mc   R E U C I F Fanout
Mc GLB  P LL PTs  S Type E S P E R P         Signal
---------------------------------------------------
--   B  1   1  0 PTOE             ----     g.OE
---------------------------------------------------

<Note> CLS = Number of clusters used
       INP = Number of input signals
       PTs = Number of product terms
        LL = Number of logic levels
       PRE = Has preset equation
       RES = Has reset equation
       PUP = Power-Up initial state: R=Reset, S=Set
        CE = Has clock enable equation
        OE = Has output enable equation
        IR = Input register
        FP = Fast path used
       OBP = ORP bypass used



PostFit_Equations
~~~~~~~~~~~~~~~~~
a = d0 & d2 & d3
    # d1 & d2 & !d3
    # !d0 & !d2 & d3
    # !d1 & !d2 & !enableHex
    # d0 & !d3 & !enableHex
    # !d1 & d3 ; (6 pterms, 5 signals)
a.OE = !enableDisplay ; (1 pterm, 1 signal)

b = !d0 & d1 & !d3 & !enableHex
    # !d0 & !d1 & d3
    # d0 & d2 & !enableHex
    # d0 & d1 & d3
    # d1 & d2
    # d2 & d3 ; (6 pterms, 5 signals)
b.OE = !enableDisplay ; (1 pterm, 1 signal)

c = d2 & !d3 & !enableHex
    # !d2 & d3
    # d1 & d2
    # !d0 & d3
    # !d0 & d1 & !enableHex ; (5 pterms, 5 signals)
c.OE = !enableDisplay ; (1 pterm, 1 signal)

d = !( d0 & !d1 & d2 & !d3
    # !d0 & d1 & d2 & d3
    # d0 & d1 & !d2 & d3
    # !d0 & !d1 & !d2
    # !d1 & !d3 & enableHex
    # !d2 & !d3 & enableHex ) ; (6 pterms, 5 signals)
d.OE = !enableDisplay ; (1 pterm, 1 signal)

e = d0 & d1 & d2
    # d0 & !d1 & d3
    # !d2 & !d3 & !enableHex
    # !d1 & !d3 & !enableHex ; (4 pterms, 5 signals)
e.OE = !enableDisplay ; (1 pterm, 1 signal)

f.X1 = d0 & !d2 & d3
    # !d0 & d1 & d3
    # !d1 & !d3 & !enableHex
    # d0 & d1 & !d2 & !enableHex ; (4 pterms, 5 signals)
f.X2 = d1 & d2 ; (1 pterm, 2 signals)
f.OE = !enableDisplay ; (1 pterm, 1 signal)

g = !( d0 & d1 & !d2 & !d3
    # !d0 & !d1 & !d2 & d3
    # d1 & d2 & d3
    # !d1 & !d3 & enableHex
    # !d2 & !d3 & enableHex ) ; (5 pterms, 5 signals)
g.OE = !enableDisplay ; (1 pterm, 1 signal)




