|--------------------------------------------------------------|
|- ispLEVER Classic 1.5.00.05.39.l1 Fitter Report File        -|
|- Copyright(C), 1992-2011, Lattice Semiconductor Corporation -|
|- All Rights Reserved.                                       -|
|--------------------------------------------------------------|




The Basic/Detailed Report Format can be selected in the dialog box
Tools->Fitter Report File Format...

Project_Summary
~~~~~~~~~~~~~~~
Project Name         :  mach64_verilog_project
Project Path         :  C:\Users\tmcphillips\Designs\Projects\MACH64\VerilogHDL\7.3Lab03\05_FourBitCounterWithLoad
Project Fitted on    :  Mon Jan 23 11:20:01 2012

Device               :  M4064_32
Package              :  48
GLB Input Mux Size   :  10
Available Blocks     :  4
Speed                :  -7.5
Part Number          :  LC4064V-75T48I
Source Format        :  Pure_Verilog_HDL


// Project 'mach64_verilog_project' Fit Successfully! //


Compilation_Times
~~~~~~~~~~~~~~~~~
Prefit Time                     0 secs
Load Design Time                0.05 secs
Partition Time                  0.03 secs
Place Time                      0.00 secs
Route Time                      0.00 secs
Total Fit Time                  00:00:01


Design_Summary
~~~~~~~~~~~~~~
Total Input Pins                9
Total Logic Functions           26
  Total Output Pins             4
  Total Bidir I/O Pins          0
  Total Buried Nodes            22
Total Flip-Flops                22
  Total D Flip-Flops            18
  Total T Flip-Flops            4
  Total Latches                 0
Total Product Terms             80

Total Reserved Pins             0
Total Locked Pins               13
Total Locked Nodes              0

Total Unique Output Enables     0
Total Unique Clocks             11
Total Unique Clock Enables      1
Total Unique Resets             4
Total Unique Presets            4

Fmax Logic Levels               1


Device_Resource_Summary
~~~~~~~~~~~~~~~~~~~~~~~
                                 Device
                                 Total    Used   Not Used   Utilization
-----------------------------------------------------------------------
Dedicated Pins
  Clock/Input Pins                  4        1      3    -->    25
  I/O / Enable Pins                 2        0      2    -->     0
I/O Pins                           30       12     18    -->    40
Logic Functions                    64       26     38    -->    40
  Input Registers                  32        0     32    -->     0

GLB Inputs                        144       53     91    -->    36
Logical Product Terms             320       67    253    -->    20
Occupied GLBs                       4        4      0    -->   100
Macrocells                         64       26     38    -->    40

Control Product Terms:
  GLB Clock/Clock Enables           4        4      0    -->   100
  GLB Reset/Presets                 4        0      4    -->     0
  Macrocell Clocks                 64        9     55    -->    14
  Macrocell Clock Enables          64        2     62    -->     3
  Macrocell Enables                64        0     64    -->     0
  Macrocell Resets                 64        4     60    -->     6
  Macrocell Presets                64        4     60    -->     6

Global Routing Pool               100       33     67    -->    33
  GRP from IFB                     ..        8     ..    -->    ..
    (from input signals)           ..        8     ..    -->    ..
    (from output signals)          ..        0     ..    -->    ..
    (from bidir signals)           ..        0     ..    -->    ..
  GRP from MFB                     ..       25     ..    -->    ..
----------------------------------------------------------------------

<Note> 1 : The available PT is the product term that has not been used.
<Note> 2 : IFB is I/O feedback.
<Note> 3 : MFB is macrocell feedback.



GLB_Resource_Summary
~~~~~~~~~~~~~~~~~~~~
                                                                                     # of PT
               ---  Fanin  ---    I/O    Input  Macrocells       Macrocells   Logic  clusters
             Unique Shared Total  Pins    Regs Used Inaccessible  available    PTs   used
-------------------------------------------------------------------------------------------
Maximum
  GLB                      36      *(1)     8   --     --             16       80       16
-------------------------------------------------------------------------------------------
  GLB    A      2     7     9      0/8      0    4      0             12        9        4
  GLB    B      6    12    18      4/8      0   13      0              3       26       13
  GLB    C      1     5     6      4/8      0    3      0             13        8        3
  GLB    D      9    11    20      4/8      0    6      0             10       24        6
-------------------------------------------------------------------------------------------
TOTALS:        18    35    53     12/32     0   26      0             38       67       26

<Note> 1 : For ispMACH 4000 devices, the number of IOs depends on the GLB.
<Note> 2 : Four rightmost columns above reflect last status of the placement process.



GLB_Control_Summary
~~~~~~~~~~~~~~~~~~~
           Shared Shared | Mcell  Mcell  Mcell  Mcell  Mcell 
           Clk/CE Rst/Pr | Clock  CE     Enable Reset  Preset
------------------------------------------------------------------------------
Maximum
  GLB        1      1        16     16     16     16     16  
==============================================================================
  GLB    A   1      0         0      0      0      0      0
  GLB    B   1      0         9      0      0      0      0
  GLB    C   1      0         0      0      0      0      0
  GLB    D   1      0         0      2      0      4      4
------------------------------------------------------------------------------

<Note> 1 : For ispMACH 4000 devices, the number of output enables depends on the GLB.



Optimizer_and_Fitter_Options
~~~~~~~~~~~~~~~~~~~~~~~~~~~~
Pin Assignment :                       Yes
Group Assignment :                     No
Pin Reservation :                      No

@Ignore_Project_Constraints :
  Pin Assignments :                    No
      Keep Block Assignment            --
      Keep Segment Assignment          --
  Group Assignments :                  No
  Macrocell Assignment :               No
      Keep Block Assignment            --
      Keep Segment Assignment          --

@Backannotate_Project_Constraints
  Pin Assignments :                    No
  Pin And Block Assignments :          No
  Pin, Macrocell and Block :           No

@Timing_Constraints :                  No

@Global_Project_Optimization :
  Balanced Partitioning :              Yes
  Spread Placement :                   Yes

  Note :
    Pack Design :
       Balanced Partitioning = No
       Spread Placement      = No
    Spread Design :
       Balanced Partitioning = Yes
       Spread Placement      = Yes


@Logic_Synthesis :
  Logic Reduction :                    Yes
  Node Collapsing :                    FMAX
  Fmax_Logic_Level :                   1
  D/T Synthesis :                      Yes
  XOR Synthesis :                      Yes
  Max. P-Term for Collapsing :         16
  Max. P-Term for Splitting :          80
  Max Symbols :                        24

@Utilization_options
  Max. % of Macrocells used :          100
@Usercode                               (HEX)
@IO_Types                              Default = LVCMOS18 (2)
@Output_Slew_Rate                      Default = FAST (2)
@Power                                 Default = HIGH (2)
@Pull                                  Default = PULLUP_UP (2)
@Fast_Bypass                           Default = None (2)
@ORP_Bypass                            Default = None
@Input_Registers                       Default = None (2)
@Register_Powerup                      Default = None

Device Options:
<Note> 1 : Reserved unused I/Os can be independently driven to Low or High, and does not
           follow the drive level set for the Global Configure Unused I/O Option.
<Note> 2 : For user-specified constraints on individual signals, refer to the Output,
           Bidir and Buried Signal Lists.



Pinout_Listing
~~~~~~~~~~~~~~
      | Pin   | Bank |GLB |Assigned|                 | Signal|
Pin No| Type  |Number|Pad |Pin     |     I/O Type    | Type  | Signal name
-------------------------------------------------------------------------------------------
1     | TDI   |   -  |    |        |                 |       |
2     |  I_O  |   0  |A10 |        |                 |       |
3     |  I_O  |   0  |A12 |        |                 |       |
4     |  I_O  |   0  |A14 |        |                 |       |
5     |GNDIO0 |   -  |    |        |                 |       |
6     |VCCIO0 |   -  |    |        |                 |       |
7     |  I_O  |   0  |B0  |        |                 |       |
8     |  I_O  |   0  |B2  |        |                 |       |
9     |  I_O  |   0  |B4  |        |                 |       |
10    |  I_O  |   0  |B6  |        |                 |       |
11    | TCK   |   -  |    |        |                 |       |
12    | VCC   |   -  |    |        |                 |       |
13    | GND   |   -  |    |        |                 |       |
14    |  I_O  |   0  |B8  |    *   |LVCMOS18         | Input |dipSwitches_n_3_
15    |  I_O  |   0  |B10 |    *   |LVCMOS18         | Input |dipSwitches_n_2_
16    |  I_O  |   0  |B12 |    *   |LVCMOS18         | Input |dipSwitches_n_1_
17    |  I_O  |   0  |B14 |    *   |LVCMOS18         | Input |dipSwitches_n_0_
18    |INCLK1 |   0  |    |        |                 |       |
19    |INCLK2 |   1  |    |        |                 |       |
20    |  I_O  |   1  |C0  |        |                 |       |
21    |  I_O  |   1  |C2  |    *   |LVCMOS18         | Input |resetButton_n
22    |  I_O  |   1  |C4  |    *   |LVCMOS18         | Input |loadButton_n
23    |  I_O  |   1  |C6  |    *   |LVCMOS18         | Input |downButton_n
24    |  I_O  |   1  |C8  |    *   |LVCMOS18         | Input |upButton_n
25    | TMS   |   -  |    |        |                 |       |
26    |  I_O  |   1  |C10 |        |                 |       |
27    |  I_O  |   1  |C12 |        |                 |       |
28    |  I_O  |   1  |C14 |        |                 |       |
29    |GNDIO1 |   -  |    |        |                 |       |
30    |VCCIO1 |   -  |    |        |                 |       |
31    |  I_O  |   1  |D0  |    *   |LVCMOS18         | Output|counter_0_
32    |  I_O  |   1  |D2  |    *   |LVCMOS18         | Output|counter_1_
33    |  I_O  |   1  |D4  |    *   |LVCMOS18         | Output|counter_2_
34    |  I_O  |   1  |D6  |    *   |LVCMOS18         | Output|counter_3_
35    | TDO   |   -  |    |        |                 |       |
36    | VCC   |   -  |    |        |                 |       |
37    | GND   |   -  |    |        |                 |       |
38    |  I_O  |   1  |D8  |        |                 |       |
39    |  I_O  |   1  |D10 |        |                 |       |
40    |  I_O  |   1  |D12 |        |                 |       |
41    | I_O/OE|   1  |D14 |        |                 |       |
42    |INCLK3 |   1  |    |    *   |LVCMOS18         | Input |oneMHzClock
43    |INCLK0 |   0  |    |        |                 |       |
44    | I_O/OE|   0  |A0  |        |                 |       |
45    |  I_O  |   0  |A2  |        |                 |       |
46    |  I_O  |   0  |A4  |        |                 |       |
47    |  I_O  |   0  |A6  |        |                 |       |
48    |  I_O  |   0  |A8  |        |                 |       |
-------------------------------------------------------------------------------------------

<Note> GLB Pad : This notation refers to the GLB I/O pad number in the device.
<Note> Assigned Pin : user or dedicated input assignment (E.g. Clock pins).
<Note> Pin Type : 
          ClkIn : Dedicated input or clock pin 
           CLK  : Dedicated clock pin
           I_O  : Input/Output pin
           INP  : Dedicated input pin
           JTAG : JTAG Control and test pin
           NC   : No connected



Input_Signal_List
~~~~~~~~~~~~~~~~~
                Input
         Pin    Fanout
 Pin GLB Type           Pullup Signal
-----------------------------------------------
  17   B  I/O   2 A--D      Up dipSwitches_n_0_
  16   B  I/O   2 A--D      Up dipSwitches_n_1_
  15   B  I/O   2 -B-D      Up dipSwitches_n_2_
  14   B  I/O   2 -B-D      Up dipSwitches_n_3_
  23   C  I/O   1 --C-      Up downButton_n
  22   C  I/O   3 AB-D      Up loadButton_n
  42  -- INCLK    ----      Up oneMHzClock
  21   C  I/O   3 AB-D      Up resetButton_n
  24   C  I/O   2 AB--      Up upButton_n
-----------------------------------------------



Output_Signal_List
~~~~~~~~~~~~~~~~~~
          I         C      P R P       O Output
          N         L Mc   R E U C O F B Fanout
 Pin GLB  P LL PTs  S Type E S P E E P P         Slew Pullup Signal
-----------------------------------------------------------------------
  31   D 11  1   4  1 TFF  * * R         1 ---D  Fast     Up counter_0_
  32   D 12  1   5  1 TFF  * * R         1 ---D  Fast     Up counter_1_
  33   D 13  1   5  1 TFF  * * R         1 ---D  Fast     Up counter_2_
  34   D 14  1   5  1 TFF  * * R           ----  Fast     Up counter_3_
-----------------------------------------------------------------------

<Note> CLS = Number of clusters used
       INP = Number of input signals
       PTs = Number of product terms
        LL = Number of logic levels
       PRE = Has preset equation
       RES = Has reset equation
       PUP = Power-Up initial state: R=Reset, S=Set
        CE = Has clock enable equation
        OE = Has output enable equation
        FP = Fast path used
       OBP = ORP bypass used



Bidir_Signal_List
~~~~~~~~~~~~~~~~~
          I         C      P R P       O Bidir
          N         L Mc   R E U C O F B Fanout
 Pin GLB  P LL PTs  S Type E S P E E P P         Slew Pullup Signal
-------------------------------------------------------------------
-------------------------------------------------------------------

<Note> CLS = Number of clusters used
       INP = Number of input signals
       PTs = Number of product terms
        LL = Number of logic levels
       PRE = Has preset equation
       RES = Has reset equation
       PUP = Power-Up initial state: R=Reset, S=Set
        CE = Has clock enable equation
        OE = Has output enable equation
        FP = Fast path used
       OBP = ORP bypass used



Buried_Signal_List
~~~~~~~~~~~~~~~~~~
        I         C      P R P       Node
        N         L Mc   R E U C I F Fanout
Mc GLB  P LL PTs  S Type E S P E R P         Signal
-------------------------------------------------------------------------
10   A  3  -   2  1 COM              1 ---D  counter_0__0
 6   A  3  -   2  1 COM              1 ---D  counter_1__0
11   B  3  -   2  1 COM              1 ---D  counter_2__0
10   B  3  -   2  1 COM              1 ---D  counter_3__0
 2   B  2  1   2  1 DFF      R       1 -B--  u1rs_u1rc_genblk1_0__uitff_q
 3   B  2  1   2  1 DFF      R       1 -B--  u1rs_u1rc_genblk1_1__uitff_q
 4   B  2  1   2  1 DFF      R       1 -B--  u1rs_u1rc_genblk1_2__uitff_q
 5   B  2  1   2  1 DFF      R       1 -B--  u1rs_u1rc_genblk1_3__uitff_q
 6   B  2  1   2  1 DFF      R       1 -B--  u1rs_u1rc_genblk1_4__uitff_q
 7   B  2  1   2  1 DFF      R       1 -B--  u1rs_u1rc_genblk1_5__uitff_q
 8   B  2  1   2  1 DFF      R       1 -B--  u1rs_u1rc_genblk1_6__uitff_q
 9   B  2  1   2  1 DFF      R       1 -B--  u1rs_u1rc_genblk1_7__uitff_q
 1   B  2  1   2  1 DFF      R       4 ABCD  u1rs_u1rc_genblk1_8__uitff_q
13   B  1  1   1  1 DFF      R       1 -B--  u1rs_u1rc_u0tff_q
 0   B  5  1   3  1 DFF      R       3 AB-D  u2bpd_state_0_
 1   A  5  1   3  1 DFF      R       1 A---  u2bpd_state_1_
 3   A  5  1   2  1 DFF      R       3 AB-D  u2bpd_state_2_
 2   C  5  1   3  1 DFF      R       2 --CD  u3bpd_state_0_
 5   C  5  1   3  1 DFF      R       1 --C-  u3bpd_state_1_
10   C  5  1   2  1 DFF      R       2 --CD  u3bpd_state_2_
12   D  7  1   2  1 DFF      R *     2 -B-D  u4udc_state_0_
 9   D  9  1   3  1 DFF      R *     2 --CD  u4udc_state_1_
-------------------------------------------------------------------------

<Note> CLS = Number of clusters used
       INP = Number of input signals
       PTs = Number of product terms
        LL = Number of logic levels
       PRE = Has preset equation
       RES = Has reset equation
       PUP = Power-Up initial state: R=Reset, S=Set
        CE = Has clock enable equation
        OE = Has output enable equation
        IR = Input register
        FP = Fast path used
       OBP = ORP bypass used



PostFit_Equations
~~~~~~~~~~~~~~~~~
counter_0_.T = !u4udc_state_0_.Q & !u4udc_state_1_.Q & !u3bpd_state_0_.Q
       & u3bpd_state_2_.Q
    # !u4udc_state_0_.Q & !u4udc_state_1_.Q & !u2bpd_state_0_.Q
       & u2bpd_state_2_.Q ; (2 pterms, 6 signals)
counter_0_.C = u1rs_u1rc_genblk1_8__uitff_q.Q ; (1 pterm, 1 signal)
counter_0_.AR = counter_0__0 ; (1 pterm, 1 signal)
counter_0_.AP = !loadButton_n & resetButton_n & !dipSwitches_n_0_ ; (1 pterm, 3 signals)

counter_0__0 = !resetButton_n
    # !loadButton_n & dipSwitches_n_0_ ; (2 pterms, 3 signals)

counter_1_.T = counter_0_.Q & !u4udc_state_0_.Q & !u4udc_state_1_.Q
       & !u2bpd_state_0_.Q & u2bpd_state_2_.Q
    # !counter_0_.Q & !u4udc_state_0_.Q & !u4udc_state_1_.Q
       & !u3bpd_state_0_.Q & u3bpd_state_2_.Q & !u2bpd_state_2_.Q
    # !counter_0_.Q & !u4udc_state_0_.Q & !u4udc_state_1_.Q
       & !u3bpd_state_0_.Q & u3bpd_state_2_.Q & u2bpd_state_0_.Q ; (3 pterms, 7 signals)
counter_1_.C = u1rs_u1rc_genblk1_8__uitff_q.Q ; (1 pterm, 1 signal)
counter_1_.AR = counter_1__0 ; (1 pterm, 1 signal)
counter_1_.AP = !loadButton_n & resetButton_n & !dipSwitches_n_1_ ; (1 pterm, 3 signals)

counter_1__0 = !resetButton_n
    # !loadButton_n & dipSwitches_n_1_ ; (2 pterms, 3 signals)

counter_2_.T = counter_1_.Q & counter_0_.Q & !u4udc_state_0_.Q
       & !u4udc_state_1_.Q & !u2bpd_state_0_.Q & u2bpd_state_2_.Q
    # !counter_1_.Q & !counter_0_.Q & !u4udc_state_0_.Q & !u4udc_state_1_.Q
       & !u3bpd_state_0_.Q & u3bpd_state_2_.Q & !u2bpd_state_2_.Q
    # !counter_1_.Q & !counter_0_.Q & !u4udc_state_0_.Q & !u4udc_state_1_.Q
       & !u3bpd_state_0_.Q & u3bpd_state_2_.Q & u2bpd_state_0_.Q ; (3 pterms, 8 signals)
counter_2_.C = u1rs_u1rc_genblk1_8__uitff_q.Q ; (1 pterm, 1 signal)
counter_2_.AR = counter_2__0 ; (1 pterm, 1 signal)
counter_2_.AP = !loadButton_n & resetButton_n & !dipSwitches_n_2_ ; (1 pterm, 3 signals)

counter_2__0 = !resetButton_n
    # !loadButton_n & dipSwitches_n_2_ ; (2 pterms, 3 signals)

counter_3_.T = counter_2_.Q & counter_1_.Q & counter_0_.Q & !u4udc_state_0_.Q
       & !u4udc_state_1_.Q & !u2bpd_state_0_.Q & u2bpd_state_2_.Q
    # !counter_2_.Q & !counter_1_.Q & !counter_0_.Q & !u4udc_state_0_.Q
       & !u4udc_state_1_.Q & !u3bpd_state_0_.Q & u3bpd_state_2_.Q
       & !u2bpd_state_2_.Q
    # !counter_2_.Q & !counter_1_.Q & !counter_0_.Q & !u4udc_state_0_.Q
       & !u4udc_state_1_.Q & !u3bpd_state_0_.Q & u3bpd_state_2_.Q
       & u2bpd_state_0_.Q ; (3 pterms, 9 signals)
counter_3_.C = u1rs_u1rc_genblk1_8__uitff_q.Q ; (1 pterm, 1 signal)
counter_3_.AR = counter_3__0 ; (1 pterm, 1 signal)
counter_3_.AP = !dipSwitches_n_3_ & !loadButton_n & resetButton_n ; (1 pterm, 3 signals)

counter_3__0 = !resetButton_n
    # dipSwitches_n_3_ & !loadButton_n ; (2 pterms, 3 signals)

u1rs_u1rc_genblk1_0__uitff_q.D = !u1rs_u1rc_genblk1_0__uitff_q.Q ; (1 pterm, 1 signal)
u1rs_u1rc_genblk1_0__uitff_q.C = !u1rs_u1rc_u0tff_q.Q ; (1 pterm, 1 signal)

u1rs_u1rc_genblk1_1__uitff_q.D = !u1rs_u1rc_genblk1_1__uitff_q.Q ; (1 pterm, 1 signal)
u1rs_u1rc_genblk1_1__uitff_q.C = !u1rs_u1rc_genblk1_0__uitff_q.Q ; (1 pterm, 1 signal)

u1rs_u1rc_genblk1_2__uitff_q.D = !u1rs_u1rc_genblk1_2__uitff_q.Q ; (1 pterm, 1 signal)
u1rs_u1rc_genblk1_2__uitff_q.C = !u1rs_u1rc_genblk1_1__uitff_q.Q ; (1 pterm, 1 signal)

u1rs_u1rc_genblk1_3__uitff_q.D = !u1rs_u1rc_genblk1_3__uitff_q.Q ; (1 pterm, 1 signal)
u1rs_u1rc_genblk1_3__uitff_q.C = !u1rs_u1rc_genblk1_2__uitff_q.Q ; (1 pterm, 1 signal)

u1rs_u1rc_genblk1_4__uitff_q.D = !u1rs_u1rc_genblk1_4__uitff_q.Q ; (1 pterm, 1 signal)
u1rs_u1rc_genblk1_4__uitff_q.C = !u1rs_u1rc_genblk1_3__uitff_q.Q ; (1 pterm, 1 signal)

u1rs_u1rc_genblk1_5__uitff_q.D = !u1rs_u1rc_genblk1_5__uitff_q.Q ; (1 pterm, 1 signal)
u1rs_u1rc_genblk1_5__uitff_q.C = !u1rs_u1rc_genblk1_4__uitff_q.Q ; (1 pterm, 1 signal)

u1rs_u1rc_genblk1_6__uitff_q.D = !u1rs_u1rc_genblk1_6__uitff_q.Q ; (1 pterm, 1 signal)
u1rs_u1rc_genblk1_6__uitff_q.C = !u1rs_u1rc_genblk1_5__uitff_q.Q ; (1 pterm, 1 signal)

u1rs_u1rc_genblk1_7__uitff_q.D = !u1rs_u1rc_genblk1_7__uitff_q.Q ; (1 pterm, 1 signal)
u1rs_u1rc_genblk1_7__uitff_q.C = !u1rs_u1rc_genblk1_6__uitff_q.Q ; (1 pterm, 1 signal)

u1rs_u1rc_genblk1_8__uitff_q.D = !u1rs_u1rc_genblk1_8__uitff_q.Q ; (1 pterm, 1 signal)
u1rs_u1rc_genblk1_8__uitff_q.C = !u1rs_u1rc_genblk1_7__uitff_q.Q ; (1 pterm, 1 signal)

u1rs_u1rc_u0tff_q.D = !u1rs_u1rc_u0tff_q.Q ; (1 pterm, 1 signal)
u1rs_u1rc_u0tff_q.C = !oneMHzClock ; (1 pterm, 1 signal)

u2bpd_state_0_.D = !upButton_n & !u2bpd_state_0_.Q & !u2bpd_state_2_.Q
    # u4udc_state_0_.Q & !u2bpd_state_0_.Q & u2bpd_state_2_.Q
    # !upButton_n & u2bpd_state_0_.Q & u2bpd_state_2_.Q ; (3 pterms, 4 signals)
u2bpd_state_0_.C = u1rs_u1rc_genblk1_8__uitff_q.Q ; (1 pterm, 1 signal)

u2bpd_state_1_.D = !u2bpd_state_0_.Q & u2bpd_state_1_.Q & u2bpd_state_2_.Q
    # !upButton_n & u2bpd_state_0_.Q
    # !upButton_n & u2bpd_state_1_.Q ; (3 pterms, 4 signals)
u2bpd_state_1_.C = u1rs_u1rc_genblk1_8__uitff_q.Q ; (1 pterm, 1 signal)

u2bpd_state_2_.D = !upButton_n & u2bpd_state_0_.Q & u2bpd_state_1_.Q
    # !u2bpd_state_0_.Q & u2bpd_state_1_.Q & u2bpd_state_2_.Q ; (2 pterms, 4 signals)
u2bpd_state_2_.C = u1rs_u1rc_genblk1_8__uitff_q.Q ; (1 pterm, 1 signal)

u3bpd_state_0_.D = !downButton_n & !u3bpd_state_0_.Q & !u3bpd_state_2_.Q
    # u4udc_state_1_.Q & !u3bpd_state_0_.Q & u3bpd_state_2_.Q
    # !downButton_n & u3bpd_state_0_.Q & u3bpd_state_2_.Q ; (3 pterms, 4 signals)
u3bpd_state_0_.C = u1rs_u1rc_genblk1_8__uitff_q.Q ; (1 pterm, 1 signal)

u3bpd_state_1_.D = !u3bpd_state_0_.Q & u3bpd_state_1_.Q & u3bpd_state_2_.Q
    # !downButton_n & u3bpd_state_0_.Q
    # !downButton_n & u3bpd_state_1_.Q ; (3 pterms, 4 signals)
u3bpd_state_1_.C = u1rs_u1rc_genblk1_8__uitff_q.Q ; (1 pterm, 1 signal)

u3bpd_state_2_.D = !downButton_n & u3bpd_state_0_.Q & u3bpd_state_1_.Q
    # !u3bpd_state_0_.Q & u3bpd_state_1_.Q & u3bpd_state_2_.Q ; (2 pterms, 4 signals)
u3bpd_state_2_.C = u1rs_u1rc_genblk1_8__uitff_q.Q ; (1 pterm, 1 signal)

u4udc_state_0_.D = !u4udc_state_0_.Q & !u4udc_state_1_.Q & !u2bpd_state_0_.Q
       & u2bpd_state_2_.Q ; (1 pterm, 4 signals)
u4udc_state_0_.C = u1rs_u1rc_genblk1_8__uitff_q.Q ; (1 pterm, 1 signal)
u4udc_state_0_.CE = loadButton_n & resetButton_n ; (1 pterm, 2 signals)

u4udc_state_1_.D = !u4udc_state_0_.Q & !u4udc_state_1_.Q & !u3bpd_state_0_.Q
       & u3bpd_state_2_.Q & u2bpd_state_0_.Q
    # !u4udc_state_0_.Q & !u4udc_state_1_.Q & !u3bpd_state_0_.Q
       & u3bpd_state_2_.Q & !u2bpd_state_2_.Q ; (2 pterms, 6 signals)
u4udc_state_1_.C = u1rs_u1rc_genblk1_8__uitff_q.Q ; (1 pterm, 1 signal)
u4udc_state_1_.CE = loadButton_n & resetButton_n ; (1 pterm, 2 signals)




