|--------------------------------------------------------------|
|- ispLEVER Classic 1.4.01.04.23.l1 Fitter Report File        -|
|- Copyright(C), 1992-2010, Lattice Semiconductor Corporation -|
|- All Rights Reserved.                                       -|
|--------------------------------------------------------------|




The Basic/Detailed Report Format can be selected in the dialog box
Tools->Fitter Report File Format...

Project_Summary
~~~~~~~~~~~~~~~
Project Name         :  mach64board_project
Project Path         :  C:\Users\tmcphillips\Hobbies\MACH64 Projects\7.6.Lab06\BCDRegisterTo7Segment
Project Fitted on    :  Mon Jan 16 15:15:51 2012

Device               :  M4064_32
Package              :  48
GLB Input Mux Size   :  10
Available Blocks     :  4
Speed                :  -7.5
Part Number          :  LC4064V-75T48I
Source Format        :  ABEL_Schematic


// Project 'mach64board_project' Fit Successfully! //


Compilation_Times
~~~~~~~~~~~~~~~~~
Prefit Time                     0 secs
Load Design Time                0.01 secs
Partition Time                  0.00 secs
Place Time                      0.00 secs
Route Time                      0.00 secs
Total Fit Time                  00:00:01


Design_Summary
~~~~~~~~~~~~~~
Total Input Pins                2
Total Logic Functions           23
  Total Output Pins             7
  Total Bidir I/O Pins          0
  Total Buried Nodes            16
Total Flip-Flops                16
  Total D Flip-Flops            11
  Total T Flip-Flops            5
  Total Latches                 0
Total Product Terms             71

Total Reserved Pins             0
Total Locked Pins               9
Total Locked Nodes              0

Total Unique Output Enables     0
Total Unique Clocks             3
Total Unique Clock Enables      0
Total Unique Resets             0
Total Unique Presets            0

Fmax Logic Levels               1


Device_Resource_Summary
~~~~~~~~~~~~~~~~~~~~~~~
                                 Device
                                 Total    Used   Not Used   Utilization
-----------------------------------------------------------------------
Dedicated Pins
  Clock/Input Pins                  4        2      2    -->    50
  I/O / Enable Pins                 2        0      2    -->     0
I/O Pins                           30        7     23    -->    23
Logic Functions                    64       23     41    -->    35
  Input Registers                  32        0     32    -->     0

GLB Inputs                        144       25    119    -->    17
Logical Product Terms             320       55    265    -->    17
Occupied GLBs                       4        4      0    -->   100
Macrocells                         64       23     41    -->    35

Control Product Terms:
  GLB Clock/Clock Enables           4        2      2    -->    50
  GLB Reset/Presets                 4        0      4    -->     0
  Macrocell Clocks                 64        0     64    -->     0
  Macrocell Clock Enables          64        0     64    -->     0
  Macrocell Enables                64        0     64    -->     0
  Macrocell Resets                 64        0     64    -->     0
  Macrocell Presets                64        0     64    -->     0

Global Routing Pool               100       17     83    -->    17
  GRP from IFB                     ..        1     ..    -->    ..
    (from input signals)           ..        1     ..    -->    ..
    (from output signals)          ..        0     ..    -->    ..
    (from bidir signals)           ..        0     ..    -->    ..
  GRP from MFB                     ..       16     ..    -->    ..
----------------------------------------------------------------------

<Note> 1 : The available PT is the product term that has not been used.
<Note> 2 : IFB is I/O feedback.
<Note> 3 : MFB is macrocell feedback.



GLB_Resource_Summary
~~~~~~~~~~~~~~~~~~~~
                                                                                     # of PT
               ---  Fanin  ---    I/O    Input  Macrocells       Macrocells   Logic  clusters
             Unique Shared Total  Pins    Regs Used Inaccessible  available    PTs   used
-------------------------------------------------------------------------------------------
Maximum
  GLB                      36      *(1)     8   --     --             16       80       16
-------------------------------------------------------------------------------------------
  GLB    A      1     3     4      0/8      0    2      0             14        7        2
  GLB    B      1     8     9      0/8      0    8      0              8       10        8
  GLB    C      1     6     7      7/8      0    9      0              7       27        9
  GLB    D      0     5     5      0/8      0    4      0             12       11        4
-------------------------------------------------------------------------------------------
TOTALS:         3    22    25      7/32     0   23      0             41       55       23

<Note> 1 : For ispMACH 4000 devices, the number of IOs depends on the GLB.
<Note> 2 : Four rightmost columns above reflect last status of the placement process.



GLB_Control_Summary
~~~~~~~~~~~~~~~~~~~
           Shared Shared | Mcell  Mcell  Mcell  Mcell  Mcell 
           Clk/CE Rst/Pr | Clock  CE     Enable Reset  Preset
------------------------------------------------------------------------------
Maximum
  GLB        1      1        16     16     16     16     16  
==============================================================================
  GLB    A   0      0         0      0      0      0      0
  GLB    B   0      0         0      0      0      0      0
  GLB    C   1      0         0      0      0      0      0
  GLB    D   1      0         0      0      0      0      0
------------------------------------------------------------------------------

<Note> 1 : For ispMACH 4000 devices, the number of output enables depends on the GLB.



Optimizer_and_Fitter_Options
~~~~~~~~~~~~~~~~~~~~~~~~~~~~
Pin Assignment :                       Yes
Group Assignment :                     No
Pin Reservation :                      No

@Ignore_Project_Constraints :
  Pin Assignments :                    No
      Keep Block Assignment            --
      Keep Segment Assignment          --
  Group Assignments :                  No
  Macrocell Assignment :               No
      Keep Block Assignment            --
      Keep Segment Assignment          --

@Backannotate_Project_Constraints
  Pin Assignments :                    No
  Pin And Block Assignments :          No
  Pin, Macrocell and Block :           No

@Timing_Constraints :                  No

@Global_Project_Optimization :
  Balanced Partitioning :              Yes
  Spread Placement :                   Yes

  Note :
    Pack Design :
       Balanced Partitioning = No
       Spread Placement      = No
    Spread Design :
       Balanced Partitioning = Yes
       Spread Placement      = Yes


@Logic_Synthesis :
  Logic Reduction :                    Yes
  Node Collapsing :                    FMAX
  Fmax_Logic_Level :                   1
  D/T Synthesis :                      Yes
  XOR Synthesis :                      Yes
  Max. P-Term for Collapsing :         16
  Max. P-Term for Splitting :          80
  Max Symbols :                        24

@Utilization_options
  Max. % of Macrocells used :          100
@Usercode                               (HEX)
@IO_Types                              Default = LVCMOS18 (2)
@Output_Slew_Rate                      Default = FAST (2)
@Power                                 Default = HIGH (2)
@Pull                                  Default = PULLUP_UP (2)
@Fast_Bypass                           Default = None (2)
@ORP_Bypass                            Default = None
@Input_Registers                       Default = None (2)
@Register_Powerup                      Default = None

Device Options:
<Note> 1 : Reserved unused I/Os can be independently driven to Low or High, and does not
           follow the drive level set for the Global Configure Unused I/O Option.
<Note> 2 : For user-specified constraints on individual signals, refer to the Output,
           Bidir and Buried Signal Lists.



Pinout_Listing
~~~~~~~~~~~~~~
      | Pin   | Bank |GLB |Assigned|                 | Signal|
Pin No| Type  |Number|Pad |Pin     |     I/O Type    | Type  | Signal name
----------------------------------------------------------------------------
1     | TDI   |   -  |    |        |                 |       |
2     |  I_O  |   0  |A10 |        |                 |       |
3     |  I_O  |   0  |A12 |        |                 |       |
4     |  I_O  |   0  |A14 |        |                 |       |
5     |GNDIO0 |   -  |    |        |                 |       |
6     |VCCIO0 |   -  |    |        |                 |       |
7     |  I_O  |   0  |B0  |        |                 |       |
8     |  I_O  |   0  |B2  |        |                 |       |
9     |  I_O  |   0  |B4  |        |                 |       |
10    |  I_O  |   0  |B6  |        |                 |       |
11    | TCK   |   -  |    |        |                 |       |
12    | VCC   |   -  |    |        |                 |       |
13    | GND   |   -  |    |        |                 |       |
14    |  I_O  |   0  |B8  |        |                 |       |
15    |  I_O  |   0  |B10 |        |                 |       |
16    |  I_O  |   0  |B12 |        |                 |       |
17    |  I_O  |   0  |B14 |        |                 |       |
18    |INCLK1 |   0  |    |    *   |LVCMOS18         | Input |upButton
19    |INCLK2 |   1  |    |    *   |LVCMOS18         | Input |oneMHzClock
20    |  I_O  |   1  |C0  |    *   |LVCMOS18         | Output|a
21    |  I_O  |   1  |C2  |    *   |LVCMOS18         | Output|b
22    |  I_O  |   1  |C4  |    *   |LVCMOS18         | Output|c
23    |  I_O  |   1  |C6  |    *   |LVCMOS18         | Output|d
24    |  I_O  |   1  |C8  |    *   |LVCMOS18         | Output|e
25    | TMS   |   -  |    |        |                 |       |
26    |  I_O  |   1  |C10 |    *   |LVCMOS18         | Output|f
27    |  I_O  |   1  |C12 |    *   |LVCMOS18         | Output|g
28    |  I_O  |   1  |C14 |        |                 |       |
29    |GNDIO1 |   -  |    |        |                 |       |
30    |VCCIO1 |   -  |    |        |                 |       |
31    |  I_O  |   1  |D0  |        |                 |       |
32    |  I_O  |   1  |D2  |        |                 |       |
33    |  I_O  |   1  |D4  |        |                 |       |
34    |  I_O  |   1  |D6  |        |                 |       |
35    | TDO   |   -  |    |        |                 |       |
36    | VCC   |   -  |    |        |                 |       |
37    | GND   |   -  |    |        |                 |       |
38    |  I_O  |   1  |D8  |        |                 |       |
39    |  I_O  |   1  |D10 |        |                 |       |
40    |  I_O  |   1  |D12 |        |                 |       |
41    | I_O/OE|   1  |D14 |        |                 |       |
42    |INCLK3 |   1  |    |        |                 |       |
43    |INCLK0 |   0  |    |        |                 |       |
44    | I_O/OE|   0  |A0  |        |                 |       |
45    |  I_O  |   0  |A2  |        |                 |       |
46    |  I_O  |   0  |A4  |        |                 |       |
47    |  I_O  |   0  |A6  |        |                 |       |
48    |  I_O  |   0  |A8  |        |                 |       |
----------------------------------------------------------------------------

<Note> GLB Pad : This notation refers to the GLB I/O pad number in the device.
<Note> Assigned Pin : user or dedicated input assignment (E.g. Clock pins).
<Note> Pin Type : 
          ClkIn : Dedicated input or clock pin 
           CLK  : Dedicated clock pin
           I_O  : Input/Output pin
           INP  : Dedicated input pin
           JTAG : JTAG Control and test pin
           NC   : No connected



Input_Signal_List
~~~~~~~~~~~~~~~~~
                Input
         Pin    Fanout
 Pin GLB Type           Pullup Signal
------------------------------------------
  19  -- INCLK    ----      Up oneMHzClock
  18  -- INCLK  1 --C-      Up upButton
------------------------------------------



Output_Signal_List
~~~~~~~~~~~~~~~~~~
          I         C      P R P       O Output
          N         L Mc   R E U C O F B Fanout
 Pin GLB  P LL PTs  S Type E S P E E P P         Slew Pullup Signal
-------------------------------------------------------------------
  20   C  4  -   4  1 COM                  ----  Fast     Up a
  21   C  4  -   4  1 COM                  ----  Fast     Up b
  22   C  4  -   3  1 COM                  ----  Fast     Up c
  23   C  4  -   4  1 COM                  ----  Fast     Up d
  24   C  4  -   2  1 COM                  ----  Fast     Up e
  26   C  4  -   4  1 COM                  ----  Fast     Up f
  27   C  4  -   4  1 COM                  ----  Fast     Up g
-------------------------------------------------------------------

<Note> CLS = Number of clusters used
       INP = Number of input signals
       PTs = Number of product terms
        LL = Number of logic levels
       PRE = Has preset equation
       RES = Has reset equation
       PUP = Power-Up initial state: R=Reset, S=Set
        CE = Has clock enable equation
        OE = Has output enable equation
        FP = Fast path used
       OBP = ORP bypass used



Bidir_Signal_List
~~~~~~~~~~~~~~~~~
          I         C      P R P       O Bidir
          N         L Mc   R E U C O F B Fanout
 Pin GLB  P LL PTs  S Type E S P E E P P         Slew Pullup Signal
-------------------------------------------------------------------
-------------------------------------------------------------------

<Note> CLS = Number of clusters used
       INP = Number of input signals
       PTs = Number of product terms
        LL = Number of logic levels
       PRE = Has preset equation
       RES = Has reset equation
       PUP = Power-Up initial state: R=Reset, S=Set
        CE = Has clock enable equation
        OE = Has output enable equation
        FP = Fast path used
       OBP = ORP bypass used



Buried_Signal_List
~~~~~~~~~~~~~~~~~~
        I         C      P R P       Node
        N         L Mc   R E U C I F Fanout
Mc GLB  P LL PTs  S Type E S P E R P         Signal
----------------------------------------------------------
12   B  1  1   1  1 DFF      R       2 AB--  T0_s0
 1   B  2  1   2  1 DFF      R       2 AB--  T0_s1
 9   A  3  1   3  1 DFF      R       2 AB--  T0_s2
 3   A  4  1   4  1 DFF      R       2 AB--  T0_s3
 0   B  5  1   2  1 DFF      R       1 -B--  T0_s4
 9   B  5  1   1  1 TFF      R       1 -B--  T0_s5
 7   B  6  1   1  1 TFF      R       1 -B--  T0_s6
 5   B  7  1   1  1 TFF      R       1 -B--  T0_s7
 3   B  8  1   1  1 TFF      R       1 -B--  T0_s8
 2   B  9  1   1  1 TFF      R       1 --C-  T0_s9
10   D  2  1   1  1 DFF      R       2 --CD  V0_d0
 3   D  5  1   3  1 DFF      R       2 --CD  V0_d1
 6   D  4  1   3  1 DFF      R       2 --CD  V0_d2
 1   D  5  1   4  1 DFF      R       2 --CD  V0_d3
 5   C  3  1   1  1 DFF      R       1 ---D  X0_debounced
12   C  2  -   1  1 DFF      R       1 --C-  X1_lastSample
----------------------------------------------------------

<Note> CLS = Number of clusters used
       INP = Number of input signals
       PTs = Number of product terms
        LL = Number of logic levels
       PRE = Has preset equation
       RES = Has reset equation
       PUP = Power-Up initial state: R=Reset, S=Set
        CE = Has clock enable equation
        OE = Has output enable equation
        IR = Input register
        FP = Fast path used
       OBP = ORP bypass used



PostFit_Equations
~~~~~~~~~~~~~~~~~
T0_s0.D = !T0_s0.Q ; (1 pterm, 1 signal)
T0_s0.C = oneMHzClock ; (1 pterm, 1 signal)

T0_s1.D = T0_s1.Q & !T0_s0.Q
    # !T0_s1.Q & T0_s0.Q ; (2 pterms, 2 signals)
T0_s1.C = oneMHzClock ; (1 pterm, 1 signal)

T0_s2.D = !T0_s2.Q & T0_s1.Q & T0_s0.Q
    # T0_s2.Q & !T0_s1.Q
    # T0_s2.Q & !T0_s0.Q ; (3 pterms, 3 signals)
T0_s2.C = oneMHzClock ; (1 pterm, 1 signal)

T0_s3.D = !T0_s3.Q & T0_s2.Q & T0_s1.Q & T0_s0.Q
    # T0_s3.Q & !T0_s1.Q
    # T0_s3.Q & !T0_s2.Q
    # T0_s3.Q & !T0_s0.Q ; (4 pterms, 4 signals)
T0_s3.C = oneMHzClock ; (1 pterm, 1 signal)

T0_s4.D.X1 = T0_s4.Q ; (1 pterm, 1 signal)
T0_s4.D.X2 = T0_s3.Q & T0_s2.Q & T0_s1.Q & T0_s0.Q ; (1 pterm, 4 signals)
T0_s4.C = oneMHzClock ; (1 pterm, 1 signal)

T0_s5.T = T0_s4.Q & T0_s3.Q & T0_s2.Q & T0_s1.Q & T0_s0.Q ; (1 pterm, 5 signals)
T0_s5.C = oneMHzClock ; (1 pterm, 1 signal)

T0_s6.T = T0_s5.Q & T0_s4.Q & T0_s3.Q & T0_s2.Q & T0_s1.Q & T0_s0.Q ; (1 pterm, 6 signals)
T0_s6.C = oneMHzClock ; (1 pterm, 1 signal)

T0_s7.T = T0_s6.Q & T0_s5.Q & T0_s4.Q & T0_s3.Q & T0_s2.Q & T0_s1.Q & T0_s0.Q ; (1 pterm, 7 signals)
T0_s7.C = oneMHzClock ; (1 pterm, 1 signal)

T0_s8.T = T0_s7.Q & T0_s6.Q & T0_s5.Q & T0_s4.Q & T0_s3.Q & T0_s2.Q & T0_s1.Q
       & T0_s0.Q ; (1 pterm, 8 signals)
T0_s8.C = oneMHzClock ; (1 pterm, 1 signal)

T0_s9.T = T0_s8.Q & T0_s7.Q & T0_s6.Q & T0_s5.Q & T0_s4.Q & T0_s3.Q & T0_s2.Q
       & T0_s1.Q & T0_s0.Q ; (1 pterm, 9 signals)
T0_s9.C = oneMHzClock ; (1 pterm, 1 signal)

V0_d0.D = !V0_d0.Q ; (1 pterm, 1 signal)
V0_d0.C = X0_debounced.Q ; (1 pterm, 1 signal)

V0_d1.D = !V0_d0.Q & V0_d1.Q
    # V0_d0.Q & !V0_d1.Q & V0_d2.Q
    # V0_d0.Q & !V0_d1.Q & !V0_d3.Q ; (3 pterms, 4 signals)
V0_d1.C = X0_debounced.Q ; (1 pterm, 1 signal)

V0_d2.D = V0_d0.Q & V0_d1.Q & !V0_d2.Q
    # !V0_d1.Q & V0_d2.Q
    # !V0_d0.Q & V0_d2.Q ; (3 pterms, 3 signals)
V0_d2.C = X0_debounced.Q ; (1 pterm, 1 signal)

V0_d3.D = V0_d0.Q & V0_d1.Q & V0_d2.Q & !V0_d3.Q
    # !V0_d1.Q & V0_d2.Q & V0_d3.Q
    # V0_d1.Q & !V0_d2.Q & V0_d3.Q
    # !V0_d0.Q & V0_d3.Q ; (4 pterms, 4 signals)
V0_d3.C = X0_debounced.Q ; (1 pterm, 1 signal)

X0_debounced.D = !upButton & X1_lastSample.Q ; (1 pterm, 2 signals)
X0_debounced.C = T0_s9.Q ; (1 pterm, 1 signal)

X1_lastSample.D = !upButton ; (1 pterm, 1 signal)
X1_lastSample.C = T0_s9.Q ; (1 pterm, 1 signal)

a = !V0_d0.Q & !V0_d2.Q & !V0_d3.Q
    # !V0_d1.Q & !V0_d2.Q & V0_d3.Q
    # V0_d0.Q & V0_d2.Q & !V0_d3.Q
    # V0_d1.Q & !V0_d3.Q ; (4 pterms, 4 signals)

b = V0_d0.Q & V0_d1.Q & !V0_d3.Q
    # !V0_d0.Q & !V0_d1.Q & !V0_d3.Q
    # !V0_d1.Q & !V0_d2.Q
    # !V0_d2.Q & !V0_d3.Q ; (4 pterms, 4 signals)

c = !V0_d1.Q & !V0_d2.Q
    # V0_d2.Q & !V0_d3.Q
    # V0_d0.Q & !V0_d3.Q ; (3 pterms, 4 signals)

d.X1 = V0_d0.Q & !V0_d1.Q & !V0_d3.Q
    # !V0_d0.Q & V0_d1.Q & !V0_d3.Q
    # V0_d1.Q & !V0_d2.Q & !V0_d3.Q ; (3 pterms, 4 signals)
d.X2 = !V0_d1.Q & !V0_d2.Q ; (1 pterm, 2 signals)

e = !V0_d0.Q & !V0_d1.Q & !V0_d2.Q
    # !V0_d0.Q & V0_d1.Q & !V0_d3.Q ; (2 pterms, 4 signals)

f = !V0_d0.Q & !V0_d1.Q & !V0_d2.Q
    # !V0_d0.Q & V0_d2.Q & !V0_d3.Q
    # !V0_d1.Q & !V0_d2.Q & V0_d3.Q
    # !V0_d1.Q & V0_d2.Q & !V0_d3.Q ; (4 pterms, 4 signals)

g = !V0_d0.Q & V0_d1.Q & !V0_d3.Q
    # !V0_d1.Q & !V0_d2.Q & V0_d3.Q
    # V0_d1.Q & !V0_d2.Q & !V0_d3.Q
    # !V0_d1.Q & V0_d2.Q & !V0_d3.Q ; (4 pterms, 4 signals)




