|--------------------------------------------------------------|
|- ispLEVER Classic 1.5.00.05.39.l1 Fitter Report File        -|
|- Copyright(C), 1992-2011, Lattice Semiconductor Corporation -|
|- All Rights Reserved.                                       -|
|--------------------------------------------------------------|




The Basic/Detailed Report Format can be selected in the dialog box
Tools->Fitter Report File Format...

Project_Summary
~~~~~~~~~~~~~~~
Project Name         :  mach64_verilog_project
Project Path         :  C:\Users\tmcphillips\Designs\Projects\MACH64\VerilogHDL\7.3Lab03\03_DebouncedFourBitCounter
Project Fitted on    :  Wed Jan 18 22:09:44 2012

Device               :  M4064_32
Package              :  48
GLB Input Mux Size   :  10
Available Blocks     :  4
Speed                :  -7.5
Part Number          :  LC4064V-75T48I
Source Format        :  Pure_Verilog_HDL


// Project 'mach64_verilog_project' Fit Successfully! //


Compilation_Times
~~~~~~~~~~~~~~~~~
Prefit Time                     0 secs
Load Design Time                0.06 secs
Partition Time                  0.02 secs
Place Time                      0.00 secs
Route Time                      0.00 secs
Total Fit Time                  00:00:01


Design_Summary
~~~~~~~~~~~~~~
Total Input Pins                4
Total Logic Functions           12
  Total Output Pins             4
  Total Bidir I/O Pins          0
  Total Buried Nodes            8
Total Flip-Flops                12
  Total D Flip-Flops            10
  Total T Flip-Flops            2
  Total Latches                 0
Total Product Terms             41

Total Reserved Pins             0
Total Locked Pins               8
Total Locked Nodes              0

Total Unique Output Enables     0
Total Unique Clocks             3
Total Unique Clock Enables      0
Total Unique Resets             1
Total Unique Presets            0

Fmax Logic Levels               1


Device_Resource_Summary
~~~~~~~~~~~~~~~~~~~~~~~
                                 Device
                                 Total    Used   Not Used   Utilization
-----------------------------------------------------------------------
Dedicated Pins
  Clock/Input Pins                  4        2      2    -->    50
  I/O / Enable Pins                 2        0      2    -->     0
I/O Pins                           30        6     24    -->    20
Logic Functions                    64       12     52    -->    18
  Input Registers                  32        0     32    -->     0

GLB Inputs                        144       20    124    -->    13
Logical Product Terms             320       25    295    -->     7
Occupied GLBs                       4        4      0    -->   100
Macrocells                         64       12     52    -->    18

Control Product Terms:
  GLB Clock/Clock Enables           4        2      2    -->    50
  GLB Reset/Presets                 4        0      4    -->     0
  Macrocell Clocks                 64        0     64    -->     0
  Macrocell Clock Enables          64        0     64    -->     0
  Macrocell Enables                64        0     64    -->     0
  Macrocell Resets                 64        0     64    -->     0
  Macrocell Presets                64        0     64    -->     0

Global Routing Pool               100       14     86    -->    14
  GRP from IFB                     ..        3     ..    -->    ..
    (from input signals)           ..        3     ..    -->    ..
    (from output signals)          ..        0     ..    -->    ..
    (from bidir signals)           ..        0     ..    -->    ..
  GRP from MFB                     ..       11     ..    -->    ..
----------------------------------------------------------------------

<Note> 1 : The available PT is the product term that has not been used.
<Note> 2 : IFB is I/O feedback.
<Note> 3 : MFB is macrocell feedback.



GLB_Resource_Summary
~~~~~~~~~~~~~~~~~~~~
                                                                                     # of PT
               ---  Fanin  ---    I/O    Input  Macrocells       Macrocells   Logic  clusters
             Unique Shared Total  Pins    Regs Used Inaccessible  available    PTs   used
-------------------------------------------------------------------------------------------
Maximum
  GLB                      36      *(1)     8   --     --             16       80       16
-------------------------------------------------------------------------------------------
  GLB    A      4     0     4      0/8      0    1      0             15        4        1
  GLB    B      0     6     6      4/8      0    4      0             12       10        4
  GLB    C      2     0     2      2/8      0    1      0             15        2        1
  GLB    D      1     7     8      0/8      0    6      0             10        9        6
-------------------------------------------------------------------------------------------
TOTALS:         7    13    20      6/32     0   12      0             52       25       12

<Note> 1 : For ispMACH 4000 devices, the number of IOs depends on the GLB.
<Note> 2 : Four rightmost columns above reflect last status of the placement process.



GLB_Control_Summary
~~~~~~~~~~~~~~~~~~~
           Shared Shared | Mcell  Mcell  Mcell  Mcell  Mcell 
           Clk/CE Rst/Pr | Clock  CE     Enable Reset  Preset
------------------------------------------------------------------------------
Maximum
  GLB        1      1        16     16     16     16     16  
==============================================================================
  GLB    A   0      0         0      0      0      0      0
  GLB    B   1      0         0      0      0      0      0
  GLB    C   0      0         0      0      0      0      0
  GLB    D   1      0         0      0      0      0      0
------------------------------------------------------------------------------

<Note> 1 : For ispMACH 4000 devices, the number of output enables depends on the GLB.



Optimizer_and_Fitter_Options
~~~~~~~~~~~~~~~~~~~~~~~~~~~~
Pin Assignment :                       Yes
Group Assignment :                     No
Pin Reservation :                      No

@Ignore_Project_Constraints :
  Pin Assignments :                    No
      Keep Block Assignment            --
      Keep Segment Assignment          --
  Group Assignments :                  No
  Macrocell Assignment :               No
      Keep Block Assignment            --
      Keep Segment Assignment          --

@Backannotate_Project_Constraints
  Pin Assignments :                    No
  Pin And Block Assignments :          No
  Pin, Macrocell and Block :           No

@Timing_Constraints :                  No

@Global_Project_Optimization :
  Balanced Partitioning :              Yes
  Spread Placement :                   Yes

  Note :
    Pack Design :
       Balanced Partitioning = No
       Spread Placement      = No
    Spread Design :
       Balanced Partitioning = Yes
       Spread Placement      = Yes


@Logic_Synthesis :
  Logic Reduction :                    Yes
  Node Collapsing :                    FMAX
  Fmax_Logic_Level :                   1
  D/T Synthesis :                      Yes
  XOR Synthesis :                      Yes
  Max. P-Term for Collapsing :         16
  Max. P-Term for Splitting :          80
  Max Symbols :                        24

@Utilization_options
  Max. % of Macrocells used :          100
@Usercode                               (HEX)
@IO_Types                              Default = LVCMOS18 (2)
@Output_Slew_Rate                      Default = FAST (2)
@Power                                 Default = HIGH (2)
@Pull                                  Default = PULLUP_UP (2)
@Fast_Bypass                           Default = None (2)
@ORP_Bypass                            Default = None
@Input_Registers                       Default = None (2)
@Register_Powerup                      Default = None

Device Options:
<Note> 1 : Reserved unused I/Os can be independently driven to Low or High, and does not
           follow the drive level set for the Global Configure Unused I/O Option.
<Note> 2 : For user-specified constraints on individual signals, refer to the Output,
           Bidir and Buried Signal Lists.



Pinout_Listing
~~~~~~~~~~~~~~
      | Pin   | Bank |GLB |Assigned|                 | Signal|
Pin No| Type  |Number|Pad |Pin     |     I/O Type    | Type  | Signal name
----------------------------------------------------------------------------------
1     | TDI   |   -  |    |        |                 |       |
2     |  I_O  |   0  |A10 |        |                 |       |
3     |  I_O  |   0  |A12 |        |                 |       |
4     |  I_O  |   0  |A14 |        |                 |       |
5     |GNDIO0 |   -  |    |        |                 |       |
6     |VCCIO0 |   -  |    |        |                 |       |
7     |  I_O  |   0  |B0  |        |                 |       |
8     |  I_O  |   0  |B2  |        |                 |       |
9     |  I_O  |   0  |B4  |        |                 |       |
10    |  I_O  |   0  |B6  |        |                 |       |
11    | TCK   |   -  |    |        |                 |       |
12    | VCC   |   -  |    |        |                 |       |
13    | GND   |   -  |    |        |                 |       |
14    |  I_O  |   0  |B8  |    *   |LVCMOS18         | Output|counter_3_
15    |  I_O  |   0  |B10 |    *   |LVCMOS18         | Output|counter_2_
16    |  I_O  |   0  |B12 |    *   |LVCMOS18         | Output|counter_1_
17    |  I_O  |   0  |B14 |    *   |LVCMOS18         | Output|counter_0_
18    |INCLK1 |   0  |    |    *   |LVCMOS18         | Input |stepButton
19    |INCLK2 |   1  |    |    *   |LVCMOS18         | Input |oneMHzClock
20    |  I_O  |   1  |C0  |    *   |LVCMOS18         | Input |reset
21    |  I_O  |   1  |C2  |    *   |LVCMOS18         | Input |direction
22    |  I_O  |   1  |C4  |        |                 |       |
23    |  I_O  |   1  |C6  |        |                 |       |
24    |  I_O  |   1  |C8  |        |                 |       |
25    | TMS   |   -  |    |        |                 |       |
26    |  I_O  |   1  |C10 |        |                 |       |
27    |  I_O  |   1  |C12 |        |                 |       |
28    |  I_O  |   1  |C14 |        |                 |       |
29    |GNDIO1 |   -  |    |        |                 |       |
30    |VCCIO1 |   -  |    |        |                 |       |
31    |  I_O  |   1  |D0  |        |                 |       |
32    |  I_O  |   1  |D2  |        |                 |       |
33    |  I_O  |   1  |D4  |        |                 |       |
34    |  I_O  |   1  |D6  |        |                 |       |
35    | TDO   |   -  |    |        |                 |       |
36    | VCC   |   -  |    |        |                 |       |
37    | GND   |   -  |    |        |                 |       |
38    |  I_O  |   1  |D8  |        |                 |       |
39    |  I_O  |   1  |D10 |        |                 |       |
40    |  I_O  |   1  |D12 |        |                 |       |
41    | I_O/OE|   1  |D14 |        |                 |       |
42    |INCLK3 |   1  |    |        |                 |       |
43    |INCLK0 |   0  |    |        |                 |       |
44    | I_O/OE|   0  |A0  |        |                 |       |
45    |  I_O  |   0  |A2  |        |                 |       |
46    |  I_O  |   0  |A4  |        |                 |       |
47    |  I_O  |   0  |A6  |        |                 |       |
48    |  I_O  |   0  |A8  |        |                 |       |
----------------------------------------------------------------------------------

<Note> GLB Pad : This notation refers to the GLB I/O pad number in the device.
<Note> Assigned Pin : user or dedicated input assignment (E.g. Clock pins).
<Note> Pin Type : 
          ClkIn : Dedicated input or clock pin 
           CLK  : Dedicated clock pin
           I_O  : Input/Output pin
           INP  : Dedicated input pin
           JTAG : JTAG Control and test pin
           NC   : No connected



Input_Signal_List
~~~~~~~~~~~~~~~~~
                Input
         Pin    Fanout
 Pin GLB Type           Pullup Signal
------------------------------------------
  21   C  I/O   1 -B--      Up direction
  19  -- INCLK    ----      Up oneMHzClock
  20   C  I/O   1 -B--      Up reset
  18  -- INCLK  1 ---D      Up stepButton
------------------------------------------



Output_Signal_List
~~~~~~~~~~~~~~~~~~
          I         C      P R P       O Output
          N         L Mc   R E U C O F B Fanout
 Pin GLB  P LL PTs  S Type E S P E E P P         Slew Pullup Signal
-----------------------------------------------------------------------
  17   B  3  1   1  1 DFF    * R         1 -B--  Fast     Up counter_0_
  16   B  5  1   4  1 DFF    * R         1 -B--  Fast     Up counter_1_
  15   B  6  1   3  1 DFF    * R         1 -B--  Fast     Up counter_2_
  14   B  6  1   2  1 TFF    * R           ----  Fast     Up counter_3_
-----------------------------------------------------------------------

<Note> CLS = Number of clusters used
       INP = Number of input signals
       PTs = Number of product terms
        LL = Number of logic levels
       PRE = Has preset equation
       RES = Has reset equation
       PUP = Power-Up initial state: R=Reset, S=Set
        CE = Has clock enable equation
        OE = Has output enable equation
        FP = Fast path used
       OBP = ORP bypass used



Bidir_Signal_List
~~~~~~~~~~~~~~~~~
          I         C      P R P       O Bidir
          N         L Mc   R E U C O F B Fanout
 Pin GLB  P LL PTs  S Type E S P E E P P         Slew Pullup Signal
-------------------------------------------------------------------
-------------------------------------------------------------------

<Note> CLS = Number of clusters used
       INP = Number of input signals
       PTs = Number of product terms
        LL = Number of logic levels
       PRE = Has preset equation
       RES = Has reset equation
       PUP = Power-Up initial state: R=Reset, S=Set
        CE = Has clock enable equation
        OE = Has output enable equation
        FP = Fast path used
       OBP = ORP bypass used



Buried_Signal_List
~~~~~~~~~~~~~~~~~~
        I         C      P R P       Node
        N         L Mc   R E U C I F Fanout
Mc GLB  P LL PTs  S Type E S P E R P         Signal
----------------------------------------------------------------
12   D  1  1   1  1 DFF      R       3 A-CD  u1cs_counter_0_
 7   C  2  1   2  1 DFF      R       3 A-CD  u1cs_counter_1_
 1   D  3  1   3  1 DFF      R       2 A--D  u1cs_counter_2_
 7   A  4  1   4  1 DFF      R       2 A--D  u1cs_counter_3_
 3   D  5  1   2  1 DFF      R       1 ---D  u1cs_counter_4_
 5   D  5  1   1  1 TFF      R       1 ---D  u1cs_counter_5_
 7   D  3  1   1  1 DFF      R       1 -B--  u1d_debouncedSignal
 9   D  2  -   1  1 DFF      R       1 ---D  u1d_lastSample
----------------------------------------------------------------

<Note> CLS = Number of clusters used
       INP = Number of input signals
       PTs = Number of product terms
        LL = Number of logic levels
       PRE = Has preset equation
       RES = Has reset equation
       PUP = Power-Up initial state: R=Reset, S=Set
        CE = Has clock enable equation
        OE = Has output enable equation
        IR = Input register
        FP = Fast path used
       OBP = ORP bypass used



PostFit_Equations
~~~~~~~~~~~~~~~~~
counter_0_.D = !counter_0_.Q ; (1 pterm, 1 signal)
counter_0_.C = !u1d_debouncedSignal.Q ; (1 pterm, 1 signal)
counter_0_.AR = !reset ; (1 pterm, 1 signal)

counter_1_.D = !direction & !counter_1_.Q & !counter_0_.Q
    # direction & !counter_1_.Q & counter_0_.Q
    # direction & counter_1_.Q & !counter_0_.Q
    # !direction & counter_1_.Q & counter_0_.Q ; (4 pterms, 3 signals)
counter_1_.C = !u1d_debouncedSignal.Q ; (1 pterm, 1 signal)
counter_1_.AR = !reset ; (1 pterm, 1 signal)

counter_2_.D.X1 = !direction & !counter_1_.Q & !counter_0_.Q
    # direction & counter_1_.Q & counter_0_.Q ; (2 pterms, 3 signals)
counter_2_.D.X2 = counter_2_.Q ; (1 pterm, 1 signal)
counter_2_.C = !u1d_debouncedSignal.Q ; (1 pterm, 1 signal)
counter_2_.AR = !reset ; (1 pterm, 1 signal)

counter_3_.T = !direction & !counter_2_.Q & !counter_1_.Q & !counter_0_.Q
    # direction & counter_2_.Q & counter_1_.Q & counter_0_.Q ; (2 pterms, 4 signals)
counter_3_.C = !u1d_debouncedSignal.Q ; (1 pterm, 1 signal)
counter_3_.AR = !reset ; (1 pterm, 1 signal)

u1cs_counter_0_.D = !u1cs_counter_0_.Q ; (1 pterm, 1 signal)
u1cs_counter_0_.C = !oneMHzClock ; (1 pterm, 1 signal)

u1cs_counter_1_.D = u1cs_counter_0_.Q & !u1cs_counter_1_.Q
    # !u1cs_counter_0_.Q & u1cs_counter_1_.Q ; (2 pterms, 2 signals)
u1cs_counter_1_.C = !oneMHzClock ; (1 pterm, 1 signal)

u1cs_counter_2_.D = u1cs_counter_0_.Q & u1cs_counter_1_.Q & !u1cs_counter_2_.Q
    # !u1cs_counter_1_.Q & u1cs_counter_2_.Q
    # !u1cs_counter_0_.Q & u1cs_counter_2_.Q ; (3 pterms, 3 signals)
u1cs_counter_2_.C = !oneMHzClock ; (1 pterm, 1 signal)

u1cs_counter_3_.D = u1cs_counter_0_.Q & u1cs_counter_1_.Q & u1cs_counter_2_.Q
       & !u1cs_counter_3_.Q
    # !u1cs_counter_2_.Q & u1cs_counter_3_.Q
    # !u1cs_counter_1_.Q & u1cs_counter_3_.Q
    # !u1cs_counter_0_.Q & u1cs_counter_3_.Q ; (4 pterms, 4 signals)
u1cs_counter_3_.C = !oneMHzClock ; (1 pterm, 1 signal)

u1cs_counter_4_.D.X1 = u1cs_counter_0_.Q & u1cs_counter_1_.Q
       & u1cs_counter_2_.Q & u1cs_counter_3_.Q ; (1 pterm, 4 signals)
u1cs_counter_4_.D.X2 = u1cs_counter_4_.Q ; (1 pterm, 1 signal)
u1cs_counter_4_.C = !oneMHzClock ; (1 pterm, 1 signal)

u1cs_counter_5_.T = u1cs_counter_0_.Q & u1cs_counter_1_.Q & u1cs_counter_2_.Q
       & u1cs_counter_3_.Q & u1cs_counter_4_.Q ; (1 pterm, 5 signals)
u1cs_counter_5_.C = !oneMHzClock ; (1 pterm, 1 signal)

u1d_debouncedSignal.D = stepButton & u1d_lastSample.Q ; (1 pterm, 2 signals)
u1d_debouncedSignal.C = u1cs_counter_5_.Q ; (1 pterm, 1 signal)

u1d_lastSample.D = stepButton ; (1 pterm, 1 signal)
u1d_lastSample.C = u1cs_counter_5_.Q ; (1 pterm, 1 signal)




