|--------------------------------------------------------------|
|- ispLEVER Classic 1.4.01.04.23.l1 Fitter Report File        -|
|- Copyright(C), 1992-2010, Lattice Semiconductor Corporation -|
|- All Rights Reserved.                                       -|
|--------------------------------------------------------------|




The Basic/Detailed Report Format can be selected in the dialog box
Tools->Fitter Report File Format...

Project_Summary
~~~~~~~~~~~~~~~
Project Name         :  mach64board_project
Project Path         :  C:\Users\tmcphillips\Hobbies\MACH64 Projects\7.3.Lab03\FourBitCounterWithLoad
Project Fitted on    :  Mon Jan 16 15:09:40 2012

Device               :  M4064_32
Package              :  48
GLB Input Mux Size   :  10
Available Blocks     :  4
Speed                :  -7.5
Part Number          :  LC4064V-75T48I
Source Format        :  ABEL_Schematic


// Project 'mach64board_project' Fit Successfully! //


Compilation_Times
~~~~~~~~~~~~~~~~~
Prefit Time                     0 secs
Load Design Time                0.05 secs
Partition Time                  0.02 secs
Place Time                      0.00 secs
Route Time                      0.00 secs
Total Fit Time                  00:00:01


Design_Summary
~~~~~~~~~~~~~~
Total Input Pins                10
Total Logic Functions           20
  Total Output Pins             4
  Total Bidir I/O Pins          0
  Total Buried Nodes            16
Total Flip-Flops                20
  Total D Flip-Flops            13
  Total T Flip-Flops            7
  Total Latches                 0
Total Product Terms             67

Total Reserved Pins             0
Total Locked Pins               14
Total Locked Nodes              0

Total Unique Output Enables     0
Total Unique Clocks             3
Total Unique Clock Enables      0
Total Unique Resets             1
Total Unique Presets            0

Fmax Logic Levels               1


Device_Resource_Summary
~~~~~~~~~~~~~~~~~~~~~~~
                                 Device
                                 Total    Used   Not Used   Utilization
-----------------------------------------------------------------------
Dedicated Pins
  Clock/Input Pins                  4        2      2    -->    50
  I/O / Enable Pins                 2        0      2    -->     0
I/O Pins                           30       12     18    -->    40
Logic Functions                    64       20     44    -->    31
  Input Registers                  32        0     32    -->     0

GLB Inputs                        144       35    109    -->    24
Logical Product Terms             320       51    269    -->    15
Occupied GLBs                       4        4      0    -->   100
Macrocells                         64       20     44    -->    31

Control Product Terms:
  GLB Clock/Clock Enables           4        1      3    -->    25
  GLB Reset/Presets                 4        0      4    -->     0
  Macrocell Clocks                 64        4     60    -->     6
  Macrocell Clock Enables          64        0     64    -->     0
  Macrocell Enables                64        0     64    -->     0
  Macrocell Resets                 64        4     60    -->     6
  Macrocell Presets                64        0     64    -->     0

Global Routing Pool               100       29     71    -->    29
  GRP from IFB                     ..        9     ..    -->    ..
    (from input signals)           ..        9     ..    -->    ..
    (from output signals)          ..        0     ..    -->    ..
    (from bidir signals)           ..        0     ..    -->    ..
  GRP from MFB                     ..       20     ..    -->    ..
----------------------------------------------------------------------

<Note> 1 : The available PT is the product term that has not been used.
<Note> 2 : IFB is I/O feedback.
<Note> 3 : MFB is macrocell feedback.



GLB_Resource_Summary
~~~~~~~~~~~~~~~~~~~~
                                                                                     # of PT
               ---  Fanin  ---    I/O    Input  Macrocells       Macrocells   Logic  clusters
             Unique Shared Total  Pins    Regs Used Inaccessible  available    PTs   used
-------------------------------------------------------------------------------------------
Maximum
  GLB                      36      *(1)     8   --     --             16       80       16
-------------------------------------------------------------------------------------------
  GLB    A      1     8     9      0/8      0    8      0              8       11        8
  GLB    B      8    12    20      4/8      0   10      0              6       34       10
  GLB    C      4     0     4      4/8      0    1      0             15        4        1
  GLB    D      2     0     2      4/8      0    1      0             15        2        1
-------------------------------------------------------------------------------------------
TOTALS:        15    20    35     12/32     0   20      0             44       51       20

<Note> 1 : For ispMACH 4000 devices, the number of IOs depends on the GLB.
<Note> 2 : Four rightmost columns above reflect last status of the placement process.



GLB_Control_Summary
~~~~~~~~~~~~~~~~~~~
           Shared Shared | Mcell  Mcell  Mcell  Mcell  Mcell 
           Clk/CE Rst/Pr | Clock  CE     Enable Reset  Preset
------------------------------------------------------------------------------
Maximum
  GLB        1      1        16     16     16     16     16  
==============================================================================
  GLB    A   0      0         0      0      0      0      0
  GLB    B   1      0         4      0      0      4      0
  GLB    C   0      0         0      0      0      0      0
  GLB    D   0      0         0      0      0      0      0
------------------------------------------------------------------------------

<Note> 1 : For ispMACH 4000 devices, the number of output enables depends on the GLB.



Optimizer_and_Fitter_Options
~~~~~~~~~~~~~~~~~~~~~~~~~~~~
Pin Assignment :                       Yes
Group Assignment :                     No
Pin Reservation :                      No

@Ignore_Project_Constraints :
  Pin Assignments :                    No
      Keep Block Assignment            --
      Keep Segment Assignment          --
  Group Assignments :                  No
  Macrocell Assignment :               No
      Keep Block Assignment            --
      Keep Segment Assignment          --

@Backannotate_Project_Constraints
  Pin Assignments :                    No
  Pin And Block Assignments :          No
  Pin, Macrocell and Block :           No

@Timing_Constraints :                  No

@Global_Project_Optimization :
  Balanced Partitioning :              Yes
  Spread Placement :                   Yes

  Note :
    Pack Design :
       Balanced Partitioning = No
       Spread Placement      = No
    Spread Design :
       Balanced Partitioning = Yes
       Spread Placement      = Yes


@Logic_Synthesis :
  Logic Reduction :                    Yes
  Node Collapsing :                    FMAX
  Fmax_Logic_Level :                   1
  D/T Synthesis :                      Yes
  XOR Synthesis :                      Yes
  Max. P-Term for Collapsing :         16
  Max. P-Term for Splitting :          80
  Max Symbols :                        24

@Utilization_options
  Max. % of Macrocells used :          100
@Usercode                               (HEX)
@IO_Types                              Default = LVCMOS18 (2)
@Output_Slew_Rate                      Default = FAST (2)
@Power                                 Default = HIGH (2)
@Pull                                  Default = PULLUP_UP (2)
@Fast_Bypass                           Default = None (2)
@ORP_Bypass                            Default = None
@Input_Registers                       Default = None (2)
@Register_Powerup                      Default = None

Device Options:
<Note> 1 : Reserved unused I/Os can be independently driven to Low or High, and does not
           follow the drive level set for the Global Configure Unused I/O Option.
<Note> 2 : For user-specified constraints on individual signals, refer to the Output,
           Bidir and Buried Signal Lists.



Pinout_Listing
~~~~~~~~~~~~~~
      | Pin   | Bank |GLB |Assigned|                 | Signal|
Pin No| Type  |Number|Pad |Pin     |     I/O Type    | Type  | Signal name
------------------------------------------------------------------------------
1     | TDI   |   -  |    |        |                 |       |
2     |  I_O  |   0  |A10 |        |                 |       |
3     |  I_O  |   0  |A12 |        |                 |       |
4     |  I_O  |   0  |A14 |        |                 |       |
5     |GNDIO0 |   -  |    |        |                 |       |
6     |VCCIO0 |   -  |    |        |                 |       |
7     |  I_O  |   0  |B0  |        |                 |       |
8     |  I_O  |   0  |B2  |        |                 |       |
9     |  I_O  |   0  |B4  |        |                 |       |
10    |  I_O  |   0  |B6  |        |                 |       |
11    | TCK   |   -  |    |        |                 |       |
12    | VCC   |   -  |    |        |                 |       |
13    | GND   |   -  |    |        |                 |       |
14    |  I_O  |   0  |B8  |    *   |LVCMOS18         | Output|q0
15    |  I_O  |   0  |B10 |    *   |LVCMOS18         | Output|q1
16    |  I_O  |   0  |B12 |    *   |LVCMOS18         | Output|q2
17    |  I_O  |   0  |B14 |    *   |LVCMOS18         | Output|q3
18    |INCLK1 |   0  |    |    *   |LVCMOS18         | Input |upButton
19    |INCLK2 |   1  |    |    *   |LVCMOS18         | Input |oneMHzClock
20    |  I_O  |   1  |C0  |    *   |LVCMOS18         | Input |reset
21    |  I_O  |   1  |C2  |    *   |LVCMOS18         | Input |stepDirectionUp
22    |  I_O  |   1  |C4  |    *   |LVCMOS18         | Input |loadButton
23    |  I_O  |   1  |C6  |    *   |LVCMOS18         | Input |downButton
24    |  I_O  |   1  |C8  |        |                 |       |
25    | TMS   |   -  |    |        |                 |       |
26    |  I_O  |   1  |C10 |        |                 |       |
27    |  I_O  |   1  |C12 |        |                 |       |
28    |  I_O  |   1  |C14 |        |                 |       |
29    |GNDIO1 |   -  |    |        |                 |       |
30    |VCCIO1 |   -  |    |        |                 |       |
31    |  I_O  |   1  |D0  |    *   |LVCMOS18         | Input |d0
32    |  I_O  |   1  |D2  |    *   |LVCMOS18         | Input |d1
33    |  I_O  |   1  |D4  |    *   |LVCMOS18         | Input |d2
34    |  I_O  |   1  |D6  |    *   |LVCMOS18         | Input |d3
35    | TDO   |   -  |    |        |                 |       |
36    | VCC   |   -  |    |        |                 |       |
37    | GND   |   -  |    |        |                 |       |
38    |  I_O  |   1  |D8  |        |                 |       |
39    |  I_O  |   1  |D10 |        |                 |       |
40    |  I_O  |   1  |D12 |        |                 |       |
41    | I_O/OE|   1  |D14 |        |                 |       |
42    |INCLK3 |   1  |    |        |                 |       |
43    |INCLK0 |   0  |    |        |                 |       |
44    | I_O/OE|   0  |A0  |        |                 |       |
45    |  I_O  |   0  |A2  |        |                 |       |
46    |  I_O  |   0  |A4  |        |                 |       |
47    |  I_O  |   0  |A6  |        |                 |       |
48    |  I_O  |   0  |A8  |        |                 |       |
------------------------------------------------------------------------------

<Note> GLB Pad : This notation refers to the GLB I/O pad number in the device.
<Note> Assigned Pin : user or dedicated input assignment (E.g. Clock pins).
<Note> Pin Type : 
          ClkIn : Dedicated input or clock pin 
           CLK  : Dedicated clock pin
           I_O  : Input/Output pin
           INP  : Dedicated input pin
           JTAG : JTAG Control and test pin
           NC   : No connected



Input_Signal_List
~~~~~~~~~~~~~~~~~
                Input
         Pin    Fanout
 Pin GLB Type           Pullup Signal
----------------------------------------------
  31   D  I/O   1 -B--      Up d0
  32   D  I/O   1 -B--      Up d1
  33   D  I/O   1 -B--      Up d2
  34   D  I/O   1 -B--      Up d3
  23   C  I/O   1 -B--      Up downButton
  22   C  I/O   1 -B--      Up loadButton
  19  -- INCLK    ----      Up oneMHzClock
  20   C  I/O   1 -B--      Up reset
  21   C  I/O   1 -B--      Up stepDirectionUp
  18  -- INCLK  1 -B--      Up upButton
----------------------------------------------



Output_Signal_List
~~~~~~~~~~~~~~~~~~
          I         C      P R P       O Output
          N         L Mc   R E U C O F B Fanout
 Pin GLB  P LL PTs  S Type E S P E E P P         Slew Pullup Signal
-------------------------------------------------------------------
  14   B  7  1   4  1 DFF    * R         1 -B--  Fast     Up q0
  15   B 11  1   8  2 DFF    * R         1 -B--  Fast     Up q1
  16   B 12  1   8  3 TFF    * R         1 -B--  Fast     Up q2
  17   B 13  1   8  3 TFF    * R         1 -B--  Fast     Up q3
-------------------------------------------------------------------

<Note> CLS = Number of clusters used
       INP = Number of input signals
       PTs = Number of product terms
        LL = Number of logic levels
       PRE = Has preset equation
       RES = Has reset equation
       PUP = Power-Up initial state: R=Reset, S=Set
        CE = Has clock enable equation
        OE = Has output enable equation
        FP = Fast path used
       OBP = ORP bypass used



Bidir_Signal_List
~~~~~~~~~~~~~~~~~
          I         C      P R P       O Bidir
          N         L Mc   R E U C O F B Fanout
 Pin GLB  P LL PTs  S Type E S P E E P P         Slew Pullup Signal
-------------------------------------------------------------------
-------------------------------------------------------------------

<Note> CLS = Number of clusters used
       INP = Number of input signals
       PTs = Number of product terms
        LL = Number of logic levels
       PRE = Has preset equation
       RES = Has reset equation
       PUP = Power-Up initial state: R=Reset, S=Set
        CE = Has clock enable equation
        OE = Has output enable equation
        FP = Fast path used
       OBP = ORP bypass used



Buried_Signal_List
~~~~~~~~~~~~~~~~~~
        I         C      P R P       Node
        N         L Mc   R E U C I F Fanout
Mc GLB  P LL PTs  S Type E S P E R P         Signal
----------------------------------------------------------
 3   B  3  1   1  1 DFF      R       1 -B--  B0_debounced
 7   B  2  -   1  1 DFF      R       1 -B--  B1_lastSample
 5   B  3  1   1  1 DFF      R       1 -B--  L0_debounced
12   B  2  -   1  1 DFF      R       1 -B--  L1_lastSample
12   A  1  1   1  1 DFF      R       3 A-CD  S0_s0
 7   D  2  1   2  1 DFF      R       3 A-CD  S0_s1
 0   A  3  1   3  1 DFF      R       2 A-C-  S0_s2
 7   C  4  1   4  1 DFF      R       2 A-C-  S0_s3
 1   A  5  1   2  1 DFF      R       1 A---  S0_s4
 9   A  5  1   1  1 TFF      R       1 A---  S0_s5
 7   A  6  1   1  1 TFF      R       1 A---  S0_s6
 5   A  7  1   1  1 TFF      R       1 A---  S0_s7
 3   A  8  1   1  1 TFF      R       1 A---  S0_s8
 2   A  9  1   1  1 TFF      R       1 -B--  S0_s9
 0   B  3  1   1  1 DFF      R       1 -B--  X0_debounced
 6   B  2  -   1  1 DFF      R       1 -B--  X1_lastSample
----------------------------------------------------------

<Note> CLS = Number of clusters used
       INP = Number of input signals
       PTs = Number of product terms
        LL = Number of logic levels
       PRE = Has preset equation
       RES = Has reset equation
       PUP = Power-Up initial state: R=Reset, S=Set
        CE = Has clock enable equation
        OE = Has output enable equation
        IR = Input register
        FP = Fast path used
       OBP = ORP bypass used



PostFit_Equations
~~~~~~~~~~~~~~~~~
B0_debounced.D = !downButton & B1_lastSample.Q ; (1 pterm, 2 signals)
B0_debounced.C = S0_s9.Q ; (1 pterm, 1 signal)

B1_lastSample.D = !downButton ; (1 pterm, 1 signal)
B1_lastSample.C = S0_s9.Q ; (1 pterm, 1 signal)

L0_debounced.D = !loadButton & L1_lastSample.Q ; (1 pterm, 2 signals)
L0_debounced.C = S0_s9.Q ; (1 pterm, 1 signal)

L1_lastSample.D = !loadButton ; (1 pterm, 1 signal)
L1_lastSample.C = S0_s9.Q ; (1 pterm, 1 signal)

S0_s0.D = !S0_s0.Q ; (1 pterm, 1 signal)
S0_s0.C = oneMHzClock ; (1 pterm, 1 signal)

S0_s1.D = S0_s1.Q & !S0_s0.Q
    # !S0_s1.Q & S0_s0.Q ; (2 pterms, 2 signals)
S0_s1.C = oneMHzClock ; (1 pterm, 1 signal)

S0_s2.D = !S0_s2.Q & S0_s1.Q & S0_s0.Q
    # S0_s2.Q & !S0_s1.Q
    # S0_s2.Q & !S0_s0.Q ; (3 pterms, 3 signals)
S0_s2.C = oneMHzClock ; (1 pterm, 1 signal)

S0_s3.D = !S0_s3.Q & S0_s2.Q & S0_s1.Q & S0_s0.Q
    # S0_s3.Q & !S0_s1.Q
    # S0_s3.Q & !S0_s2.Q
    # S0_s3.Q & !S0_s0.Q ; (4 pterms, 4 signals)
S0_s3.C = oneMHzClock ; (1 pterm, 1 signal)

S0_s4.D.X1 = S0_s4.Q ; (1 pterm, 1 signal)
S0_s4.D.X2 = S0_s3.Q & S0_s2.Q & S0_s1.Q & S0_s0.Q ; (1 pterm, 4 signals)
S0_s4.C = oneMHzClock ; (1 pterm, 1 signal)

S0_s5.T = S0_s4.Q & S0_s3.Q & S0_s2.Q & S0_s1.Q & S0_s0.Q ; (1 pterm, 5 signals)
S0_s5.C = oneMHzClock ; (1 pterm, 1 signal)

S0_s6.T = S0_s5.Q & S0_s4.Q & S0_s3.Q & S0_s2.Q & S0_s1.Q & S0_s0.Q ; (1 pterm, 6 signals)
S0_s6.C = oneMHzClock ; (1 pterm, 1 signal)

S0_s7.T = S0_s6.Q & S0_s5.Q & S0_s4.Q & S0_s3.Q & S0_s2.Q & S0_s1.Q & S0_s0.Q ; (1 pterm, 7 signals)
S0_s7.C = oneMHzClock ; (1 pterm, 1 signal)

S0_s8.T = S0_s7.Q & S0_s6.Q & S0_s5.Q & S0_s4.Q & S0_s3.Q & S0_s2.Q & S0_s1.Q
       & S0_s0.Q ; (1 pterm, 8 signals)
S0_s8.C = oneMHzClock ; (1 pterm, 1 signal)

S0_s9.T = S0_s8.Q & S0_s7.Q & S0_s6.Q & S0_s5.Q & S0_s4.Q & S0_s3.Q & S0_s2.Q
       & S0_s1.Q & S0_s0.Q ; (1 pterm, 9 signals)
S0_s9.C = oneMHzClock ; (1 pterm, 1 signal)

X0_debounced.D = !upButton & X1_lastSample.Q ; (1 pterm, 2 signals)
X0_debounced.C = S0_s9.Q ; (1 pterm, 1 signal)

X1_lastSample.D = !upButton ; (1 pterm, 1 signal)
X1_lastSample.C = S0_s9.Q ; (1 pterm, 1 signal)

q0.D = !loadButton & !d0
    # loadButton & !q0.Q ; (2 pterms, 3 signals)
q0.C = !( !X0_debounced.Q & !B0_debounced.Q & !L0_debounced.Q ) ; (1 pterm, 3 signals)
q0.AR = !reset ; (1 pterm, 1 signal)

q1.D.X1 = !loadButton & !d1
    # upButton & loadButton & !stepDirectionUp & q0.Q
    # downButton & loadButton & stepDirectionUp & q0.Q
    # !downButton & loadButton & stepDirectionUp & !q0.Q
    # !upButton & loadButton & !stepDirectionUp & !q0.Q ; (5 pterms, 6 signals)
q1.D.X2 = loadButton & !q1.Q ; (1 pterm, 2 signals)
q1.C = !( !X0_debounced.Q & !B0_debounced.Q & !L0_debounced.Q ) ; (1 pterm, 3 signals)
q1.AR = !reset ; (1 pterm, 1 signal)

q2.T = upButton & loadButton & !stepDirectionUp & !q0.Q & !q1.Q
    # !upButton & loadButton & !stepDirectionUp & q0.Q & q1.Q
    # downButton & loadButton & stepDirectionUp & !q0.Q & !q1.Q
    # !downButton & loadButton & stepDirectionUp & q0.Q & q1.Q
    # !loadButton & !d2 & !q2.Q
    # !loadButton & d2 & q2.Q ; (6 pterms, 8 signals)
q2.C = !( !X0_debounced.Q & !B0_debounced.Q & !L0_debounced.Q ) ; (1 pterm, 3 signals)
q2.AR = !reset ; (1 pterm, 1 signal)

q3.T = upButton & loadButton & !stepDirectionUp & !q0.Q & !q1.Q & !q2.Q
    # !upButton & loadButton & !stepDirectionUp & q0.Q & q1.Q & q2.Q
    # downButton & loadButton & stepDirectionUp & !q0.Q & !q1.Q & !q2.Q
    # !downButton & loadButton & stepDirectionUp & q0.Q & q1.Q & q2.Q
    # !loadButton & !d3 & !q3.Q
    # !loadButton & d3 & q3.Q ; (6 pterms, 9 signals)
q3.C = !( !X0_debounced.Q & !B0_debounced.Q & !L0_debounced.Q ) ; (1 pterm, 3 signals)
q3.AR = !reset ; (1 pterm, 1 signal)




