|--------------------------------------------------------------|
|- ispLEVER Classic 1.5.00.05.39.l1 Fitter Report File        -|
|- Copyright(C), 1992-2011, Lattice Semiconductor Corporation -|
|- All Rights Reserved.                                       -|
|--------------------------------------------------------------|




The Basic/Detailed Report Format can be selected in the dialog box
Tools->Fitter Report File Format...

Project_Summary
~~~~~~~~~~~~~~~
Project Name         :  mach64_verilog_project
Project Path         :  C:\Users\tmcphillips\Designs\Projects\MACH64\VerilogHDL\08_DecadeCounterTo7Segment
Project Fitted on    :  Thu Jan 26 11:53:29 2012

Device               :  M4064_32
Package              :  48
GLB Input Mux Size   :  10
Available Blocks     :  4
Speed                :  -7.5
Part Number          :  LC4064V-75T48I
Source Format        :  Pure_Verilog_HDL


// Project 'mach64_verilog_project' Fit Successfully! //


Compilation_Times
~~~~~~~~~~~~~~~~~
Prefit Time                     0 secs
Load Design Time                0.03 secs
Partition Time                  0.03 secs
Place Time                      0.00 secs
Route Time                      0.00 secs
Total Fit Time                  00:00:01


Design_Summary
~~~~~~~~~~~~~~
Total Input Pins                2
Total Logic Functions           24
  Total Output Pins             7
  Total Bidir I/O Pins          0
  Total Buried Nodes            17
Total Flip-Flops                17
  Total D Flip-Flops            17
  Total T Flip-Flops            0
  Total Latches                 0
Total Product Terms             64

Total Reserved Pins             0
Total Locked Pins               9
Total Locked Nodes              0

Total Unique Output Enables     0
Total Unique Clocks             14
Total Unique Clock Enables      0
Total Unique Resets             0
Total Unique Presets            0

Fmax Logic Levels               1


Device_Resource_Summary
~~~~~~~~~~~~~~~~~~~~~~~
                                 Device
                                 Total    Used   Not Used   Utilization
-----------------------------------------------------------------------
Dedicated Pins
  Clock/Input Pins                  4        1      3    -->    25
  I/O / Enable Pins                 2        0      2    -->     0
I/O Pins                           30        8     22    -->    26
Logic Functions                    64       24     40    -->    37
  Input Registers                  32        0     32    -->     0

GLB Inputs                        144       24    120    -->    16
Logical Product Terms             320       58    262    -->    18
Occupied GLBs                       4        3      1    -->    75
Macrocells                         64       24     40    -->    37

Control Product Terms:
  GLB Clock/Clock Enables           4        3      1    -->    75
  GLB Reset/Presets                 4        0      4    -->     0
  Macrocell Clocks                 64       11     53    -->    17
  Macrocell Clock Enables          64        0     64    -->     0
  Macrocell Enables                64        0     64    -->     0
  Macrocell Resets                 64        0     64    -->     0
  Macrocell Presets                64        0     64    -->     0

Global Routing Pool               100       18     82    -->    18
  GRP from IFB                     ..        1     ..    -->    ..
    (from input signals)           ..        1     ..    -->    ..
    (from output signals)          ..        0     ..    -->    ..
    (from bidir signals)           ..        0     ..    -->    ..
  GRP from MFB                     ..       17     ..    -->    ..
----------------------------------------------------------------------

<Note> 1 : The available PT is the product term that has not been used.
<Note> 2 : IFB is I/O feedback.
<Note> 3 : MFB is macrocell feedback.



GLB_Resource_Summary
~~~~~~~~~~~~~~~~~~~~
                                                                                     # of PT
               ---  Fanin  ---    I/O    Input  Macrocells       Macrocells   Logic  clusters
             Unique Shared Total  Pins    Regs Used Inaccessible  available    PTs   used
-------------------------------------------------------------------------------------------
Maximum
  GLB                      36      *(1)     8   --     --             16       80       16
-------------------------------------------------------------------------------------------
  GLB    A      3     7    10      0/8      0    7      0              9       15        7
  GLB    B      1     9    10      1/8      0    7      0              9       14        7
  GLB    C      0     4     4      7/8      0   10      0              6       29       10
  GLB    D      0     0     0      0/8      0    0      0             16        0        0
-------------------------------------------------------------------------------------------
TOTALS:         4    20    24      8/32     0   24      0             40       58       24

<Note> 1 : For ispMACH 4000 devices, the number of IOs depends on the GLB.
<Note> 2 : Four rightmost columns above reflect last status of the placement process.



GLB_Control_Summary
~~~~~~~~~~~~~~~~~~~
           Shared Shared | Mcell  Mcell  Mcell  Mcell  Mcell 
           Clk/CE Rst/Pr | Clock  CE     Enable Reset  Preset
------------------------------------------------------------------------------
Maximum
  GLB        1      1        16     16     16     16     16  
==============================================================================
  GLB    A   1      0         6      0      0      0      0
  GLB    B   1      0         4      0      0      0      0
  GLB    C   1      0         1      0      0      0      0
  GLB    D   0      0         0      0      0      0      0
------------------------------------------------------------------------------

<Note> 1 : For ispMACH 4000 devices, the number of output enables depends on the GLB.



Optimizer_and_Fitter_Options
~~~~~~~~~~~~~~~~~~~~~~~~~~~~
Pin Assignment :                       Yes
Group Assignment :                     No
Pin Reservation :                      No

@Ignore_Project_Constraints :
  Pin Assignments :                    No
      Keep Block Assignment            --
      Keep Segment Assignment          --
  Group Assignments :                  No
  Macrocell Assignment :               No
      Keep Block Assignment            --
      Keep Segment Assignment          --

@Backannotate_Project_Constraints
  Pin Assignments :                    No
  Pin And Block Assignments :          No
  Pin, Macrocell and Block :           No

@Timing_Constraints :                  No

@Global_Project_Optimization :
  Balanced Partitioning :              Yes
  Spread Placement :                   Yes

  Note :
    Pack Design :
       Balanced Partitioning = No
       Spread Placement      = No
    Spread Design :
       Balanced Partitioning = Yes
       Spread Placement      = Yes


@Logic_Synthesis :
  Logic Reduction :                    Yes
  Node Collapsing :                    FMAX
  Fmax_Logic_Level :                   1
  D/T Synthesis :                      Yes
  XOR Synthesis :                      Yes
  Max. P-Term for Collapsing :         16
  Max. P-Term for Splitting :          80
  Max Symbols :                        24

@Utilization_options
  Max. % of Macrocells used :          100
@Usercode                               (HEX)
@IO_Types                              Default = LVCMOS18 (2)
@Output_Slew_Rate                      Default = FAST (2)
@Power                                 Default = HIGH (2)
@Pull                                  Default = PULLUP_UP (2)
@Fast_Bypass                           Default = None (2)
@ORP_Bypass                            Default = None
@Input_Registers                       Default = None (2)
@Register_Powerup                      Default = None

Device Options:
<Note> 1 : Reserved unused I/Os can be independently driven to Low or High, and does not
           follow the drive level set for the Global Configure Unused I/O Option.
<Note> 2 : For user-specified constraints on individual signals, refer to the Output,
           Bidir and Buried Signal Lists.



Pinout_Listing
~~~~~~~~~~~~~~
      | Pin   | Bank |GLB |Assigned|                 | Signal|
Pin No| Type  |Number|Pad |Pin     |     I/O Type    | Type  | Signal name
-------------------------------------------------------------------------------------------
1     | TDI   |   -  |    |        |                 |       |
2     |  I_O  |   0  |A10 |        |                 |       |
3     |  I_O  |   0  |A12 |        |                 |       |
4     |  I_O  |   0  |A14 |        |                 |       |
5     |GNDIO0 |   -  |    |        |                 |       |
6     |VCCIO0 |   -  |    |        |                 |       |
7     |  I_O  |   0  |B0  |        |                 |       |
8     |  I_O  |   0  |B2  |        |                 |       |
9     |  I_O  |   0  |B4  |        |                 |       |
10    |  I_O  |   0  |B6  |        |                 |       |
11    | TCK   |   -  |    |        |                 |       |
12    | VCC   |   -  |    |        |                 |       |
13    | GND   |   -  |    |        |                 |       |
14    |  I_O  |   0  |B8  |    *   |LVCMOS18         | Input |stepButton_n
15    |  I_O  |   0  |B10 |        |                 |       |
16    |  I_O  |   0  |B12 |        |                 |       |
17    |  I_O  |   0  |B14 |        |                 |       |
18    |INCLK1 |   0  |    |        |                 |       |
19    |INCLK2 |   1  |    |        |                 |       |
20    |  I_O  |   1  |C0  |    *   |LVCMOS18         | Output|a
21    |  I_O  |   1  |C2  |    *   |LVCMOS18         | Output|b
22    |  I_O  |   1  |C4  |    *   |LVCMOS18         | Output|c
23    |  I_O  |   1  |C6  |    *   |LVCMOS18         | Output|d
24    |  I_O  |   1  |C8  |    *   |LVCMOS18         | Output|e
25    | TMS   |   -  |    |        |                 |       |
26    |  I_O  |   1  |C10 |    *   |LVCMOS18         | Output|f
27    |  I_O  |   1  |C12 |    *   |LVCMOS18         | Output|g
28    |  I_O  |   1  |C14 |        |                 |       |
29    |GNDIO1 |   -  |    |        |                 |       |
30    |VCCIO1 |   -  |    |        |                 |       |
31    |  I_O  |   1  |D0  |        |                 |       |
32    |  I_O  |   1  |D2  |        |                 |       |
33    |  I_O  |   1  |D4  |        |                 |       |
34    |  I_O  |   1  |D6  |        |                 |       |
35    | TDO   |   -  |    |        |                 |       |
36    | VCC   |   -  |    |        |                 |       |
37    | GND   |   -  |    |        |                 |       |
38    |  I_O  |   1  |D8  |        |                 |       |
39    |  I_O  |   1  |D10 |        |                 |       |
40    |  I_O  |   1  |D12 |        |                 |       |
41    | I_O/OE|   1  |D14 |        |                 |       |
42    |INCLK3 |   1  |    |        |                 |       |
43    |INCLK0 |   0  |    |    *   |LVCMOS18         | Input |oneMHzClock
44    | I_O/OE|   0  |A0  |        |                 |       |
45    |  I_O  |   0  |A2  |        |                 |       |
46    |  I_O  |   0  |A4  |        |                 |       |
47    |  I_O  |   0  |A6  |        |                 |       |
48    |  I_O  |   0  |A8  |        |                 |       |
-------------------------------------------------------------------------------------------

<Note> GLB Pad : This notation refers to the GLB I/O pad number in the device.
<Note> Assigned Pin : user or dedicated input assignment (E.g. Clock pins).
<Note> Pin Type : 
          ClkIn : Dedicated input or clock pin 
           CLK  : Dedicated clock pin
           I_O  : Input/Output pin
           INP  : Dedicated input pin
           JTAG : JTAG Control and test pin
           NC   : No connected



Input_Signal_List
~~~~~~~~~~~~~~~~~
                Input
         Pin    Fanout
 Pin GLB Type           Pullup Signal
-------------------------------------------
  43  -- INCLK    ----      Up oneMHzClock
  14   B  I/O   2 AB--      Up stepButton_n
-------------------------------------------



Output_Signal_List
~~~~~~~~~~~~~~~~~~
          I         C      P R P       O Output
          N         L Mc   R E U C O F B Fanout
 Pin GLB  P LL PTs  S Type E S P E E P P         Slew Pullup Signal
-------------------------------------------------------------------
  20   C  4  -   4  1 COM                  ----  Fast     Up a
  21   C  4  -   4  1 COM                  ----  Fast     Up b
  22   C  4  -   3  1 COM                  ----  Fast     Up c
  23   C  4  -   4  1 COM                  ----  Fast     Up d
  24   C  4  -   3  1 COM                  ----  Fast     Up e
  26   C  4  -   4  1 COM                  ----  Fast     Up f
  27   C  4  -   3  1 COM                  ----  Fast     Up g
-------------------------------------------------------------------

<Note> CLS = Number of clusters used
       INP = Number of input signals
       PTs = Number of product terms
        LL = Number of logic levels
       PRE = Has preset equation
       RES = Has reset equation
       PUP = Power-Up initial state: R=Reset, S=Set
        CE = Has clock enable equation
        OE = Has output enable equation
        FP = Fast path used
       OBP = ORP bypass used



Bidir_Signal_List
~~~~~~~~~~~~~~~~~
          I         C      P R P       O Bidir
          N         L Mc   R E U C O F B Fanout
 Pin GLB  P LL PTs  S Type E S P E E P P         Slew Pullup Signal
-------------------------------------------------------------------
-------------------------------------------------------------------

<Note> CLS = Number of clusters used
       INP = Number of input signals
       PTs = Number of product terms
        LL = Number of logic levels
       PRE = Has preset equation
       RES = Has reset equation
       PUP = Power-Up initial state: R=Reset, S=Set
        CE = Has clock enable equation
        OE = Has output enable equation
        FP = Fast path used
       OBP = ORP bypass used



Buried_Signal_List
~~~~~~~~~~~~~~~~~~
        I         C      P R P       Node
        N         L Mc   R E U C I F Fanout
Mc GLB  P LL PTs  S Type E S P E R P         Signal
-------------------------------------------------------------------------
 1   B  2  1   2  1 DFF      R       1 -B--  u1rs_u1rc_genblk1_0__uitff_q
 3   B  2  1   2  1 DFF      R       1 -B--  u1rs_u1rc_genblk1_1__uitff_q
 5   B  2  1   2  1 DFF      R       1 -B--  u1rs_u1rc_genblk1_2__uitff_q
 7   B  2  1   2  1 DFF      R       2 AB--  u1rs_u1rc_genblk1_3__uitff_q
 5   A  2  1   2  1 DFF      R       1 A---  u1rs_u1rc_genblk1_4__uitff_q
 7   A  2  1   2  1 DFF      R       1 A---  u1rs_u1rc_genblk1_5__uitff_q
 9   A  2  1   2  1 DFF      R       1 A---  u1rs_u1rc_genblk1_6__uitff_q
12   A  2  1   2  1 DFF      R       1 A---  u1rs_u1rc_genblk1_7__uitff_q
 1   A  2  1   2  1 DFF      R       2 AB--  u1rs_u1rc_genblk1_8__uitff_q
12   B  1  1   1  1 DFF      R       1 -B--  u1rs_u1rc_u0tff_q
 0   A  4  1   3  1 DFF      R       2 AB--  u2bpd_state_0_
 0   B  5  1   3  1 DFF      R       1 -B--  u2bpd_state_1_
 9   B  5  1   2  1 DFF      R       2 AB--  u2bpd_state_2_
 3   A  3  1   2  1 DFF      R       2 A-C-  u4udc_u0jkff_q
 7   C  3  1   1  1 DFF      R       1 --C-  u4udc_u1jkff_q
 5   C  2  1   2  1 DFF      R       1 --C-  u4udc_u2jkff_q
12   C  4  1   1  1 DFF      R       1 --C-  u4udc_u3jkff_q
-------------------------------------------------------------------------

<Note> CLS = Number of clusters used
       INP = Number of input signals
       PTs = Number of product terms
        LL = Number of logic levels
       PRE = Has preset equation
       RES = Has reset equation
       PUP = Power-Up initial state: R=Reset, S=Set
        CE = Has clock enable equation
        OE = Has output enable equation
        IR = Input register
        FP = Fast path used
       OBP = ORP bypass used



PostFit_Equations
~~~~~~~~~~~~~~~~~
a = !( !u4udc_u0jkff_q.Q & !u4udc_u1jkff_q.Q & u4udc_u2jkff_q.Q
       & !u4udc_u3jkff_q.Q
    # u4udc_u0jkff_q.Q & u4udc_u1jkff_q.Q & !u4udc_u2jkff_q.Q
       & u4udc_u3jkff_q.Q
    # u4udc_u0jkff_q.Q & !u4udc_u1jkff_q.Q & !u4udc_u2jkff_q.Q
       & !u4udc_u3jkff_q.Q
    # u4udc_u0jkff_q.Q & !u4udc_u1jkff_q.Q & u4udc_u2jkff_q.Q
       & u4udc_u3jkff_q.Q ) ; (4 pterms, 4 signals)

b = !( u4udc_u0jkff_q.Q & !u4udc_u1jkff_q.Q & u4udc_u2jkff_q.Q
       & !u4udc_u3jkff_q.Q
    # !u4udc_u0jkff_q.Q & u4udc_u1jkff_q.Q & u4udc_u2jkff_q.Q
    # u4udc_u0jkff_q.Q & u4udc_u1jkff_q.Q & u4udc_u3jkff_q.Q
    # !u4udc_u0jkff_q.Q & u4udc_u2jkff_q.Q & u4udc_u3jkff_q.Q ) ; (4 pterms, 4 signals)

c = !( !u4udc_u0jkff_q.Q & u4udc_u1jkff_q.Q & !u4udc_u2jkff_q.Q
       & !u4udc_u3jkff_q.Q
    # u4udc_u1jkff_q.Q & u4udc_u2jkff_q.Q & u4udc_u3jkff_q.Q
    # !u4udc_u0jkff_q.Q & u4udc_u2jkff_q.Q & u4udc_u3jkff_q.Q ) ; (3 pterms, 4 signals)

d = !( !u4udc_u0jkff_q.Q & u4udc_u1jkff_q.Q & !u4udc_u2jkff_q.Q
       & u4udc_u3jkff_q.Q
    # u4udc_u0jkff_q.Q & !u4udc_u1jkff_q.Q & !u4udc_u2jkff_q.Q
       & !u4udc_u3jkff_q.Q
    # !u4udc_u0jkff_q.Q & !u4udc_u1jkff_q.Q & u4udc_u2jkff_q.Q
       & !u4udc_u3jkff_q.Q
    # u4udc_u0jkff_q.Q & u4udc_u1jkff_q.Q & u4udc_u2jkff_q.Q ) ; (4 pterms, 4 signals)

e = !( u4udc_u0jkff_q.Q & !u4udc_u1jkff_q.Q & !u4udc_u2jkff_q.Q
    # !u4udc_u1jkff_q.Q & u4udc_u2jkff_q.Q & !u4udc_u3jkff_q.Q
    # u4udc_u0jkff_q.Q & !u4udc_u3jkff_q.Q ) ; (3 pterms, 4 signals)

f = !( u4udc_u0jkff_q.Q & !u4udc_u1jkff_q.Q & u4udc_u2jkff_q.Q
       & u4udc_u3jkff_q.Q
    # u4udc_u1jkff_q.Q & !u4udc_u2jkff_q.Q & !u4udc_u3jkff_q.Q
    # u4udc_u0jkff_q.Q & !u4udc_u2jkff_q.Q & !u4udc_u3jkff_q.Q
    # u4udc_u0jkff_q.Q & u4udc_u1jkff_q.Q & !u4udc_u3jkff_q.Q ) ; (4 pterms, 4 signals)

g = !( u4udc_u0jkff_q.Q & u4udc_u1jkff_q.Q & u4udc_u2jkff_q.Q
       & !u4udc_u3jkff_q.Q
    # !u4udc_u0jkff_q.Q & !u4udc_u1jkff_q.Q & u4udc_u2jkff_q.Q
       & u4udc_u3jkff_q.Q
    # !u4udc_u1jkff_q.Q & !u4udc_u2jkff_q.Q & !u4udc_u3jkff_q.Q ) ; (3 pterms, 4 signals)

u1rs_u1rc_genblk1_0__uitff_q.D = !u1rs_u1rc_genblk1_0__uitff_q.Q ; (1 pterm, 1 signal)
u1rs_u1rc_genblk1_0__uitff_q.C = !u1rs_u1rc_u0tff_q.Q ; (1 pterm, 1 signal)

u1rs_u1rc_genblk1_1__uitff_q.D = !u1rs_u1rc_genblk1_1__uitff_q.Q ; (1 pterm, 1 signal)
u1rs_u1rc_genblk1_1__uitff_q.C = !u1rs_u1rc_genblk1_0__uitff_q.Q ; (1 pterm, 1 signal)

u1rs_u1rc_genblk1_2__uitff_q.D = !u1rs_u1rc_genblk1_2__uitff_q.Q ; (1 pterm, 1 signal)
u1rs_u1rc_genblk1_2__uitff_q.C = !u1rs_u1rc_genblk1_1__uitff_q.Q ; (1 pterm, 1 signal)

u1rs_u1rc_genblk1_3__uitff_q.D = !u1rs_u1rc_genblk1_3__uitff_q.Q ; (1 pterm, 1 signal)
u1rs_u1rc_genblk1_3__uitff_q.C = !u1rs_u1rc_genblk1_2__uitff_q.Q ; (1 pterm, 1 signal)

u1rs_u1rc_genblk1_4__uitff_q.D = !u1rs_u1rc_genblk1_4__uitff_q.Q ; (1 pterm, 1 signal)
u1rs_u1rc_genblk1_4__uitff_q.C = !u1rs_u1rc_genblk1_3__uitff_q.Q ; (1 pterm, 1 signal)

u1rs_u1rc_genblk1_5__uitff_q.D = !u1rs_u1rc_genblk1_5__uitff_q.Q ; (1 pterm, 1 signal)
u1rs_u1rc_genblk1_5__uitff_q.C = !u1rs_u1rc_genblk1_4__uitff_q.Q ; (1 pterm, 1 signal)

u1rs_u1rc_genblk1_6__uitff_q.D = !u1rs_u1rc_genblk1_6__uitff_q.Q ; (1 pterm, 1 signal)
u1rs_u1rc_genblk1_6__uitff_q.C = !u1rs_u1rc_genblk1_5__uitff_q.Q ; (1 pterm, 1 signal)

u1rs_u1rc_genblk1_7__uitff_q.D = !u1rs_u1rc_genblk1_7__uitff_q.Q ; (1 pterm, 1 signal)
u1rs_u1rc_genblk1_7__uitff_q.C = !u1rs_u1rc_genblk1_6__uitff_q.Q ; (1 pterm, 1 signal)

u1rs_u1rc_genblk1_8__uitff_q.D = !u1rs_u1rc_genblk1_8__uitff_q.Q ; (1 pterm, 1 signal)
u1rs_u1rc_genblk1_8__uitff_q.C = !u1rs_u1rc_genblk1_7__uitff_q.Q ; (1 pterm, 1 signal)

u1rs_u1rc_u0tff_q.D = !u1rs_u1rc_u0tff_q.Q ; (1 pterm, 1 signal)
u1rs_u1rc_u0tff_q.C = !oneMHzClock ; (1 pterm, 1 signal)

u2bpd_state_0_.D = !stepButton_n & !u2bpd_state_0_.Q
    # !u2bpd_state_0_.Q & u2bpd_state_2_.Q
    # !stepButton_n & u2bpd_state_2_.Q ; (3 pterms, 3 signals)
u2bpd_state_0_.C = u1rs_u1rc_genblk1_8__uitff_q.Q ; (1 pterm, 1 signal)

u2bpd_state_1_.D = !u2bpd_state_0_.Q & u2bpd_state_1_.Q & u2bpd_state_2_.Q
    # !stepButton_n & u2bpd_state_0_.Q
    # !stepButton_n & u2bpd_state_1_.Q ; (3 pterms, 4 signals)
u2bpd_state_1_.C = u1rs_u1rc_genblk1_8__uitff_q.Q ; (1 pterm, 1 signal)

u2bpd_state_2_.D = !stepButton_n & u2bpd_state_0_.Q & u2bpd_state_1_.Q
    # !u2bpd_state_0_.Q & u2bpd_state_1_.Q & u2bpd_state_2_.Q ; (2 pterms, 4 signals)
u2bpd_state_2_.C = u1rs_u1rc_genblk1_8__uitff_q.Q ; (1 pterm, 1 signal)

u4udc_u0jkff_q.D = !u4udc_u0jkff_q.Q ; (1 pterm, 1 signal)
u4udc_u0jkff_q.C = !( !u2bpd_state_0_.Q & u2bpd_state_2_.Q ) ; (1 pterm, 2 signals)

u4udc_u1jkff_q.D = !u4udc_u1jkff_q.Q & !u4udc_u3jkff_q.Q ; (1 pterm, 2 signals)
u4udc_u1jkff_q.C = !u4udc_u0jkff_q.Q ; (1 pterm, 1 signal)

u4udc_u2jkff_q.D = !u4udc_u2jkff_q.Q ; (1 pterm, 1 signal)
u4udc_u2jkff_q.C = !u4udc_u1jkff_q.Q ; (1 pterm, 1 signal)

u4udc_u3jkff_q.D = u4udc_u1jkff_q.Q & u4udc_u2jkff_q.Q & !u4udc_u3jkff_q.Q ; (1 pterm, 3 signals)
u4udc_u3jkff_q.C = !u4udc_u0jkff_q.Q ; (1 pterm, 1 signal)




