|--------------------------------------------------------------|
|- ispLEVER Classic 1.5.00.05.39.l1 Fitter Report File        -|
|- Copyright(C), 1992-2011, Lattice Semiconductor Corporation -|
|- All Rights Reserved.                                       -|
|--------------------------------------------------------------|




The Basic/Detailed Report Format can be selected in the dialog box
Tools->Fitter Report File Format...

Project_Summary
~~~~~~~~~~~~~~~
Project Name         :  mach64_verilog_project
Project Path         :  C:\Users\tmcphillips\Designs\Projects\MACH64\VerilogHDL\15_CPU_6
Project Fitted on    :  Mon Jan 30 19:52:39 2012

Device               :  M4064_32
Package              :  48
GLB Input Mux Size   :  10
Available Blocks     :  4
Speed                :  -7.5
Part Number          :  LC4064V-75T48I
Source Format        :  Pure_Verilog_HDL


// Project 'mach64_verilog_project' Fit Successfully! //


Compilation_Times
~~~~~~~~~~~~~~~~~
Prefit Time                     0 secs
Load Design Time                0.05 secs
Partition Time                  0.08 secs
Place Time                      0.00 secs
Route Time                      0.00 secs
Total Fit Time                  00:00:01


Design_Summary
~~~~~~~~~~~~~~
Total Input Pins                3
Total Logic Functions           52
  Total Output Pins             18
  Total Bidir I/O Pins          0
  Total Buried Nodes            34
Total Flip-Flops                29
  Total D Flip-Flops            29
  Total T Flip-Flops            0
  Total Latches                 0
Total Product Terms             225

Total Reserved Pins             0
Total Locked Pins               21
Total Locked Nodes              0

Total Unique Output Enables     0
Total Unique Clocks             10
Total Unique Clock Enables      4
Total Unique Resets             1
Total Unique Presets            0

Fmax Logic Levels               6


Device_Resource_Summary
~~~~~~~~~~~~~~~~~~~~~~~
                                 Device
                                 Total    Used   Not Used   Utilization
-----------------------------------------------------------------------
Dedicated Pins
  Clock/Input Pins                  4        1      3    -->    25
  I/O / Enable Pins                 2        0      2    -->     0
I/O Pins                           30       20     10    -->    66
Logic Functions                    64       52     12    -->    81
  Input Registers                  32        0     32    -->     0

GLB Inputs                        144       96     48    -->    66
Logical Product Terms             320      196    124    -->    61
Occupied GLBs                       4        4      0    -->   100
Macrocells                         64       52     12    -->    81

Control Product Terms:
  GLB Clock/Clock Enables           4        4      0    -->   100
  GLB Reset/Presets                 4        0      4    -->     0
  Macrocell Clocks                 64       10     54    -->    15
  Macrocell Clock Enables          64       14     50    -->    21
  Macrocell Enables                64        0     64    -->     0
  Macrocell Resets                 64        4     60    -->     6
  Macrocell Presets                64        0     64    -->     0

Global Routing Pool               100       54     46    -->    54
  GRP from IFB                     ..        2     ..    -->    ..
    (from input signals)           ..        2     ..    -->    ..
    (from output signals)          ..        0     ..    -->    ..
    (from bidir signals)           ..        0     ..    -->    ..
  GRP from MFB                     ..       52     ..    -->    ..
----------------------------------------------------------------------

<Note> 1 : The available PT is the product term that has not been used.
<Note> 2 : IFB is I/O feedback.
<Note> 3 : MFB is macrocell feedback.



GLB_Resource_Summary
~~~~~~~~~~~~~~~~~~~~
                                                                                     # of PT
               ---  Fanin  ---    I/O    Input  Macrocells       Macrocells   Logic  clusters
             Unique Shared Total  Pins    Regs Used Inaccessible  available    PTs   used
-------------------------------------------------------------------------------------------
Maximum
  GLB                      36      *(1)     8   --     --             16       80       16
-------------------------------------------------------------------------------------------
  GLB    A     12    11    23      7/8      0   11      0              5       33       11
  GLB    B      9    19    28      4/8      0   14      0              2       69       16
  GLB    C      2    15    17      4/8      0   14      0              2       46       14
  GLB    D      7    21    28      5/8      0   13      0              3       48       14
-------------------------------------------------------------------------------------------
TOTALS:        30    66    96     20/32     0   52      0             12      196       55

<Note> 1 : For ispMACH 4000 devices, the number of IOs depends on the GLB.
<Note> 2 : Four rightmost columns above reflect last status of the placement process.



GLB_Control_Summary
~~~~~~~~~~~~~~~~~~~
           Shared Shared | Mcell  Mcell  Mcell  Mcell  Mcell 
           Clk/CE Rst/Pr | Clock  CE     Enable Reset  Preset
------------------------------------------------------------------------------
Maximum
  GLB        1      1        16     16     16     16     16  
==============================================================================
  GLB    A   1      0         0      7      0      0      0
  GLB    B   1      0         3      4      0      0      0
  GLB    C   1      0         7      0      0      4      0
  GLB    D   1      0         0      3      0      0      0
------------------------------------------------------------------------------

<Note> 1 : For ispMACH 4000 devices, the number of output enables depends on the GLB.



Optimizer_and_Fitter_Options
~~~~~~~~~~~~~~~~~~~~~~~~~~~~
Pin Assignment :                       Yes
Group Assignment :                     No
Pin Reservation :                      No

@Ignore_Project_Constraints :
  Pin Assignments :                    No
      Keep Block Assignment            --
      Keep Segment Assignment          --
  Group Assignments :                  No
  Macrocell Assignment :               No
      Keep Block Assignment            --
      Keep Segment Assignment          --

@Backannotate_Project_Constraints
  Pin Assignments :                    No
  Pin And Block Assignments :          No
  Pin, Macrocell and Block :           No

@Timing_Constraints :                  No

@Global_Project_Optimization :
  Balanced Partitioning :              No
  Spread Placement :                   Yes

  Note :
    Pack Design :
       Balanced Partitioning = No
       Spread Placement      = No
    Spread Design :
       Balanced Partitioning = Yes
       Spread Placement      = Yes


@Logic_Synthesis :
  Logic Reduction :                    Yes
  Node Collapsing :                    FMAX
  Fmax_Logic_Level :                   1
  D/T Synthesis :                      Yes
  XOR Synthesis :                      Yes
  Max. P-Term for Collapsing :         16
  Max. P-Term for Splitting :          80
  Max Symbols :                        24

@Utilization_options
  Max. % of Macrocells used :          100
@Usercode                               (HEX)
@IO_Types                              Default = LVCMOS18 (2)
@Output_Slew_Rate                      Default = FAST (2)
@Power                                 Default = HIGH (2)
@Pull                                  Default = PULLUP_UP (2)
@Fast_Bypass                           Default = None (2)
@ORP_Bypass                            Default = None
@Input_Registers                       Default = None (2)
@Register_Powerup                      Default = None

Device Options:
<Note> 1 : Reserved unused I/Os can be independently driven to Low or High, and does not
           follow the drive level set for the Global Configure Unused I/O Option.
<Note> 2 : For user-specified constraints on individual signals, refer to the Output,
           Bidir and Buried Signal Lists.



Pinout_Listing
~~~~~~~~~~~~~~
      | Pin   | Bank |GLB |Assigned|                 | Signal|
Pin No| Type  |Number|Pad |Pin     |     I/O Type    | Type  | Signal name
-------------------------------------------------------------------------------------------
1     | TDI   |   -  |    |        |                 |       |
2     |  I_O  |   0  |A10 |    *   |LVCMOS18         | Output|b_reg_1_
3     |  I_O  |   0  |A12 |    *   |LVCMOS18         | Output|b_reg_2_
4     |  I_O  |   0  |A14 |    *   |LVCMOS18         | Output|b_reg_3_
5     |GNDIO0 |   -  |    |        |                 |       |
6     |VCCIO0 |   -  |    |        |                 |       |
7     |  I_O  |   0  |B0  |    *   |LVCMOS18         | Output|c_reg_0_
8     |  I_O  |   0  |B2  |    *   |LVCMOS18         | Output|c_reg_1_
9     |  I_O  |   0  |B4  |    *   |LVCMOS18         | Output|c_reg_2_
10    |  I_O  |   0  |B6  |    *   |LVCMOS18         | Output|c_reg_3_
11    | TCK   |   -  |    |        |                 |       |
12    | VCC   |   -  |    |        |                 |       |
13    | GND   |   -  |    |        |                 |       |
14    |  I_O  |   0  |B8  |        |                 |       |
15    |  I_O  |   0  |B10 |        |                 |       |
16    |  I_O  |   0  |B12 |        |                 |       |
17    |  I_O  |   0  |B14 |        |                 |       |
18    |INCLK1 |   0  |    |    *   |LVCMOS18         | Input |oneMHzClock
19    |INCLK2 |   1  |    |        |                 |       |
20    |  I_O  |   1  |C0  |        |                 |       |
21    |  I_O  |   1  |C2  |        |                 |       |
22    |  I_O  |   1  |C4  |        |                 |       |
23    |  I_O  |   1  |C6  |        |                 |       |
24    |  I_O  |   1  |C8  |    *   |LVCMOS18         | Output|pc_3_
25    | TMS   |   -  |    |        |                 |       |
26    |  I_O  |   1  |C10 |    *   |LVCMOS18         | Output|pc_2_
27    |  I_O  |   1  |C12 |    *   |LVCMOS18         | Output|pc_1_
28    |  I_O  |   1  |C14 |    *   |LVCMOS18         | Output|pc_0_
29    |GNDIO1 |   -  |    |        |                 |       |
30    |VCCIO1 |   -  |    |        |                 |       |
31    |  I_O  |   1  |D0  |    *   |LVCMOS18         | Input |step
32    |  I_O  |   1  |D2  |    *   |LVCMOS18         | Input |reset_n
33    |  I_O  |   1  |D4  |        |                 |       |
34    |  I_O  |   1  |D6  |        |                 |       |
35    | TDO   |   -  |    |        |                 |       |
36    | VCC   |   -  |    |        |                 |       |
37    | GND   |   -  |    |        |                 |       |
38    |  I_O  |   1  |D8  |    *   |LVCMOS18         | Output|zf
39    |  I_O  |   1  |D10 |    *   |LVCMOS18         | Output|cf
40    |  I_O  |   1  |D12 |    *   |LVCMOS18         | Output|b_reg_0_
41    | I_O/OE|   1  |D14 |        |                 |       |
42    |INCLK3 |   1  |    |        |                 |       |
43    |INCLK0 |   0  |    |        |                 |       |
44    | I_O/OE|   0  |A0  |        |                 |       |
45    |  I_O  |   0  |A2  |    *   |LVCMOS18         | Output|a_reg_0_
46    |  I_O  |   0  |A4  |    *   |LVCMOS18         | Output|a_reg_1_
47    |  I_O  |   0  |A6  |    *   |LVCMOS18         | Output|a_reg_2_
48    |  I_O  |   0  |A8  |    *   |LVCMOS18         | Output|a_reg_3_
-------------------------------------------------------------------------------------------

<Note> GLB Pad : This notation refers to the GLB I/O pad number in the device.
<Note> Assigned Pin : user or dedicated input assignment (E.g. Clock pins).
<Note> Pin Type : 
          ClkIn : Dedicated input or clock pin 
           CLK  : Dedicated clock pin
           I_O  : Input/Output pin
           INP  : Dedicated input pin
           JTAG : JTAG Control and test pin
           NC   : No connected



Input_Signal_List
~~~~~~~~~~~~~~~~~
                Input
         Pin    Fanout
 Pin GLB Type           Pullup Signal
------------------------------------------
  18  -- INCLK    ----      Up oneMHzClock
  32   D  I/O   4 ABCD      Up reset_n
  31   D  I/O   1 --C-      Up step
------------------------------------------



Output_Signal_List
~~~~~~~~~~~~~~~~~~
          I         C      P R P       O Output
          N         L Mc   R E U C O F B Fanout
 Pin GLB  P LL PTs  S Type E S P E E P P         Slew Pullup Signal
---------------------------------------------------------------------
  45   A 11  5   5  1 DFF    * R *       1 ---D  Fast     Up a_reg_0_
  46   A  6  5   2  1 DFF    * R *       1 A---  Fast     Up a_reg_1_
  47   A  7  5   3  1 DFF    * R *       1 A---  Fast     Up a_reg_2_
  48   A  6  6   2  1 DFF    * R *       1 A---  Fast     Up a_reg_3_
  40   D  8  1   2  1 DFF    * R *       1 -B--  Fast     Up b_reg_0_
   2   A  8  1   2  1 DFF    * R *       1 -B--  Fast     Up b_reg_1_
   3   A  8  1   2  1 DFF    * R *       1 ---D  Fast     Up b_reg_2_
   4   A  8  1   2  1 DFF    * R *       2 -B-D  Fast     Up b_reg_3_
   7   B 11  5   6  2 DFF    * R *       1 ---D  Fast     Up c_reg_0_
   8   B  6  5   2  1 DFF    * R *       1 A---  Fast     Up c_reg_1_
   9   B  6  5   2  2 DFF    * R *       1 A---  Fast     Up c_reg_2_
  10   B  6  6   2  1 DFF    * R *       1 A---  Fast     Up c_reg_3_
  39   D 16  4   8  2 DFF    * R *       1 --C-  Fast     Up cf
  28   C  8  1   5  1 DFF    * R         4 ABCD  Fast     Up pc_0_
  27   C  8  1   5  1 DFF    * R         3 A-CD  Fast     Up pc_1_
  26   C  8  1   5  1 DFF    * R         3 A-CD  Fast     Up pc_2_
  24   C  8  1   5  1 DFF    * R         3 A-CD  Fast     Up pc_3_
  38   D 13  6   5  2 DFF    * R *       1 --C-  Fast     Up zf
---------------------------------------------------------------------

<Note> CLS = Number of clusters used
       INP = Number of input signals
       PTs = Number of product terms
        LL = Number of logic levels
       PRE = Has preset equation
       RES = Has reset equation
       PUP = Power-Up initial state: R=Reset, S=Set
        CE = Has clock enable equation
        OE = Has output enable equation
        FP = Fast path used
       OBP = ORP bypass used



Bidir_Signal_List
~~~~~~~~~~~~~~~~~
          I         C      P R P       O Bidir
          N         L Mc   R E U C O F B Fanout
 Pin GLB  P LL PTs  S Type E S P E E P P         Slew Pullup Signal
-------------------------------------------------------------------
-------------------------------------------------------------------

<Note> CLS = Number of clusters used
       INP = Number of input signals
       PTs = Number of product terms
        LL = Number of logic levels
       PRE = Has preset equation
       RES = Has reset equation
       PUP = Power-Up initial state: R=Reset, S=Set
        CE = Has clock enable equation
        OE = Has output enable equation
        FP = Fast path used
       OBP = ORP bypass used



Buried_Signal_List
~~~~~~~~~~~~~~~~~~
        I         C      P R P       Node
        N         L Mc   R E U C I F Fanout
Mc GLB  P LL PTs  S Type E S P E R P         Signal
-------------------------------------------------------------------------
 9   A  6  -   4  1 COM              2 -B-D  N_10_0
 7   A  6  -   4  1 COM              2 -B-D  N_12_0
12   A  4  -   3  1 COM              3 AB-D  N_14_0
12   C  4  -   2  1 COM              1 --C-  N_181_i
10   D  4  -   2  1 COM              1 ---D  N_60
 3   D  6  -   4  2 COM              3 AB-D  N_6_0
 5   A  6  -   4  1 COM              3 AB-D  N_8_0
 9   B  8  -   8  3 COM              3 AB-D  alu_r_1__n
 8   B  9  -   9  2 COM              3 AB-D  alu_r_2__n
 3   B 11  -  14  3 COM              3 AB-D  alu_r_3__n
13   D  5  -   2  1 COM              1 -B--  c_reg_3__0
 6   C  5  -   3  1 COM              2 -B-D  statement_5__n
 7   B  2  1   3  1 DFF      R       1 -B--  u0rs_u1rc_genblk1_0__uitff_q
11   B  2  1   3  2 DFF      R       1 -B--  u0rs_u1rc_genblk1_1__uitff_q
12   B  2  1   3  1 DFF      R       2 -BC-  u0rs_u1rc_genblk1_2__uitff_q
 9   C  2  1   2  1 DFF      R       1 --C-  u0rs_u1rc_genblk1_3__uitff_q
10   C  2  1   2  1 DFF      R       1 --C-  u0rs_u1rc_genblk1_4__uitff_q
11   C  2  1   2  1 DFF      R       1 --C-  u0rs_u1rc_genblk1_5__uitff_q
 7   C  2  1   2  1 DFF      R       1 --C-  u0rs_u1rc_genblk1_6__uitff_q
10   B  1  1   2  2 DFF      R       1 -B--  u0rs_u1rc_u0tff_q
 3   C  4  1   4  1 DFF      R       4 ABCD  u1pbd_state_0_
 4   C  5  1   4  1 DFF      R       1 --C-  u1pbd_state_1_
 5   C  5  1   3  1 DFF      R       4 ABCD  u1pbd_state_2_
 4   B  4  -   3  1 COM              1 ---D  u2alu_c_3_0_2__n
 5   D  3  -   3  1 COM              1 ---D  u2alu_c_4_0_3__n
 7   D  6  -   3  1 COM              3 AB-D  u2alu_n_48_n
 6   D  5  -   3  1 COM              2 -B-D  u2alu_n_54_n
 9   D  5  -   3  1 COM              3 AB-D  u2alu_n_60_n
 0   B  6  -   5  1 COM              3 AB-D  u2alu_r_0__un1_n
 4   D  5  -   4  2 COM              1 -B--  u2alu_r_4_0_3__un1_n
13   B  7  -   7  3 COM              1 -B--  u2alu_r_6_1__un1_n
 2   D  6  -   7  2 COM              1 -B--  u2alu_r_6_2__un1_n
11   D  4  -   2  1 COM              1 A---  un1_pc_1_0
13   C  5  -   2  1 COM              1 ---D  zf_0
-------------------------------------------------------------------------

<Note> CLS = Number of clusters used
       INP = Number of input signals
       PTs = Number of product terms
        LL = Number of logic levels
       PRE = Has preset equation
       RES = Has reset equation
       PUP = Power-Up initial state: R=Reset, S=Set
        CE = Has clock enable equation
        OE = Has output enable equation
        IR = Input register
        FP = Fast path used
       OBP = ORP bypass used



PostFit_Equations
~~~~~~~~~~~~~~~~~
N_10_0.X1 = !pc_3_.Q & c_reg_2_.Q & pc_2_.Q & pc_1_.Q & pc_0_.Q
    # a_reg_2_.Q & c_reg_2_.Q
    # !pc_3_.Q & a_reg_2_.Q & pc_2_.Q & pc_1_.Q & pc_0_.Q ; (3 pterms, 6 signals)
N_10_0.X2 = !a_reg_2_.Q & c_reg_2_.Q ; (1 pterm, 2 signals)

N_12_0.X1 = c_reg_3_.Q & !pc_3_.Q & pc_2_.Q & pc_1_.Q & pc_0_.Q
    # a_reg_3_.Q & c_reg_3_.Q
    # a_reg_3_.Q & !pc_3_.Q & pc_2_.Q & pc_1_.Q & pc_0_.Q ; (3 pterms, 6 signals)
N_12_0.X2 = !a_reg_3_.Q & c_reg_3_.Q ; (1 pterm, 2 signals)

N_14_0 = pc_2_.Q & pc_1_.Q & pc_0_.Q
    # !pc_3_.Q & !pc_2_.Q & !pc_1_.Q
    # !pc_3_.Q & !pc_1_.Q & !pc_0_.Q ; (3 pterms, 4 signals)

N_181_i = !( !pc_3_.Q & !pc_2_.Q & pc_1_.Q & !pc_0_.Q
    # pc_2_.Q & pc_1_.Q & pc_0_.Q ) ; (2 pterms, 4 signals)

N_60 = !pc_3_.Q & !pc_2_.Q & !pc_1_.Q & pc_0_.Q
    # !pc_3_.Q & !pc_2_.Q & pc_1_.Q & !pc_0_.Q ; (2 pterms, 4 signals)

N_6_0.X1 = !pc_3_.Q & c_reg_0_.Q & pc_2_.Q & pc_1_.Q & pc_0_.Q
    # a_reg_0_.Q & c_reg_0_.Q
    # !pc_3_.Q & a_reg_0_.Q & pc_2_.Q & pc_1_.Q & pc_0_.Q ; (3 pterms, 6 signals)
N_6_0.X2 = !a_reg_0_.Q & c_reg_0_.Q ; (1 pterm, 2 signals)

N_8_0.X1 = !pc_3_.Q & c_reg_1_.Q & pc_2_.Q & pc_1_.Q & pc_0_.Q
    # a_reg_1_.Q & c_reg_1_.Q
    # !pc_3_.Q & a_reg_1_.Q & pc_2_.Q & pc_1_.Q & pc_0_.Q ; (3 pterms, 6 signals)
N_8_0.X2 = !a_reg_1_.Q & c_reg_1_.Q ; (1 pterm, 2 signals)

a_reg_0_.D = pc_1_.Q & N_8_0 & !u2alu_n_48_n & !u2alu_n_60_n & !N_14_0
    # pc_1_.Q & N_6_0 & u2alu_n_48_n & !u2alu_n_60_n & N_14_0
    # pc_1_.Q & !N_6_0 & u2alu_n_48_n & !u2alu_n_60_n & !N_14_0
    # pc_1_.Q & u2alu_r_0__un1_n ; (4 pterms, 7 signals)
a_reg_0_.C = !u1pbd_state_0_.Q & u1pbd_state_2_.Q ; (1 pterm, 2 signals)
a_reg_0_.CE = !un1_pc_1_0 ; (1 pterm, 1 signal)
a_reg_0_.AR = !reset_n ; (1 pterm, 1 signal)

a_reg_1_.D = pc_0_.Q & alu_r_1__n ; (1 pterm, 2 signals)
a_reg_1_.C = !u1pbd_state_0_.Q & u1pbd_state_2_.Q ; (1 pterm, 2 signals)
a_reg_1_.CE = !un1_pc_1_0 ; (1 pterm, 1 signal)
a_reg_1_.AR = !reset_n ; (1 pterm, 1 signal)

a_reg_2_.D = pc_1_.Q & alu_r_2__n
    # !pc_2_.Q ; (2 pterms, 3 signals)
a_reg_2_.C = !u1pbd_state_0_.Q & u1pbd_state_2_.Q ; (1 pterm, 2 signals)
a_reg_2_.CE = !un1_pc_1_0 ; (1 pterm, 1 signal)
a_reg_2_.AR = !reset_n ; (1 pterm, 1 signal)

a_reg_3_.D = pc_0_.Q & alu_r_3__n ; (1 pterm, 2 signals)
a_reg_3_.C = !u1pbd_state_0_.Q & u1pbd_state_2_.Q ; (1 pterm, 2 signals)
a_reg_3_.CE = !un1_pc_1_0 ; (1 pterm, 1 signal)
a_reg_3_.AR = !reset_n ; (1 pterm, 1 signal)

alu_r_1__n.X1 = N_10_0 & !u2alu_n_48_n & !u2alu_n_60_n & !N_14_0
    # N_6_0 & !u2alu_n_48_n & !u2alu_n_60_n & N_14_0
    # !N_6_0 & u2alu_n_48_n & !u2alu_n_60_n & !N_14_0
    # u2alu_n_60_n & u2alu_r_6_1__un1_n
    # N_6_0 & !N_8_0 & !u2alu_n_54_n & u2alu_n_60_n
    # !N_8_0 & !u2alu_n_54_n & u2alu_n_60_n & !N_14_0
    # !N_6_0 & N_8_0 & !u2alu_n_54_n & u2alu_n_60_n & N_14_0 ; (7 pterms, 8 signals)
alu_r_1__n.X2 = N_8_0 & u2alu_n_48_n & !u2alu_n_60_n ; (1 pterm, 3 signals)

alu_r_2__n.X1 = N_12_0 & !u2alu_n_48_n & !u2alu_n_60_n & !N_14_0
    # N_8_0 & !u2alu_n_48_n & !u2alu_n_60_n & N_14_0
    # !N_6_0 & !N_8_0 & u2alu_n_48_n & !u2alu_n_60_n & !N_14_0
    # u2alu_n_60_n & u2alu_r_6_2__un1_n
    # !N_10_0 & !u2alu_n_54_n & u2alu_n_60_n & !N_14_0
    # N_6_0 & N_8_0 & !N_10_0 & !u2alu_n_54_n & u2alu_n_60_n
    # !N_6_0 & N_10_0 & !u2alu_n_54_n & u2alu_n_60_n & N_14_0
    # !N_8_0 & N_10_0 & !u2alu_n_54_n & u2alu_n_60_n & N_14_0 ; (8 pterms, 9 signals)
alu_r_2__n.X2 = N_10_0 & u2alu_n_48_n & !u2alu_n_60_n ; (1 pterm, 3 signals)

alu_r_3__n.X1 = !N_6_0 & !N_8_0 & !N_12_0 & !N_10_0 & u2alu_n_48_n
       & !u2alu_n_60_n & !N_14_0
    # N_10_0 & !u2alu_n_48_n & !u2alu_n_60_n & N_14_0
    # N_12_0 & N_10_0 & !u2alu_n_60_n & N_14_0
    # N_12_0 & N_10_0 & u2alu_n_48_n & !u2alu_n_60_n
    # N_12_0 & u2alu_n_48_n & !u2alu_n_60_n & N_14_0
    # N_8_0 & N_12_0 & u2alu_n_48_n & !u2alu_n_60_n
    # N_6_0 & N_12_0 & u2alu_n_48_n & !u2alu_n_60_n
    # !u2alu_n_54_n & u2alu_n_60_n & !N_14_0
    # N_6_0 & N_8_0 & N_10_0 & !u2alu_n_54_n & u2alu_n_60_n
    # !N_12_0 & u2alu_n_54_n & u2alu_n_60_n & u2alu_r_4_0_3__un1_n
    # b_reg_3_.Q & !statement_5__n & !N_12_0 & u2alu_n_54_n & u2alu_n_60_n
       & N_14_0
    # statement_5__n & N_12_0 & u2alu_n_54_n & u2alu_n_60_n
       & !u2alu_r_4_0_3__un1_n
    # !b_reg_3_.Q & N_12_0 & u2alu_n_60_n & !u2alu_r_4_0_3__un1_n & !N_14_0 ; (13 pterms, 11 signals)
alu_r_3__n.X2 = N_12_0 & u2alu_n_60_n ; (1 pterm, 2 signals)

b_reg_0_.D = a_reg_0_.Q ; (1 pterm, 1 signal)
b_reg_0_.C = !u1pbd_state_0_.Q & u1pbd_state_2_.Q ; (1 pterm, 2 signals)
b_reg_0_.CE = !pc_3_.Q & pc_2_.Q & pc_1_.Q & !pc_0_.Q ; (1 pterm, 4 signals)
b_reg_0_.AR = !reset_n ; (1 pterm, 1 signal)

b_reg_1_.D = a_reg_1_.Q ; (1 pterm, 1 signal)
b_reg_1_.C = !u1pbd_state_0_.Q & u1pbd_state_2_.Q ; (1 pterm, 2 signals)
b_reg_1_.CE = !pc_3_.Q & pc_2_.Q & pc_1_.Q & !pc_0_.Q ; (1 pterm, 4 signals)
b_reg_1_.AR = !reset_n ; (1 pterm, 1 signal)

b_reg_2_.D = a_reg_2_.Q ; (1 pterm, 1 signal)
b_reg_2_.C = !u1pbd_state_0_.Q & u1pbd_state_2_.Q ; (1 pterm, 2 signals)
b_reg_2_.CE = !pc_3_.Q & pc_2_.Q & pc_1_.Q & !pc_0_.Q ; (1 pterm, 4 signals)
b_reg_2_.AR = !reset_n ; (1 pterm, 1 signal)

b_reg_3_.D = a_reg_3_.Q ; (1 pterm, 1 signal)
b_reg_3_.C = !u1pbd_state_0_.Q & u1pbd_state_2_.Q ; (1 pterm, 2 signals)
b_reg_3_.CE = !pc_3_.Q & pc_2_.Q & pc_1_.Q & !pc_0_.Q ; (1 pterm, 4 signals)
b_reg_3_.AR = !reset_n ; (1 pterm, 1 signal)

c_reg_0_.D = N_8_0 & !u2alu_n_48_n & !u2alu_n_60_n & !N_14_0
    # N_6_0 & u2alu_n_48_n & !u2alu_n_60_n & N_14_0
    # !N_6_0 & u2alu_n_48_n & !u2alu_n_60_n & !N_14_0
    # pc_0_.Q
    # u2alu_r_0__un1_n ; (5 pterms, 7 signals)
c_reg_0_.C = !u1pbd_state_0_.Q & u1pbd_state_2_.Q ; (1 pterm, 2 signals)
c_reg_0_.CE = c_reg_3__0 ; (1 pterm, 1 signal)
c_reg_0_.AR = !reset_n ; (1 pterm, 1 signal)

c_reg_1_.D = !( !pc_0_.Q & !alu_r_1__n ) ; (1 pterm, 2 signals)
c_reg_1_.C = !u1pbd_state_0_.Q & u1pbd_state_2_.Q ; (1 pterm, 2 signals)
c_reg_1_.CE = c_reg_3__0 ; (1 pterm, 1 signal)
c_reg_1_.AR = !reset_n ; (1 pterm, 1 signal)

c_reg_2_.D = !pc_0_.Q & alu_r_2__n ; (1 pterm, 2 signals)
c_reg_2_.C = !u1pbd_state_0_.Q & u1pbd_state_2_.Q ; (1 pterm, 2 signals)
c_reg_2_.CE = c_reg_3__0 ; (1 pterm, 1 signal)
c_reg_2_.AR = !reset_n ; (1 pterm, 1 signal)

c_reg_3_.D = !pc_0_.Q & alu_r_3__n ; (1 pterm, 2 signals)
c_reg_3_.C = !u1pbd_state_0_.Q & u1pbd_state_2_.Q ; (1 pterm, 2 signals)
c_reg_3_.CE = c_reg_3__0 ; (1 pterm, 1 signal)
c_reg_3_.AR = !reset_n ; (1 pterm, 1 signal)

c_reg_3__0 = N_60
    # pc_3_.Q & !pc_2_.Q & !pc_1_.Q & !pc_0_.Q ; (2 pterms, 5 signals)

cf.D.X1 = N_60 & N_14_0
    # !N_12_0 & u2alu_c_4_0_3__n & N_14_0
    # b_reg_3_.Q & N_12_0 & N_14_0
    # !b_reg_3_.Q & !u2alu_c_4_0_3__n & N_14_0
    # pc_3_.Q & !pc_1_.Q & !pc_0_.Q & N_14_0
    # !N_6_0 & statement_5__n & !N_8_0 & !N_12_0 & !N_10_0 & !N_14_0 ; (6 pterms, 12 signals)
cf.D.X2 = !N_12_0 & N_14_0 ; (1 pterm, 2 signals)
cf.C = !u1pbd_state_0_.Q & u1pbd_state_2_.Q ; (1 pterm, 2 signals)
cf.CE = zf_0 ; (1 pterm, 1 signal)
cf.AR = !reset_n ; (1 pterm, 1 signal)

pc_0_.D = pc_3_.Q & !zf.Q & !pc_2_.Q & !pc_1_.Q
    # pc_2_.Q & pc_1_.Q & !pc_0_.Q
    # !pc_2_.Q & !pc_1_.Q & !pc_0_.Q
    # !pc_3_.Q & !pc_0_.Q ; (4 pterms, 5 signals)
pc_0_.C = !u1pbd_state_0_.Q & u1pbd_state_2_.Q ; (1 pterm, 2 signals)
pc_0_.AR = !reset_n ; (1 pterm, 1 signal)

pc_1_.D = !pc_3_.Q & !cf.Q & !pc_2_.Q & pc_1_.Q
    # pc_3_.Q & pc_2_.Q & !pc_0_.Q
    # !pc_1_.Q & pc_0_.Q
    # pc_1_.Q & !pc_0_.Q ; (4 pterms, 5 signals)
pc_1_.C = !u1pbd_state_0_.Q & u1pbd_state_2_.Q ; (1 pterm, 2 signals)
pc_1_.AR = !reset_n ; (1 pterm, 1 signal)

pc_2_.D = pc_3_.Q & !zf.Q & !pc_2_.Q & pc_0_.Q
    # pc_2_.Q & pc_1_.Q & !pc_0_.Q
    # !pc_2_.Q & pc_1_.Q & pc_0_.Q
    # !pc_3_.Q & pc_2_.Q & !pc_0_.Q ; (4 pterms, 5 signals)
pc_2_.C = !u1pbd_state_0_.Q & u1pbd_state_2_.Q ; (1 pterm, 2 signals)
pc_2_.AR = !reset_n ; (1 pterm, 1 signal)

pc_3_.D = !( !zf.Q & !pc_2_.Q & !pc_1_.Q & pc_0_.Q
    # pc_3_.Q & pc_2_.Q & pc_1_.Q & pc_0_.Q
    # !pc_3_.Q & !pc_0_.Q
    # !pc_3_.Q & !pc_2_.Q ) ; (4 pterms, 5 signals)
pc_3_.C = !u1pbd_state_0_.Q & u1pbd_state_2_.Q ; (1 pterm, 2 signals)
pc_3_.AR = !reset_n ; (1 pterm, 1 signal)

statement_5__n = !pc_2_.Q & !pc_1_.Q & pc_0_.Q
    # pc_3_.Q & !pc_2_.Q & !pc_1_.Q
    # !N_181_i ; (3 pterms, 5 signals)

u0rs_u1rc_genblk1_0__uitff_q.D = !u0rs_u1rc_genblk1_0__uitff_q.Q ; (1 pterm, 1 signal)
u0rs_u1rc_genblk1_0__uitff_q.C = !u0rs_u1rc_u0tff_q.Q ; (1 pterm, 1 signal)

u0rs_u1rc_genblk1_1__uitff_q.D = !u0rs_u1rc_genblk1_1__uitff_q.Q ; (1 pterm, 1 signal)
u0rs_u1rc_genblk1_1__uitff_q.C = !u0rs_u1rc_genblk1_0__uitff_q.Q ; (1 pterm, 1 signal)

u0rs_u1rc_genblk1_2__uitff_q.D = !u0rs_u1rc_genblk1_2__uitff_q.Q ; (1 pterm, 1 signal)
u0rs_u1rc_genblk1_2__uitff_q.C = !u0rs_u1rc_genblk1_1__uitff_q.Q ; (1 pterm, 1 signal)

u0rs_u1rc_genblk1_3__uitff_q.D = !u0rs_u1rc_genblk1_3__uitff_q.Q ; (1 pterm, 1 signal)
u0rs_u1rc_genblk1_3__uitff_q.C = !u0rs_u1rc_genblk1_2__uitff_q.Q ; (1 pterm, 1 signal)

u0rs_u1rc_genblk1_4__uitff_q.D = !u0rs_u1rc_genblk1_4__uitff_q.Q ; (1 pterm, 1 signal)
u0rs_u1rc_genblk1_4__uitff_q.C = !u0rs_u1rc_genblk1_3__uitff_q.Q ; (1 pterm, 1 signal)

u0rs_u1rc_genblk1_5__uitff_q.D = !u0rs_u1rc_genblk1_5__uitff_q.Q ; (1 pterm, 1 signal)
u0rs_u1rc_genblk1_5__uitff_q.C = !u0rs_u1rc_genblk1_4__uitff_q.Q ; (1 pterm, 1 signal)

u0rs_u1rc_genblk1_6__uitff_q.D = !u0rs_u1rc_genblk1_6__uitff_q.Q ; (1 pterm, 1 signal)
u0rs_u1rc_genblk1_6__uitff_q.C = !u0rs_u1rc_genblk1_5__uitff_q.Q ; (1 pterm, 1 signal)

u0rs_u1rc_u0tff_q.D = !u0rs_u1rc_u0tff_q.Q ; (1 pterm, 1 signal)
u0rs_u1rc_u0tff_q.C = !oneMHzClock ; (1 pterm, 1 signal)

u1pbd_state_0_.D = !step & !u1pbd_state_0_.Q
    # !u1pbd_state_0_.Q & u1pbd_state_2_.Q
    # !step & u1pbd_state_2_.Q ; (3 pterms, 3 signals)
u1pbd_state_0_.C = u0rs_u1rc_genblk1_6__uitff_q.Q ; (1 pterm, 1 signal)

u1pbd_state_1_.D = !u1pbd_state_0_.Q & u1pbd_state_1_.Q & u1pbd_state_2_.Q
    # !step & u1pbd_state_0_.Q
    # !step & u1pbd_state_1_.Q ; (3 pterms, 4 signals)
u1pbd_state_1_.C = u0rs_u1rc_genblk1_6__uitff_q.Q ; (1 pterm, 1 signal)

u1pbd_state_2_.D = !step & u1pbd_state_0_.Q & u1pbd_state_1_.Q
    # !u1pbd_state_0_.Q & u1pbd_state_1_.Q & u1pbd_state_2_.Q ; (2 pterms, 4 signals)
u1pbd_state_2_.C = u0rs_u1rc_genblk1_6__uitff_q.Q ; (1 pterm, 1 signal)

u2alu_c_3_0_2__n = !( b_reg_0_.Q & N_6_0 & N_8_0
    # b_reg_1_.Q & b_reg_0_.Q & N_6_0
    # b_reg_1_.Q & N_8_0 ) ; (3 pterms, 4 signals)

u2alu_c_4_0_3__n = !N_10_0 & u2alu_c_3_0_2__n
    # !b_reg_2_.Q & u2alu_c_3_0_2__n
    # !b_reg_2_.Q & !N_10_0 ; (3 pterms, 3 signals)

u2alu_n_48_n = !( !pc_2_.Q & pc_1_.Q & pc_0_.Q & !N_14_0
    # pc_2_.Q & pc_1_.Q & !pc_0_.Q & !N_14_0
    # statement_5__n & !u2alu_n_54_n & N_14_0 ) ; (3 pterms, 6 signals)

u2alu_n_54_n = !pc_3_.Q & pc_2_.Q & !pc_0_.Q & !N_60
    # !pc_3_.Q & !pc_2_.Q & !pc_1_.Q & !N_60
    # pc_2_.Q & pc_1_.Q & !N_60 ; (3 pterms, 5 signals)

u2alu_n_60_n = !( !pc_2_.Q & pc_1_.Q & pc_0_.Q
    # pc_2_.Q & pc_1_.Q & !pc_0_.Q
    # statement_5__n & !u2alu_n_54_n ) ; (3 pterms, 5 signals)

u2alu_r_0__un1_n.X1 = !u2alu_n_54_n & u2alu_n_60_n
    # b_reg_0_.Q & statement_5__n & u2alu_n_60_n
    # b_reg_0_.Q & !N_6_0 & u2alu_n_60_n & N_14_0
    # !b_reg_0_.Q & N_6_0 & !statement_5__n & u2alu_n_60_n & !N_14_0 ; (4 pterms, 6 signals)
u2alu_r_0__un1_n.X2 = N_6_0 & u2alu_n_60_n ; (1 pterm, 2 signals)

u2alu_r_4_0_3__un1_n.X1 = !b_reg_3_.Q & statement_5__n & u2alu_c_4_0_3__n
    # !b_reg_3_.Q & statement_5__n & !N_14_0
    # b_reg_3_.Q & statement_5__n & !u2alu_c_4_0_3__n & N_14_0 ; (3 pterms, 4 signals)
u2alu_r_4_0_3__un1_n.X2 = statement_5__n & !N_12_0 ; (1 pterm, 2 signals)

u2alu_r_6_1__un1_n.X1 = b_reg_1_.Q & !statement_5__n & !N_8_0 & u2alu_n_54_n
       & N_14_0
    # !b_reg_1_.Q & b_reg_0_.Q & N_6_0 & statement_5__n & u2alu_n_54_n
       & N_14_0
    # b_reg_1_.Q & !N_6_0 & statement_5__n & u2alu_n_54_n
    # b_reg_1_.Q & !b_reg_0_.Q & statement_5__n & u2alu_n_54_n
    # b_reg_1_.Q & statement_5__n & u2alu_n_54_n & !N_14_0
    # !b_reg_1_.Q & !statement_5__n & N_8_0 & u2alu_n_54_n & !N_14_0 ; (6 pterms, 7 signals)
u2alu_r_6_1__un1_n.X2 = N_8_0 & u2alu_n_54_n ; (1 pterm, 2 signals)

u2alu_r_6_2__un1_n.X1 = !b_reg_2_.Q & statement_5__n & !u2alu_c_3_0_2__n
       & u2alu_n_54_n & N_14_0
    # b_reg_2_.Q & statement_5__n & u2alu_n_54_n & !N_14_0
    # b_reg_2_.Q & !statement_5__n & !N_10_0 & u2alu_n_54_n & N_14_0
    # b_reg_2_.Q & !N_10_0 & u2alu_c_3_0_2__n & u2alu_n_54_n & N_14_0
    # !b_reg_2_.Q & !statement_5__n & N_10_0 & u2alu_n_54_n & !N_14_0
    # b_reg_2_.Q & statement_5__n & N_10_0 & u2alu_c_3_0_2__n & u2alu_n_54_n ; (6 pterms, 6 signals)
u2alu_r_6_2__un1_n.X2 = N_10_0 & u2alu_n_54_n ; (1 pterm, 2 signals)

un1_pc_1_0 = !( !pc_3_.Q & pc_2_.Q & pc_1_.Q & pc_0_.Q
    # !pc_3_.Q & !pc_1_.Q & !pc_0_.Q ) ; (2 pterms, 4 signals)

zf.D.X1 = !alu_r_1__n & !alu_r_2__n & !alu_r_3__n & u2alu_n_60_n
       & !u2alu_r_0__un1_n
    # !alu_r_1__n & !alu_r_2__n & !alu_r_3__n & !u2alu_r_0__un1_n & N_14_0
    # !alu_r_1__n & !alu_r_2__n & !alu_r_3__n & !N_8_0 & !u2alu_n_48_n
       & !u2alu_r_0__un1_n ; (3 pterms, 8 signals)
zf.D.X2 = !alu_r_1__n & !alu_r_2__n & !alu_r_3__n & N_6_0 & u2alu_n_48_n
       & !u2alu_n_60_n & !u2alu_r_0__un1_n ; (1 pterm, 7 signals)
zf.C = !u1pbd_state_0_.Q & u1pbd_state_2_.Q ; (1 pterm, 2 signals)
zf.CE = zf_0 ; (1 pterm, 1 signal)
zf.AR = !reset_n ; (1 pterm, 1 signal)

zf_0 = !N_181_i
    # pc_3_.Q & !pc_2_.Q & !pc_1_.Q & !pc_0_.Q ; (2 pterms, 5 signals)




