|--------------------------------------------------------------|
|- ispLEVER Classic 1.5.00.05.39.l1 Fitter Report File        -|
|- Copyright(C), 1992-2011, Lattice Semiconductor Corporation -|
|- All Rights Reserved.                                       -|
|--------------------------------------------------------------|




The Basic/Detailed Report Format can be selected in the dialog box
Tools->Fitter Report File Format...

Project_Summary
~~~~~~~~~~~~~~~
Project Name         :  mach64_verilog_project
Project Path         :  C:\Users\tmcphillips\Designs\Projects\MACH64\VerilogHDL\23_Organ_2
Project Fitted on    :  Wed Feb 15 14:50:09 2012

Device               :  M4064_32
Package              :  48
GLB Input Mux Size   :  10
Available Blocks     :  4
Speed                :  -7.5
Part Number          :  LC4064V-75T48I
Source Format        :  Pure_Verilog_HDL


// Project 'mach64_verilog_project' Fit Successfully! //


Compilation_Times
~~~~~~~~~~~~~~~~~
Prefit Time                     0 secs
Load Design Time                0.05 secs
Partition Time                  0.09 secs
Place Time                      0.00 secs
Route Time                      0.00 secs
Total Fit Time                  00:00:01


Design_Summary
~~~~~~~~~~~~~~
Total Input Pins                7
Total Logic Functions           49
  Total Output Pins             4
  Total Bidir I/O Pins          0
  Total Buried Nodes            45
Total Flip-Flops                43
  Total D Flip-Flops            23
  Total T Flip-Flops            20
  Total Latches                 0
Total Product Terms             142

Total Reserved Pins             0
Total Locked Pins               11
Total Locked Nodes              0

Total Unique Output Enables     0
Total Unique Clocks             4
Total Unique Clock Enables      0
Total Unique Resets             0
Total Unique Presets            0

Fmax Logic Levels               2


Device_Resource_Summary
~~~~~~~~~~~~~~~~~~~~~~~
                                 Device
                                 Total    Used   Not Used   Utilization
-----------------------------------------------------------------------
Dedicated Pins
  Clock/Input Pins                  4        1      3    -->    25
  I/O / Enable Pins                 2        0      2    -->     0
I/O Pins                           30       10     20    -->    33
Logic Functions                    64       49     15    -->    76
  Input Registers                  32        0     32    -->     0

GLB Inputs                        144       73     71    -->    50
Logical Product Terms             320      101    219    -->    31
Occupied GLBs                       4        4      0    -->   100
Macrocells                         64       49     15    -->    76

Control Product Terms:
  GLB Clock/Clock Enables           4        4      0    -->   100
  GLB Reset/Presets                 4        0      4    -->     0
  Macrocell Clocks                 64        2     62    -->     3
  Macrocell Clock Enables          64        0     64    -->     0
  Macrocell Enables                64        0     64    -->     0
  Macrocell Resets                 64        0     64    -->     0
  Macrocell Presets                64        0     64    -->     0

Global Routing Pool               100       52     48    -->    52
  GRP from IFB                     ..        7     ..    -->    ..
    (from input signals)           ..        7     ..    -->    ..
    (from output signals)          ..        0     ..    -->    ..
    (from bidir signals)           ..        0     ..    -->    ..
  GRP from MFB                     ..       45     ..    -->    ..
----------------------------------------------------------------------

<Note> 1 : The available PT is the product term that has not been used.
<Note> 2 : IFB is I/O feedback.
<Note> 3 : MFB is macrocell feedback.



GLB_Resource_Summary
~~~~~~~~~~~~~~~~~~~~
                                                                                     # of PT
               ---  Fanin  ---    I/O    Input  Macrocells       Macrocells   Logic  clusters
             Unique Shared Total  Pins    Regs Used Inaccessible  available    PTs   used
-------------------------------------------------------------------------------------------
Maximum
  GLB                      36      *(1)     8   --     --             16       80       16
-------------------------------------------------------------------------------------------
  GLB    A      0    10    10      0/8      0   10      0              6       22       10
  GLB    B      3    13    16      2/8      0   14      0              2       29       14
  GLB    C      0    19    19      4/8      0   12      0              4       24       12
  GLB    D      8    20    28      4/8      0   13      0              3       26       13
-------------------------------------------------------------------------------------------
TOTALS:        11    62    73     10/32     0   49      0             15      101       49

<Note> 1 : For ispMACH 4000 devices, the number of IOs depends on the GLB.
<Note> 2 : Four rightmost columns above reflect last status of the placement process.



GLB_Control_Summary
~~~~~~~~~~~~~~~~~~~
           Shared Shared | Mcell  Mcell  Mcell  Mcell  Mcell 
           Clk/CE Rst/Pr | Clock  CE     Enable Reset  Preset
------------------------------------------------------------------------------
Maximum
  GLB        1      1        16     16     16     16     16  
==============================================================================
  GLB    A   1      0         0      0      0      0      0
  GLB    B   1      0         2      0      0      0      0
  GLB    C   1      0         0      0      0      0      0
  GLB    D   1      0         0      0      0      0      0
------------------------------------------------------------------------------

<Note> 1 : For ispMACH 4000 devices, the number of output enables depends on the GLB.



Optimizer_and_Fitter_Options
~~~~~~~~~~~~~~~~~~~~~~~~~~~~
Pin Assignment :                       Yes
Group Assignment :                     No
Pin Reservation :                      No

@Ignore_Project_Constraints :
  Pin Assignments :                    No
      Keep Block Assignment            --
      Keep Segment Assignment          --
  Group Assignments :                  No
  Macrocell Assignment :               No
      Keep Block Assignment            --
      Keep Segment Assignment          --

@Backannotate_Project_Constraints
  Pin Assignments :                    No
  Pin And Block Assignments :          No
  Pin, Macrocell and Block :           No

@Timing_Constraints :                  No

@Global_Project_Optimization :
  Balanced Partitioning :              Yes
  Spread Placement :                   Yes

  Note :
    Pack Design :
       Balanced Partitioning = No
       Spread Placement      = No
    Spread Design :
       Balanced Partitioning = Yes
       Spread Placement      = Yes


@Logic_Synthesis :
  Logic Reduction :                    Yes
  Node Collapsing :                    FMAX
  Fmax_Logic_Level :                   1
  D/T Synthesis :                      Yes
  XOR Synthesis :                      Yes
  Max. P-Term for Collapsing :         16
  Max. P-Term for Splitting :          80
  Max Symbols :                        24

@Utilization_options
  Max. % of Macrocells used :          100
@Usercode                               (HEX)
@IO_Types                              Default = LVCMOS18 (2)
@Output_Slew_Rate                      Default = FAST (2)
@Power                                 Default = HIGH (2)
@Pull                                  Default = PULLUP_UP (2)
@Fast_Bypass                           Default = None (2)
@ORP_Bypass                            Default = None
@Input_Registers                       Default = None (2)
@Register_Powerup                      Default = None

Device Options:
<Note> 1 : Reserved unused I/Os can be independently driven to Low or High, and does not
           follow the drive level set for the Global Configure Unused I/O Option.
<Note> 2 : For user-specified constraints on individual signals, refer to the Output,
           Bidir and Buried Signal Lists.



Pinout_Listing
~~~~~~~~~~~~~~
      | Pin   | Bank |GLB |Assigned|                 | Signal|
Pin No| Type  |Number|Pad |Pin     |     I/O Type    | Type  | Signal name
--------------------------------------------------------------------------------------
1     | TDI   |   -  |    |        |                 |       |
2     |  I_O  |   0  |A10 |        |                 |       |
3     |  I_O  |   0  |A12 |        |                 |       |
4     |  I_O  |   0  |A14 |        |                 |       |
5     |GNDIO0 |   -  |    |        |                 |       |
6     |VCCIO0 |   -  |    |        |                 |       |
7     |  I_O  |   0  |B0  |        |                 |       |
8     |  I_O  |   0  |B2  |        |                 |       |
9     |  I_O  |   0  |B4  |        |                 |       |
10    |  I_O  |   0  |B6  |        |                 |       |
11    | TCK   |   -  |    |        |                 |       |
12    | VCC   |   -  |    |        |                 |       |
13    | GND   |   -  |    |        |                 |       |
14    |  I_O  |   0  |B8  |        |                 |       |
15    |  I_O  |   0  |B10 |        |                 |       |
16    |  I_O  |   0  |B12 |    *   |LVCMOS18         | Input |octaveSelect_n_1_
17    |  I_O  |   0  |B14 |    *   |LVCMOS18         | Input |octaveSelect_n_0_
18    |INCLK1 |   0  |    |        |                 |       |
19    |INCLK2 |   1  |    |        |                 |       |
20    |  I_O  |   1  |C0  |        |                 |       |
21    |  I_O  |   1  |C2  |    *   |LVCMOS18         | Input |button_n_1_
22    |  I_O  |   1  |C4  |    *   |LVCMOS18         | Input |button_n_2_
23    |  I_O  |   1  |C6  |    *   |LVCMOS18         | Input |button_n_3_
24    |  I_O  |   1  |C8  |    *   |LVCMOS18         | Input |button_n_4_
25    | TMS   |   -  |    |        |                 |       |
26    |  I_O  |   1  |C10 |        |                 |       |
27    |  I_O  |   1  |C12 |        |                 |       |
28    |  I_O  |   1  |C14 |        |                 |       |
29    |GNDIO1 |   -  |    |        |                 |       |
30    |VCCIO1 |   -  |    |        |                 |       |
31    |  I_O  |   1  |D0  |    *   |LVCMOS18         | Output|noteOutC
32    |  I_O  |   1  |D2  |    *   |LVCMOS18         | Output|noteOutD
33    |  I_O  |   1  |D4  |    *   |LVCMOS18         | Output|noteOutE
34    |  I_O  |   1  |D6  |    *   |LVCMOS18         | Output|noteOutF
35    | TDO   |   -  |    |        |                 |       |
36    | VCC   |   -  |    |        |                 |       |
37    | GND   |   -  |    |        |                 |       |
38    |  I_O  |   1  |D8  |        |                 |       |
39    |  I_O  |   1  |D10 |        |                 |       |
40    |  I_O  |   1  |D12 |        |                 |       |
41    | I_O/OE|   1  |D14 |        |                 |       |
42    |INCLK3 |   1  |    |        |                 |       |
43    |INCLK0 |   0  |    |    *   |LVCMOS18         | Input |oneMHzClock
44    | I_O/OE|   0  |A0  |        |                 |       |
45    |  I_O  |   0  |A2  |        |                 |       |
46    |  I_O  |   0  |A4  |        |                 |       |
47    |  I_O  |   0  |A6  |        |                 |       |
48    |  I_O  |   0  |A8  |        |                 |       |
--------------------------------------------------------------------------------------

<Note> GLB Pad : This notation refers to the GLB I/O pad number in the device.
<Note> Assigned Pin : user or dedicated input assignment (E.g. Clock pins).
<Note> Pin Type : 
          ClkIn : Dedicated input or clock pin 
           CLK  : Dedicated clock pin
           I_O  : Input/Output pin
           INP  : Dedicated input pin
           JTAG : JTAG Control and test pin
           NC   : No connected



Input_Signal_List
~~~~~~~~~~~~~~~~~
                Input
         Pin    Fanout
 Pin GLB Type           Pullup Signal
------------------------------------------------
  21   C  I/O   1 ---D      Up button_n_1_
  22   C  I/O   1 ---D      Up button_n_2_
  23   C  I/O   1 ---D      Up button_n_3_
  24   C  I/O   1 ---D      Up button_n_4_
  17   B  I/O   1 -B--      Up octaveSelect_n_0_
  16   B  I/O   1 -B--      Up octaveSelect_n_1_
  43  -- INCLK  1 -B--      Up oneMHzClock
------------------------------------------------



Output_Signal_List
~~~~~~~~~~~~~~~~~~
          I         C      P R P       O Output
          N         L Mc   R E U C O F B Fanout
 Pin GLB  P LL PTs  S Type E S P E E P P         Slew Pullup Signal
---------------------------------------------------------------------
  31   D  2  1   1  1 COM                  ----  Fast     Up noteOutC
  32   D  2  1   1  1 COM                  ----  Fast     Up noteOutD
  33   D  2  1   1  1 COM                  ----  Fast     Up noteOutE
  34   D  2  1   1  1 COM                  ----  Fast     Up noteOutF
---------------------------------------------------------------------

<Note> CLS = Number of clusters used
       INP = Number of input signals
       PTs = Number of product terms
        LL = Number of logic levels
       PRE = Has preset equation
       RES = Has reset equation
       PUP = Power-Up initial state: R=Reset, S=Set
        CE = Has clock enable equation
        OE = Has output enable equation
        FP = Fast path used
       OBP = ORP bypass used



Bidir_Signal_List
~~~~~~~~~~~~~~~~~
          I         C      P R P       O Bidir
          N         L Mc   R E U C O F B Fanout
 Pin GLB  P LL PTs  S Type E S P E E P P         Slew Pullup Signal
-------------------------------------------------------------------
-------------------------------------------------------------------

<Note> CLS = Number of clusters used
       INP = Number of input signals
       PTs = Number of product terms
        LL = Number of logic levels
       PRE = Has preset equation
       RES = Has reset equation
       PUP = Power-Up initial state: R=Reset, S=Set
        CE = Has clock enable equation
        OE = Has output enable equation
        FP = Fast path used
       OBP = ORP bypass used



Buried_Signal_List
~~~~~~~~~~~~~~~~~~
        I         C      P R P       Node
        N         L Mc   R E U C I F Fanout
Mc GLB  P LL PTs  S Type E S P E R P         Signal
--------------------------------------------------------------------
 0   B  6  -   4  1 COM              4 ABCD  octaveClocks_pmux
 3   B  2  1   2  1 DFF      R       1 -B--  u0rc_genblk1_0__uitff_q
 4   B  2  1   2  1 DFF      R       1 -B--  u0rc_genblk1_1__uitff_q
11   B  1  1   1  1 DFF      R       1 -B--  u0rc_u0tff_q
 8   D 10  1   2  1 DFF      R       2 --CD  u1cs_count_0_
 9   D  3  1   2  1 DFF      R       2 --CD  u1cs_count_1_
 1   D 10  1   4  1 DFF      R       2 --CD  u1cs_count_2_
 1   C 10  1   3  1 DFF      R       2 --CD  u1cs_count_3_
 7   C 10  1   2  1 TFF      R       2 --CD  u1cs_count_4_
10   D  3  2   2  1 DFF      R       2 --CD  u1cs_count_5_
 3   D 11  2   4  1 DFF      R       2 --CD  u1cs_count_6_
 8   C 10  1   2  1 TFF      R       2 --CD  u1cs_count_7_
11   D 10  1   2  1 TFF      R       2 --CD  u1cs_count_8_
13   D  5  -   1  1 COM              1 ---D  u1cs_n_17_n
 9   C 10  1   1  1 TFF      R       1 ---D  u1cs_outclock
 6   B 10  1   2  1 DFF      R       1 -B--  u2cs_count_0_
 7   B  3  1   2  1 DFF      R       1 -B--  u2cs_count_1_
 2   B  4  1   3  1 DFF      R       1 -B--  u2cs_count_2_
 1   B 10  1   3  1 DFF      R       1 -B--  u2cs_count_3_
 5   B  6  1   2  1 DFF      R       1 -B--  u2cs_count_4_
 8   B 10  1   2  1 TFF      R       1 -B--  u2cs_count_5_
13   B  7  1   1  1 TFF      R       1 -B--  u2cs_count_6_
 9   B 10  1   2  1 TFF      R       1 -B--  u2cs_count_7_
10   B 10  1   2  1 TFF      R       1 -B--  u2cs_count_8_
12   B 10  1   1  1 TFF      R       1 ---D  u2cs_outclock
 3   C 10  1   2  1 DFF      R       2 --CD  u3cs_count_0_
 5   D 10  1   3  1 DFF      R       2 --CD  u3cs_count_1_
 2   C  4  1   3  1 DFF      R       2 --CD  u3cs_count_2_
 0   C 10  1   3  1 DFF      R       2 --CD  u3cs_count_3_
 4   C 10  1   2  1 TFF      R       2 --CD  u3cs_count_4_
 7   D 10  1   2  1 TFF      R       2 --CD  u3cs_count_5_
 5   C 10  1   2  1 TFF      R       2 --CD  u3cs_count_6_
12   C  8  1   1  1 TFF      R       2 --CD  u3cs_count_7_
 6   C 10  1   2  1 TFF      R       2 --CD  u3cs_count_8_
10   C 10  1   1  1 TFF      R       1 ---D  u3cs_outclock
 3   A 10  1   2  1 DFF      R       1 A---  u4cs_count_0_
 4   A  3  1   2  1 DFF      R       1 A---  u4cs_count_1_
 0   A 10  1   4  1 DFF      R       1 A---  u4cs_count_2_
 1   A  5  1   4  1 DFF      R       1 A---  u4cs_count_3_
 2   A  6  1   2  1 DFF      R       1 A---  u4cs_count_4_
 5   A 10  1   2  1 TFF      R       1 A---  u4cs_count_5_
 6   A 10  1   2  1 TFF      R       1 A---  u4cs_count_6_
12   A  8  1   1  1 TFF      R       1 A---  u4cs_count_7_
 7   A 10  1   2  1 TFF      R       1 A---  u4cs_count_8_
 9   A 10  1   1  1 TFF      R       1 ---D  u4cs_outclock
--------------------------------------------------------------------

<Note> CLS = Number of clusters used
       INP = Number of input signals
       PTs = Number of product terms
        LL = Number of logic levels
       PRE = Has preset equation
       RES = Has reset equation
       PUP = Power-Up initial state: R=Reset, S=Set
        CE = Has clock enable equation
        OE = Has output enable equation
        IR = Input register
        FP = Fast path used
       OBP = ORP bypass used



PostFit_Equations
~~~~~~~~~~~~~~~~~
noteOutC = !button_n_1_ & u1cs_outclock.Q ; (1 pterm, 2 signals)

noteOutD = !button_n_2_ & u2cs_outclock.Q ; (1 pterm, 2 signals)

noteOutE = !button_n_3_ & u3cs_outclock.Q ; (1 pterm, 2 signals)

noteOutF = !button_n_4_ & u4cs_outclock.Q ; (1 pterm, 2 signals)

octaveClocks_pmux = octaveSelect_n_1_ & !octaveSelect_n_0_
       & u0rc_genblk1_0__uitff_q.Q
    # !octaveSelect_n_1_ & octaveSelect_n_0_ & u0rc_u0tff_q.Q
    # !octaveSelect_n_1_ & oneMHzClock & !octaveSelect_n_0_
    # octaveSelect_n_1_ & octaveSelect_n_0_ & u0rc_genblk1_1__uitff_q.Q ; (4 pterms, 6 signals)

u0rc_genblk1_0__uitff_q.D = !u0rc_genblk1_0__uitff_q.Q ; (1 pterm, 1 signal)
u0rc_genblk1_0__uitff_q.C = !u0rc_u0tff_q.Q ; (1 pterm, 1 signal)

u0rc_genblk1_1__uitff_q.D = !u0rc_genblk1_1__uitff_q.Q ; (1 pterm, 1 signal)
u0rc_genblk1_1__uitff_q.C = !u0rc_genblk1_0__uitff_q.Q ; (1 pterm, 1 signal)

u0rc_u0tff_q.D = !u0rc_u0tff_q.Q ; (1 pterm, 1 signal)
u0rc_u0tff_q.C = !oneMHzClock ; (1 pterm, 1 signal)

u1cs_count_0_.D = !( !u1cs_count_1_.Q & u1cs_count_2_.Q & u1cs_count_3_.Q
       & u1cs_count_4_.Q & !u1cs_count_5_.Q & u1cs_count_6_.Q
       & u1cs_count_7_.Q & u1cs_count_8_.Q
    # u1cs_count_0_.Q ) ; (2 pterms, 9 signals)
u1cs_count_0_.C = octaveClocks_pmux ; (1 pterm, 1 signal)

u1cs_count_1_.D = u1cs_count_0_.Q & !u1cs_count_1_.Q
    # !u1cs_count_0_.Q & u1cs_count_1_.Q ; (2 pterms, 2 signals)
u1cs_count_1_.C = octaveClocks_pmux ; (1 pterm, 1 signal)

u1cs_count_2_.D = !( !u1cs_count_0_.Q & !u1cs_count_1_.Q & u1cs_count_3_.Q
       & u1cs_count_4_.Q & !u1cs_count_5_.Q & u1cs_count_6_.Q
       & u1cs_count_7_.Q & u1cs_count_8_.Q
    # u1cs_count_0_.Q & u1cs_count_1_.Q & u1cs_count_2_.Q
    # !u1cs_count_1_.Q & !u1cs_count_2_.Q
    # !u1cs_count_0_.Q & !u1cs_count_2_.Q ) ; (4 pterms, 9 signals)
u1cs_count_2_.C = octaveClocks_pmux ; (1 pterm, 1 signal)

u1cs_count_3_.D.X1 = u1cs_count_0_.Q & u1cs_count_1_.Q & u1cs_count_2_.Q
    # !u1cs_count_0_.Q & !u1cs_count_1_.Q & u1cs_count_2_.Q & u1cs_count_3_.Q
       & u1cs_count_4_.Q & !u1cs_count_5_.Q & u1cs_count_6_.Q
       & u1cs_count_7_.Q & u1cs_count_8_.Q ; (2 pterms, 9 signals)
u1cs_count_3_.D.X2 = u1cs_count_3_.Q ; (1 pterm, 1 signal)
u1cs_count_3_.C = octaveClocks_pmux ; (1 pterm, 1 signal)

u1cs_count_4_.T = !u1cs_count_0_.Q & !u1cs_count_1_.Q & u1cs_count_2_.Q
       & u1cs_count_3_.Q & u1cs_count_4_.Q & !u1cs_count_5_.Q
       & u1cs_count_6_.Q & u1cs_count_7_.Q & u1cs_count_8_.Q
    # u1cs_count_0_.Q & u1cs_count_1_.Q & u1cs_count_2_.Q & u1cs_count_3_.Q ; (2 pterms, 9 signals)
u1cs_count_4_.C = octaveClocks_pmux ; (1 pterm, 1 signal)

u1cs_count_5_.D = u1cs_count_5_.Q & !u1cs_n_17_n
    # !u1cs_count_5_.Q & u1cs_n_17_n ; (2 pterms, 2 signals)
u1cs_count_5_.C = octaveClocks_pmux ; (1 pterm, 1 signal)

u1cs_count_6_.D = !( !u1cs_count_0_.Q & !u1cs_count_1_.Q & u1cs_count_2_.Q
       & u1cs_count_3_.Q & u1cs_count_4_.Q & !u1cs_count_5_.Q
       & u1cs_count_7_.Q & u1cs_count_8_.Q
    # u1cs_count_5_.Q & u1cs_count_6_.Q & u1cs_n_17_n
    # !u1cs_count_5_.Q & !u1cs_count_6_.Q
    # !u1cs_count_6_.Q & !u1cs_n_17_n ) ; (4 pterms, 10 signals)
u1cs_count_6_.C = octaveClocks_pmux ; (1 pterm, 1 signal)

u1cs_count_7_.T = !u1cs_count_0_.Q & !u1cs_count_1_.Q & u1cs_count_2_.Q
       & u1cs_count_3_.Q & u1cs_count_4_.Q & !u1cs_count_5_.Q
       & u1cs_count_6_.Q & u1cs_count_7_.Q & u1cs_count_8_.Q
    # u1cs_count_0_.Q & u1cs_count_1_.Q & u1cs_count_2_.Q & u1cs_count_3_.Q
       & u1cs_count_4_.Q & u1cs_count_5_.Q & u1cs_count_6_.Q ; (2 pterms, 9 signals)
u1cs_count_7_.C = octaveClocks_pmux ; (1 pterm, 1 signal)

u1cs_count_8_.T = !u1cs_count_0_.Q & !u1cs_count_1_.Q & u1cs_count_2_.Q
       & u1cs_count_3_.Q & u1cs_count_4_.Q & !u1cs_count_5_.Q
       & u1cs_count_6_.Q & u1cs_count_7_.Q & u1cs_count_8_.Q
    # u1cs_count_0_.Q & u1cs_count_1_.Q & u1cs_count_2_.Q & u1cs_count_3_.Q
       & u1cs_count_4_.Q & u1cs_count_5_.Q & u1cs_count_6_.Q & u1cs_count_7_.Q ; (2 pterms, 9 signals)
u1cs_count_8_.C = octaveClocks_pmux ; (1 pterm, 1 signal)

u1cs_n_17_n = u1cs_count_0_.Q & u1cs_count_1_.Q & u1cs_count_2_.Q
       & u1cs_count_3_.Q & u1cs_count_4_.Q ; (1 pterm, 5 signals)

u1cs_outclock.T = !u1cs_count_0_.Q & !u1cs_count_1_.Q & u1cs_count_2_.Q
       & u1cs_count_3_.Q & u1cs_count_4_.Q & !u1cs_count_5_.Q
       & u1cs_count_6_.Q & u1cs_count_7_.Q & u1cs_count_8_.Q ; (1 pterm, 9 signals)
u1cs_outclock.C = octaveClocks_pmux ; (1 pterm, 1 signal)

u2cs_count_0_.D = !( !u2cs_count_1_.Q & !u2cs_count_2_.Q & u2cs_count_3_.Q
       & !u2cs_count_4_.Q & u2cs_count_5_.Q & !u2cs_count_6_.Q
       & u2cs_count_7_.Q & u2cs_count_8_.Q
    # u2cs_count_0_.Q ) ; (2 pterms, 9 signals)
u2cs_count_0_.C = octaveClocks_pmux ; (1 pterm, 1 signal)

u2cs_count_1_.D = u2cs_count_0_.Q & !u2cs_count_1_.Q
    # !u2cs_count_0_.Q & u2cs_count_1_.Q ; (2 pterms, 2 signals)
u2cs_count_1_.C = octaveClocks_pmux ; (1 pterm, 1 signal)

u2cs_count_2_.D = u2cs_count_0_.Q & u2cs_count_1_.Q & !u2cs_count_2_.Q
    # !u2cs_count_1_.Q & u2cs_count_2_.Q
    # !u2cs_count_0_.Q & u2cs_count_2_.Q ; (3 pterms, 3 signals)
u2cs_count_2_.C = octaveClocks_pmux ; (1 pterm, 1 signal)

u2cs_count_3_.D.X1 = u2cs_count_0_.Q & u2cs_count_1_.Q & u2cs_count_2_.Q
    # !u2cs_count_0_.Q & !u2cs_count_1_.Q & !u2cs_count_2_.Q & u2cs_count_3_.Q
       & !u2cs_count_4_.Q & u2cs_count_5_.Q & !u2cs_count_6_.Q
       & u2cs_count_7_.Q & u2cs_count_8_.Q ; (2 pterms, 9 signals)
u2cs_count_3_.D.X2 = u2cs_count_3_.Q ; (1 pterm, 1 signal)
u2cs_count_3_.C = octaveClocks_pmux ; (1 pterm, 1 signal)

u2cs_count_4_.D.X1 = u2cs_count_0_.Q & u2cs_count_1_.Q & u2cs_count_2_.Q
       & u2cs_count_3_.Q ; (1 pterm, 4 signals)
u2cs_count_4_.D.X2 = u2cs_count_4_.Q ; (1 pterm, 1 signal)
u2cs_count_4_.C = octaveClocks_pmux ; (1 pterm, 1 signal)

u2cs_count_5_.T = !u2cs_count_0_.Q & !u2cs_count_1_.Q & !u2cs_count_2_.Q
       & u2cs_count_3_.Q & !u2cs_count_4_.Q & u2cs_count_5_.Q
       & !u2cs_count_6_.Q & u2cs_count_7_.Q & u2cs_count_8_.Q
    # u2cs_count_0_.Q & u2cs_count_1_.Q & u2cs_count_2_.Q & u2cs_count_3_.Q
       & u2cs_count_4_.Q ; (2 pterms, 9 signals)
u2cs_count_5_.C = octaveClocks_pmux ; (1 pterm, 1 signal)

u2cs_count_6_.T = u2cs_count_0_.Q & u2cs_count_1_.Q & u2cs_count_2_.Q
       & u2cs_count_3_.Q & u2cs_count_4_.Q & u2cs_count_5_.Q ; (1 pterm, 6 signals)
u2cs_count_6_.C = octaveClocks_pmux ; (1 pterm, 1 signal)

u2cs_count_7_.T = !u2cs_count_0_.Q & !u2cs_count_1_.Q & !u2cs_count_2_.Q
       & u2cs_count_3_.Q & !u2cs_count_4_.Q & u2cs_count_5_.Q
       & !u2cs_count_6_.Q & u2cs_count_7_.Q & u2cs_count_8_.Q
    # u2cs_count_0_.Q & u2cs_count_1_.Q & u2cs_count_2_.Q & u2cs_count_3_.Q
       & u2cs_count_4_.Q & u2cs_count_5_.Q & u2cs_count_6_.Q ; (2 pterms, 9 signals)
u2cs_count_7_.C = octaveClocks_pmux ; (1 pterm, 1 signal)

u2cs_count_8_.T = !u2cs_count_0_.Q & !u2cs_count_1_.Q & !u2cs_count_2_.Q
       & u2cs_count_3_.Q & !u2cs_count_4_.Q & u2cs_count_5_.Q
       & !u2cs_count_6_.Q & u2cs_count_7_.Q & u2cs_count_8_.Q
    # u2cs_count_0_.Q & u2cs_count_1_.Q & u2cs_count_2_.Q & u2cs_count_3_.Q
       & u2cs_count_4_.Q & u2cs_count_5_.Q & u2cs_count_6_.Q & u2cs_count_7_.Q ; (2 pterms, 9 signals)
u2cs_count_8_.C = octaveClocks_pmux ; (1 pterm, 1 signal)

u2cs_outclock.T = !u2cs_count_0_.Q & !u2cs_count_1_.Q & !u2cs_count_2_.Q
       & u2cs_count_3_.Q & !u2cs_count_4_.Q & u2cs_count_5_.Q
       & !u2cs_count_6_.Q & u2cs_count_7_.Q & u2cs_count_8_.Q ; (1 pterm, 9 signals)
u2cs_outclock.C = octaveClocks_pmux ; (1 pterm, 1 signal)

u3cs_count_0_.D = !( u3cs_count_1_.Q & !u3cs_count_2_.Q & u3cs_count_3_.Q
       & u3cs_count_4_.Q & u3cs_count_5_.Q & u3cs_count_6_.Q
       & !u3cs_count_7_.Q & u3cs_count_8_.Q
    # u3cs_count_0_.Q ) ; (2 pterms, 9 signals)
u3cs_count_0_.C = octaveClocks_pmux ; (1 pterm, 1 signal)

u3cs_count_1_.D = !( !u3cs_count_0_.Q & !u3cs_count_2_.Q & u3cs_count_3_.Q
       & u3cs_count_4_.Q & u3cs_count_5_.Q & u3cs_count_6_.Q
       & !u3cs_count_7_.Q & u3cs_count_8_.Q
    # u3cs_count_0_.Q & u3cs_count_1_.Q
    # !u3cs_count_0_.Q & !u3cs_count_1_.Q ) ; (3 pterms, 9 signals)
u3cs_count_1_.C = octaveClocks_pmux ; (1 pterm, 1 signal)

u3cs_count_2_.D = u3cs_count_0_.Q & u3cs_count_1_.Q & !u3cs_count_2_.Q
    # !u3cs_count_1_.Q & u3cs_count_2_.Q
    # !u3cs_count_0_.Q & u3cs_count_2_.Q ; (3 pterms, 3 signals)
u3cs_count_2_.C = octaveClocks_pmux ; (1 pterm, 1 signal)

u3cs_count_3_.D.X1 = u3cs_count_0_.Q & u3cs_count_1_.Q & u3cs_count_2_.Q
    # !u3cs_count_0_.Q & u3cs_count_1_.Q & !u3cs_count_2_.Q & u3cs_count_3_.Q
       & u3cs_count_4_.Q & u3cs_count_5_.Q & u3cs_count_6_.Q
       & !u3cs_count_7_.Q & u3cs_count_8_.Q ; (2 pterms, 9 signals)
u3cs_count_3_.D.X2 = u3cs_count_3_.Q ; (1 pterm, 1 signal)
u3cs_count_3_.C = octaveClocks_pmux ; (1 pterm, 1 signal)

u3cs_count_4_.T = !u3cs_count_0_.Q & u3cs_count_1_.Q & !u3cs_count_2_.Q
       & u3cs_count_3_.Q & u3cs_count_4_.Q & u3cs_count_5_.Q & u3cs_count_6_.Q
       & !u3cs_count_7_.Q & u3cs_count_8_.Q
    # u3cs_count_0_.Q & u3cs_count_1_.Q & u3cs_count_2_.Q & u3cs_count_3_.Q ; (2 pterms, 9 signals)
u3cs_count_4_.C = octaveClocks_pmux ; (1 pterm, 1 signal)

u3cs_count_5_.T = !u3cs_count_0_.Q & u3cs_count_1_.Q & !u3cs_count_2_.Q
       & u3cs_count_3_.Q & u3cs_count_4_.Q & u3cs_count_5_.Q & u3cs_count_6_.Q
       & !u3cs_count_7_.Q & u3cs_count_8_.Q
    # u3cs_count_0_.Q & u3cs_count_1_.Q & u3cs_count_2_.Q & u3cs_count_3_.Q
       & u3cs_count_4_.Q ; (2 pterms, 9 signals)
u3cs_count_5_.C = octaveClocks_pmux ; (1 pterm, 1 signal)

u3cs_count_6_.T = !u3cs_count_0_.Q & u3cs_count_1_.Q & !u3cs_count_2_.Q
       & u3cs_count_3_.Q & u3cs_count_4_.Q & u3cs_count_5_.Q & u3cs_count_6_.Q
       & !u3cs_count_7_.Q & u3cs_count_8_.Q
    # u3cs_count_0_.Q & u3cs_count_1_.Q & u3cs_count_2_.Q & u3cs_count_3_.Q
       & u3cs_count_4_.Q & u3cs_count_5_.Q ; (2 pterms, 9 signals)
u3cs_count_6_.C = octaveClocks_pmux ; (1 pterm, 1 signal)

u3cs_count_7_.T = u3cs_count_0_.Q & u3cs_count_1_.Q & u3cs_count_2_.Q
       & u3cs_count_3_.Q & u3cs_count_4_.Q & u3cs_count_5_.Q & u3cs_count_6_.Q ; (1 pterm, 7 signals)
u3cs_count_7_.C = octaveClocks_pmux ; (1 pterm, 1 signal)

u3cs_count_8_.T = !u3cs_count_0_.Q & u3cs_count_1_.Q & !u3cs_count_2_.Q
       & u3cs_count_3_.Q & u3cs_count_4_.Q & u3cs_count_5_.Q & u3cs_count_6_.Q
       & !u3cs_count_7_.Q & u3cs_count_8_.Q
    # u3cs_count_0_.Q & u3cs_count_1_.Q & u3cs_count_2_.Q & u3cs_count_3_.Q
       & u3cs_count_4_.Q & u3cs_count_5_.Q & u3cs_count_6_.Q & u3cs_count_7_.Q ; (2 pterms, 9 signals)
u3cs_count_8_.C = octaveClocks_pmux ; (1 pterm, 1 signal)

u3cs_outclock.T = !u3cs_count_0_.Q & u3cs_count_1_.Q & !u3cs_count_2_.Q
       & u3cs_count_3_.Q & u3cs_count_4_.Q & u3cs_count_5_.Q & u3cs_count_6_.Q
       & !u3cs_count_7_.Q & u3cs_count_8_.Q ; (1 pterm, 9 signals)
u3cs_outclock.C = octaveClocks_pmux ; (1 pterm, 1 signal)

u4cs_count_0_.D = !( !u4cs_count_1_.Q & u4cs_count_2_.Q & !u4cs_count_3_.Q
       & !u4cs_count_4_.Q & u4cs_count_5_.Q & u4cs_count_6_.Q
       & !u4cs_count_7_.Q & u4cs_count_8_.Q
    # u4cs_count_0_.Q ) ; (2 pterms, 9 signals)
u4cs_count_0_.C = octaveClocks_pmux ; (1 pterm, 1 signal)

u4cs_count_1_.D = u4cs_count_0_.Q & !u4cs_count_1_.Q
    # !u4cs_count_0_.Q & u4cs_count_1_.Q ; (2 pterms, 2 signals)
u4cs_count_1_.C = octaveClocks_pmux ; (1 pterm, 1 signal)

u4cs_count_2_.D = !( !u4cs_count_0_.Q & !u4cs_count_1_.Q & !u4cs_count_3_.Q
       & !u4cs_count_4_.Q & u4cs_count_5_.Q & u4cs_count_6_.Q
       & !u4cs_count_7_.Q & u4cs_count_8_.Q
    # u4cs_count_0_.Q & u4cs_count_1_.Q & u4cs_count_2_.Q
    # !u4cs_count_1_.Q & !u4cs_count_2_.Q
    # !u4cs_count_0_.Q & !u4cs_count_2_.Q ) ; (4 pterms, 9 signals)
u4cs_count_2_.C = octaveClocks_pmux ; (1 pterm, 1 signal)

u4cs_count_3_.D = u4cs_count_0_.Q & u4cs_count_1_.Q & u4cs_count_2_.Q
       & !u4cs_count_3_.Q
    # !u4cs_count_2_.Q & u4cs_count_3_.Q
    # !u4cs_count_1_.Q & u4cs_count_3_.Q
    # !u4cs_count_0_.Q & u4cs_count_3_.Q ; (4 pterms, 4 signals)
u4cs_count_3_.C = octaveClocks_pmux ; (1 pterm, 1 signal)

u4cs_count_4_.D.X1 = u4cs_count_0_.Q & u4cs_count_1_.Q & u4cs_count_2_.Q
       & u4cs_count_3_.Q ; (1 pterm, 4 signals)
u4cs_count_4_.D.X2 = u4cs_count_4_.Q ; (1 pterm, 1 signal)
u4cs_count_4_.C = octaveClocks_pmux ; (1 pterm, 1 signal)

u4cs_count_5_.T = !u4cs_count_0_.Q & !u4cs_count_1_.Q & u4cs_count_2_.Q
       & !u4cs_count_3_.Q & !u4cs_count_4_.Q & u4cs_count_5_.Q
       & u4cs_count_6_.Q & !u4cs_count_7_.Q & u4cs_count_8_.Q
    # u4cs_count_0_.Q & u4cs_count_1_.Q & u4cs_count_2_.Q & u4cs_count_3_.Q
       & u4cs_count_4_.Q ; (2 pterms, 9 signals)
u4cs_count_5_.C = octaveClocks_pmux ; (1 pterm, 1 signal)

u4cs_count_6_.T = !u4cs_count_0_.Q & !u4cs_count_1_.Q & u4cs_count_2_.Q
       & !u4cs_count_3_.Q & !u4cs_count_4_.Q & u4cs_count_5_.Q
       & u4cs_count_6_.Q & !u4cs_count_7_.Q & u4cs_count_8_.Q
    # u4cs_count_0_.Q & u4cs_count_1_.Q & u4cs_count_2_.Q & u4cs_count_3_.Q
       & u4cs_count_4_.Q & u4cs_count_5_.Q ; (2 pterms, 9 signals)
u4cs_count_6_.C = octaveClocks_pmux ; (1 pterm, 1 signal)

u4cs_count_7_.T = u4cs_count_0_.Q & u4cs_count_1_.Q & u4cs_count_2_.Q
       & u4cs_count_3_.Q & u4cs_count_4_.Q & u4cs_count_5_.Q & u4cs_count_6_.Q ; (1 pterm, 7 signals)
u4cs_count_7_.C = octaveClocks_pmux ; (1 pterm, 1 signal)

u4cs_count_8_.T = !u4cs_count_0_.Q & !u4cs_count_1_.Q & u4cs_count_2_.Q
       & !u4cs_count_3_.Q & !u4cs_count_4_.Q & u4cs_count_5_.Q
       & u4cs_count_6_.Q & !u4cs_count_7_.Q & u4cs_count_8_.Q
    # u4cs_count_0_.Q & u4cs_count_1_.Q & u4cs_count_2_.Q & u4cs_count_3_.Q
       & u4cs_count_4_.Q & u4cs_count_5_.Q & u4cs_count_6_.Q & u4cs_count_7_.Q ; (2 pterms, 9 signals)
u4cs_count_8_.C = octaveClocks_pmux ; (1 pterm, 1 signal)

u4cs_outclock.T = !u4cs_count_0_.Q & !u4cs_count_1_.Q & u4cs_count_2_.Q
       & !u4cs_count_3_.Q & !u4cs_count_4_.Q & u4cs_count_5_.Q
       & u4cs_count_6_.Q & !u4cs_count_7_.Q & u4cs_count_8_.Q ; (1 pterm, 9 signals)
u4cs_outclock.C = octaveClocks_pmux ; (1 pterm, 1 signal)




