|--------------------------------------------------------------|
|- ispLEVER Classic 1.4.01.04.23.l1 Fitter Report File        -|
|- Copyright(C), 1992-2010, Lattice Semiconductor Corporation -|
|- All Rights Reserved.                                       -|
|--------------------------------------------------------------|




The Basic/Detailed Report Format can be selected in the dialog box
Tools->Fitter Report File Format...

Project_Summary
~~~~~~~~~~~~~~~
Project Name         :  mach64board_project
Project Path         :  C:\Users\tmcphillips\Hobbies\MACH64 Projects\7.7.Lab07
Project Fitted on    :  Mon Jan 16 15:21:44 2012

Device               :  M4064_32
Package              :  48
GLB Input Mux Size   :  10
Available Blocks     :  4
Speed                :  -7.5
Part Number          :  LC4064V-75T48I
Source Format        :  ABEL_Schematic


// Project 'mach64board_project' Fit Successfully! //


Compilation_Times
~~~~~~~~~~~~~~~~~
Prefit Time                     0 secs
Load Design Time                0.03 secs
Partition Time                  0.06 secs
Place Time                      0.00 secs
Route Time                      0.00 secs
Total Fit Time                  00:00:01


Design_Summary
~~~~~~~~~~~~~~
Total Input Pins                4
Total Logic Functions           32
  Total Output Pins             7
  Total Bidir I/O Pins          0
  Total Buried Nodes            25
Total Flip-Flops                24
  Total D Flip-Flops            11
  Total T Flip-Flops            13
  Total Latches                 0
Total Product Terms             151

Total Reserved Pins             0
Total Locked Pins               11
Total Locked Nodes              0

Total Unique Output Enables     0
Total Unique Clocks             2
Total Unique Clock Enables      0
Total Unique Resets             1
Total Unique Presets            0

Fmax Logic Levels               1


Device_Resource_Summary
~~~~~~~~~~~~~~~~~~~~~~~
                                 Device
                                 Total    Used   Not Used   Utilization
-----------------------------------------------------------------------
Dedicated Pins
  Clock/Input Pins                  4        1      3    -->    25
  I/O / Enable Pins                 2        0      2    -->     0
I/O Pins                           30       10     20    -->    33
Logic Functions                    64       32     32    -->    50
  Input Registers                  32        0     32    -->     0

GLB Inputs                        144       98     46    -->    68
Logical Product Terms             320      127    193    -->    39
Occupied GLBs                       4        4      0    -->   100
Macrocells                         64       32     32    -->    50

Control Product Terms:
  GLB Clock/Clock Enables           4        2      2    -->    50
  GLB Reset/Presets                 4        0      4    -->     0
  Macrocell Clocks                 64        0     64    -->     0
  Macrocell Clock Enables          64        0     64    -->     0
  Macrocell Enables                64        0     64    -->     0
  Macrocell Resets                 64        4     60    -->     6
  Macrocell Presets                64        0     64    -->     0

Global Routing Pool               100       28     72    -->    28
  GRP from IFB                     ..        3     ..    -->    ..
    (from input signals)           ..        3     ..    -->    ..
    (from output signals)          ..        0     ..    -->    ..
    (from bidir signals)           ..        0     ..    -->    ..
  GRP from MFB                     ..       25     ..    -->    ..
----------------------------------------------------------------------

<Note> 1 : The available PT is the product term that has not been used.
<Note> 2 : IFB is I/O feedback.
<Note> 3 : MFB is macrocell feedback.



GLB_Resource_Summary
~~~~~~~~~~~~~~~~~~~~
                                                                                     # of PT
               ---  Fanin  ---    I/O    Input  Macrocells       Macrocells   Logic  clusters
             Unique Shared Total  Pins    Regs Used Inaccessible  available    PTs   used
-------------------------------------------------------------------------------------------
Maximum
  GLB                      36      *(1)     8   --     --             16       80       16
-------------------------------------------------------------------------------------------
  GLB    A      0    28    28      0/8      0   10      0              6       31       10
  GLB    B      0    20    20      2/8      0    6      0             10       26        8
  GLB    C      0    24    24      7/8      0   10      0              6       37       10
  GLB    D      3    23    26      1/8      0    6      0             10       33        9
-------------------------------------------------------------------------------------------
TOTALS:         3    95    98     10/32     0   32      0             32      127       37

<Note> 1 : For ispMACH 4000 devices, the number of IOs depends on the GLB.
<Note> 2 : Four rightmost columns above reflect last status of the placement process.



GLB_Control_Summary
~~~~~~~~~~~~~~~~~~~
           Shared Shared | Mcell  Mcell  Mcell  Mcell  Mcell 
           Clk/CE Rst/Pr | Clock  CE     Enable Reset  Preset
------------------------------------------------------------------------------
Maximum
  GLB        1      1        16     16     16     16     16  
==============================================================================
  GLB    A   1      0         0      0      0      2      0
  GLB    B   0      0         0      0      0      0      0
  GLB    C   0      0         0      0      0      0      0
  GLB    D   1      0         0      0      0      2      0
------------------------------------------------------------------------------

<Note> 1 : For ispMACH 4000 devices, the number of output enables depends on the GLB.



Optimizer_and_Fitter_Options
~~~~~~~~~~~~~~~~~~~~~~~~~~~~
Pin Assignment :                       Yes
Group Assignment :                     No
Pin Reservation :                      No

@Ignore_Project_Constraints :
  Pin Assignments :                    No
      Keep Block Assignment            --
      Keep Segment Assignment          --
  Group Assignments :                  No
  Macrocell Assignment :               No
      Keep Block Assignment            --
      Keep Segment Assignment          --

@Backannotate_Project_Constraints
  Pin Assignments :                    No
  Pin And Block Assignments :          No
  Pin, Macrocell and Block :           No

@Timing_Constraints :                  No

@Global_Project_Optimization :
  Balanced Partitioning :              Yes
  Spread Placement :                   Yes

  Note :
    Pack Design :
       Balanced Partitioning = No
       Spread Placement      = No
    Spread Design :
       Balanced Partitioning = Yes
       Spread Placement      = Yes


@Logic_Synthesis :
  Logic Reduction :                    Yes
  Node Collapsing :                    FMAX
  Fmax_Logic_Level :                   1
  D/T Synthesis :                      Yes
  XOR Synthesis :                      Yes
  Max. P-Term for Collapsing :         16
  Max. P-Term for Splitting :          80
  Max Symbols :                        24

@Utilization_options
  Max. % of Macrocells used :          100
@Usercode                               (HEX)
@IO_Types                              Default = LVCMOS18 (2)
@Output_Slew_Rate                      Default = FAST (2)
@Power                                 Default = HIGH (2)
@Pull                                  Default = PULLUP_UP (2)
@Fast_Bypass                           Default = None (2)
@ORP_Bypass                            Default = None
@Input_Registers                       Default = None (2)
@Register_Powerup                      Default = None

Device Options:
<Note> 1 : Reserved unused I/Os can be independently driven to Low or High, and does not
           follow the drive level set for the Global Configure Unused I/O Option.
<Note> 2 : For user-specified constraints on individual signals, refer to the Output,
           Bidir and Buried Signal Lists.



Pinout_Listing
~~~~~~~~~~~~~~
      | Pin   | Bank |GLB |Assigned|                 | Signal|
Pin No| Type  |Number|Pad |Pin     |     I/O Type    | Type  | Signal name
----------------------------------------------------------------------------------
1     | TDI   |   -  |    |        |                 |       |
2     |  I_O  |   0  |A10 |        |                 |       |
3     |  I_O  |   0  |A12 |        |                 |       |
4     |  I_O  |   0  |A14 |        |                 |       |
5     |GNDIO0 |   -  |    |        |                 |       |
6     |VCCIO0 |   -  |    |        |                 |       |
7     |  I_O  |   0  |B0  |        |                 |       |
8     |  I_O  |   0  |B2  |        |                 |       |
9     |  I_O  |   0  |B4  |        |                 |       |
10    |  I_O  |   0  |B6  |        |                 |       |
11    | TCK   |   -  |    |        |                 |       |
12    | VCC   |   -  |    |        |                 |       |
13    | GND   |   -  |    |        |                 |       |
14    |  I_O  |   0  |B8  |    *   |LVCMOS18         | Input |up
15    |  I_O  |   0  |B10 |    *   |LVCMOS18         | Input |down
16    |  I_O  |   0  |B12 |        |                 |       |
17    |  I_O  |   0  |B14 |        |                 |       |
18    |INCLK1 |   0  |    |    *   |LVCMOS18         | Input |clock
19    |INCLK2 |   1  |    |        |                 |       |
20    |  I_O  |   1  |C0  |    *   |LVCMOS18         | Output|a
21    |  I_O  |   1  |C2  |    *   |LVCMOS18         | Output|b
22    |  I_O  |   1  |C4  |    *   |LVCMOS18         | Output|c
23    |  I_O  |   1  |C6  |    *   |LVCMOS18         | Output|d
24    |  I_O  |   1  |C8  |    *   |LVCMOS18         | Output|e
25    | TMS   |   -  |    |        |                 |       |
26    |  I_O  |   1  |C10 |    *   |LVCMOS18         | Output|f
27    |  I_O  |   1  |C12 |    *   |LVCMOS18         | Output|g
28    |  I_O  |   1  |C14 |        |                 |       |
29    |GNDIO1 |   -  |    |        |                 |       |
30    |VCCIO1 |   -  |    |        |                 |       |
31    |  I_O  |   1  |D0  |    *   |LVCMOS18         | Input |reset
32    |  I_O  |   1  |D2  |        |                 |       |
33    |  I_O  |   1  |D4  |        |                 |       |
34    |  I_O  |   1  |D6  |        |                 |       |
35    | TDO   |   -  |    |        |                 |       |
36    | VCC   |   -  |    |        |                 |       |
37    | GND   |   -  |    |        |                 |       |
38    |  I_O  |   1  |D8  |        |                 |       |
39    |  I_O  |   1  |D10 |        |                 |       |
40    |  I_O  |   1  |D12 |        |                 |       |
41    | I_O/OE|   1  |D14 |        |                 |       |
42    |INCLK3 |   1  |    |        |                 |       |
43    |INCLK0 |   0  |    |        |                 |       |
44    | I_O/OE|   0  |A0  |        |                 |       |
45    |  I_O  |   0  |A2  |        |                 |       |
46    |  I_O  |   0  |A4  |        |                 |       |
47    |  I_O  |   0  |A6  |        |                 |       |
48    |  I_O  |   0  |A8  |        |                 |       |
----------------------------------------------------------------------------------

<Note> GLB Pad : This notation refers to the GLB I/O pad number in the device.
<Note> Assigned Pin : user or dedicated input assignment (E.g. Clock pins).
<Note> Pin Type : 
          ClkIn : Dedicated input or clock pin 
           CLK  : Dedicated clock pin
           I_O  : Input/Output pin
           INP  : Dedicated input pin
           JTAG : JTAG Control and test pin
           NC   : No connected



Input_Signal_List
~~~~~~~~~~~~~~~~~
                Input
         Pin    Fanout
 Pin GLB Type           Pullup Signal
-------------------------------------
  18  -- INCLK    ----      Up clock
  15   B  I/O   2 A--D      Up down
  31   D  I/O   2 A--D      Up reset
  14   B  I/O   2 A--D      Up up
-------------------------------------



Output_Signal_List
~~~~~~~~~~~~~~~~~~
          I         C      P R P       O Output
          N         L Mc   R E U C O F B Fanout
 Pin GLB  P LL PTs  S Type E S P E E P P         Slew Pullup Signal
-------------------------------------------------------------------
  20   C  4  -   4  1 COM                  ----  Fast     Up a
  21   C  4  -   4  1 COM                  ----  Fast     Up b
  22   C  4  -   3  1 COM                  ----  Fast     Up c
  23   C  4  -   4  1 COM                  ----  Fast     Up d
  24   C  4  -   3  1 COM                  ----  Fast     Up e
  26   C  4  -   4  1 COM                  ----  Fast     Up f
  27   C  4  -   3  1 COM                  ----  Fast     Up g
-------------------------------------------------------------------

<Note> CLS = Number of clusters used
       INP = Number of input signals
       PTs = Number of product terms
        LL = Number of logic levels
       PRE = Has preset equation
       RES = Has reset equation
       PUP = Power-Up initial state: R=Reset, S=Set
        CE = Has clock enable equation
        OE = Has output enable equation
        FP = Fast path used
       OBP = ORP bypass used



Bidir_Signal_List
~~~~~~~~~~~~~~~~~
          I         C      P R P       O Bidir
          N         L Mc   R E U C O F B Fanout
 Pin GLB  P LL PTs  S Type E S P E E P P         Slew Pullup Signal
-------------------------------------------------------------------
-------------------------------------------------------------------

<Note> CLS = Number of clusters used
       INP = Number of input signals
       PTs = Number of product terms
        LL = Number of logic levels
       PRE = Has preset equation
       RES = Has reset equation
       PUP = Power-Up initial state: R=Reset, S=Set
        CE = Has clock enable equation
        OE = Has output enable equation
        FP = Fast path used
       OBP = ORP bypass used



Buried_Signal_List
~~~~~~~~~~~~~~~~~~
        I         C      P R P       Node
        N         L Mc   R E U C I F Fanout
Mc GLB  P LL PTs  S Type E S P E R P         Signal
----------------------------------------------------------------
 3   D  8  1   8  2 DFF    * R       3 A-CD  B0_d0
 0   A  8  1   5  1 TFF    * R       3 A-CD  B0_d1
 2   A  8  1   4  2 TFF    * R       3 A-CD  B0_d2
 9   D  8  1   3  1 TFF    * R       3 A-CD  B0_d3
 7   C 20  -   1  1 COM              2 A--D  S0_millisecondClock
12   D 11  1   2  1 DFF      R       4 ABCD  S1_s0
 7   B 12  1   3  1 DFF      R       4 ABCD  S1_s1
 5   A 20  1   2  1 TFF      R       4 ABCD  S1_s10
12   A 11  1   1  1 TFF      R       4 ABCD  S1_s11
12   C 12  1   1  1 TFF      R       4 ABCD  S1_s12
 3   B 13  1   1  1 TFF      R       4 ABCD  S1_s13
 9   A 20  1   2  1 TFF      R       4 ABCD  S1_s14
 3   A 15  1   1  1 TFF      R       4 ABCD  S1_s15
 7   A 20  1   2  1 TFF      R       4 ABCD  S1_s16
12   B 20  1   2  1 TFF      R       4 ABCD  S1_s17
 6   A 20  1   2  1 TFF      R       4 ABCD  S1_s18
 9   B 20  1   2  1 TFF      R       4 ABCD  S1_s19
 4   A 13  1   4  1 DFF      R       4 ABCD  S1_s2
 7   D 14  1   5  1 DFF      R       4 ABCD  S1_s3
 5   D 15  1   6  2 DFF      R       4 ABCD  S1_s4
 5   B 16  1   7  2 DFF      R       4 ABCD  S1_s5
 1   A 17  1   8  2 DFF      R       4 ABCD  S1_s6
 1   D 18  1   9  2 DFF      R       4 ABCD  S1_s7
 5   C 19  1  10  2 DFF      R       3 ABC-  S1_s8
 1   B 20  1  11  3 DFF      R       3 ABC-  S1_s9
----------------------------------------------------------------

<Note> CLS = Number of clusters used
       INP = Number of input signals
       PTs = Number of product terms
        LL = Number of logic levels
       PRE = Has preset equation
       RES = Has reset equation
       PUP = Power-Up initial state: R=Reset, S=Set
        CE = Has clock enable equation
        OE = Has output enable equation
        IR = Input register
        FP = Fast path used
       OBP = ORP bypass used



PostFit_Equations
~~~~~~~~~~~~~~~~~
B0_d0.D = !( up & !down & !B0_d1.Q & !B0_d2.Q & !B0_d3.Q
    # down & !B0_d0.Q & B0_d2.Q & B0_d3.Q
    # down & !B0_d0.Q & B0_d1.Q & B0_d3.Q
    # !up & down & B0_d0.Q & !B0_d3.Q
    # up & !down & B0_d0.Q
    # !up & !down & !B0_d0.Q
    # up & down & !B0_d0.Q ) ; (7 pterms, 6 signals)
B0_d0.C = S0_millisecondClock ; (1 pterm, 1 signal)
B0_d0.AR = !reset ; (1 pterm, 1 signal)

B0_d1.T = !up & down & B0_d0.Q & !B0_d3.Q
    # up & !down & !B0_d0.Q & B0_d1.Q
    # up & !down & !B0_d0.Q & B0_d2.Q
    # up & !down & !B0_d0.Q & B0_d3.Q ; (4 pterms, 6 signals)
B0_d1.C = S0_millisecondClock ; (1 pterm, 1 signal)
B0_d1.AR = !reset ; (1 pterm, 1 signal)

B0_d2.T = !up & down & B0_d0.Q & B0_d1.Q & !B0_d3.Q
    # up & !down & !B0_d0.Q & !B0_d1.Q & B0_d2.Q
    # up & !down & !B0_d0.Q & !B0_d1.Q & B0_d3.Q ; (3 pterms, 6 signals)
B0_d2.C = S0_millisecondClock ; (1 pterm, 1 signal)
B0_d2.AR = !reset ; (1 pterm, 1 signal)

B0_d3.T = up & !down & !B0_d0.Q & !B0_d1.Q & !B0_d2.Q & B0_d3.Q
    # !up & down & B0_d0.Q & B0_d1.Q & B0_d2.Q & !B0_d3.Q ; (2 pterms, 6 signals)
B0_d3.C = S0_millisecondClock ; (1 pterm, 1 signal)
B0_d3.AR = !reset ; (1 pterm, 1 signal)

S0_millisecondClock = !S1_s19.Q & !S1_s18.Q & !S1_s17.Q & !S1_s16.Q
       & !S1_s15.Q & !S1_s14.Q & !S1_s13.Q & !S1_s12.Q & !S1_s11.Q & !S1_s10.Q
       & !S1_s9.Q & !S1_s8.Q & !S1_s7.Q & !S1_s6.Q & !S1_s5.Q & !S1_s4.Q
       & !S1_s3.Q & !S1_s2.Q & !S1_s1.Q & !S1_s0.Q ; (1 pterm, 20 signals)

S1_s0.D = !( S1_s19.Q & S1_s18.Q & S1_s17.Q & S1_s16.Q & !S1_s15.Q & S1_s14.Q
       & !S1_s13.Q & !S1_s12.Q & !S1_s11.Q & !S1_s10.Q
    # S1_s0.Q ) ; (2 pterms, 11 signals)
S1_s0.C = clock ; (1 pterm, 1 signal)

S1_s1.D = !( S1_s19.Q & S1_s18.Q & S1_s17.Q & S1_s16.Q & !S1_s15.Q & S1_s14.Q
       & !S1_s13.Q & !S1_s12.Q & !S1_s11.Q & !S1_s10.Q
    # !S1_s1.Q & !S1_s0.Q
    # S1_s1.Q & S1_s0.Q ) ; (3 pterms, 12 signals)
S1_s1.C = clock ; (1 pterm, 1 signal)

S1_s10.T.X1 = S1_s9.Q & S1_s8.Q & S1_s7.Q & S1_s6.Q & S1_s5.Q & S1_s4.Q
       & S1_s3.Q & S1_s2.Q & S1_s1.Q & S1_s0.Q ; (1 pterm, 10 signals)
S1_s10.T.X2 = S1_s19.Q & S1_s18.Q & S1_s17.Q & S1_s16.Q & !S1_s15.Q & S1_s14.Q
       & !S1_s13.Q & !S1_s12.Q & !S1_s11.Q & !S1_s10.Q & S1_s9.Q & S1_s8.Q
       & S1_s7.Q & S1_s6.Q & S1_s5.Q & S1_s4.Q & S1_s3.Q & S1_s2.Q & S1_s1.Q
       & S1_s0.Q ; (1 pterm, 20 signals)
S1_s10.C = clock ; (1 pterm, 1 signal)

S1_s11.T = S1_s10.Q & S1_s9.Q & S1_s8.Q & S1_s7.Q & S1_s6.Q & S1_s5.Q
       & S1_s4.Q & S1_s3.Q & S1_s2.Q & S1_s1.Q & S1_s0.Q ; (1 pterm, 11 signals)
S1_s11.C = clock ; (1 pterm, 1 signal)

S1_s12.T = S1_s11.Q & S1_s10.Q & S1_s9.Q & S1_s8.Q & S1_s7.Q & S1_s6.Q
       & S1_s5.Q & S1_s4.Q & S1_s3.Q & S1_s2.Q & S1_s1.Q & S1_s0.Q ; (1 pterm, 12 signals)
S1_s12.C = clock ; (1 pterm, 1 signal)

S1_s13.T = S1_s12.Q & S1_s11.Q & S1_s10.Q & S1_s9.Q & S1_s8.Q & S1_s7.Q
       & S1_s6.Q & S1_s5.Q & S1_s4.Q & S1_s3.Q & S1_s2.Q & S1_s1.Q & S1_s0.Q ; (1 pterm, 13 signals)
S1_s13.C = clock ; (1 pterm, 1 signal)

S1_s14.T = S1_s13.Q & S1_s12.Q & S1_s11.Q & S1_s10.Q & S1_s9.Q & S1_s8.Q
       & S1_s7.Q & S1_s6.Q & S1_s5.Q & S1_s4.Q & S1_s3.Q & S1_s2.Q & S1_s1.Q
       & S1_s0.Q
    # S1_s19.Q & S1_s18.Q & S1_s17.Q & S1_s16.Q & !S1_s15.Q & S1_s14.Q
       & !S1_s13.Q & !S1_s12.Q & !S1_s11.Q & !S1_s10.Q ; (2 pterms, 20 signals)
S1_s14.C = clock ; (1 pterm, 1 signal)

S1_s15.T = S1_s14.Q & S1_s13.Q & S1_s12.Q & S1_s11.Q & S1_s10.Q & S1_s9.Q
       & S1_s8.Q & S1_s7.Q & S1_s6.Q & S1_s5.Q & S1_s4.Q & S1_s3.Q & S1_s2.Q
       & S1_s1.Q & S1_s0.Q ; (1 pterm, 15 signals)
S1_s15.C = clock ; (1 pterm, 1 signal)

S1_s16.T = S1_s15.Q & S1_s14.Q & S1_s13.Q & S1_s12.Q & S1_s11.Q & S1_s10.Q
       & S1_s9.Q & S1_s8.Q & S1_s7.Q & S1_s6.Q & S1_s5.Q & S1_s4.Q & S1_s3.Q
       & S1_s2.Q & S1_s1.Q & S1_s0.Q
    # S1_s19.Q & S1_s18.Q & S1_s17.Q & S1_s16.Q & !S1_s15.Q & S1_s14.Q
       & !S1_s13.Q & !S1_s12.Q & !S1_s11.Q & !S1_s10.Q ; (2 pterms, 20 signals)
S1_s16.C = clock ; (1 pterm, 1 signal)

S1_s17.T = S1_s16.Q & S1_s15.Q & S1_s14.Q & S1_s13.Q & S1_s12.Q & S1_s11.Q
       & S1_s10.Q & S1_s9.Q & S1_s8.Q & S1_s7.Q & S1_s6.Q & S1_s5.Q & S1_s4.Q
       & S1_s3.Q & S1_s2.Q & S1_s1.Q & S1_s0.Q
    # S1_s19.Q & S1_s18.Q & S1_s17.Q & S1_s16.Q & !S1_s15.Q & S1_s14.Q
       & !S1_s13.Q & !S1_s12.Q & !S1_s11.Q & !S1_s10.Q ; (2 pterms, 20 signals)
S1_s17.C = clock ; (1 pterm, 1 signal)

S1_s18.T = S1_s17.Q & S1_s16.Q & S1_s15.Q & S1_s14.Q & S1_s13.Q & S1_s12.Q
       & S1_s11.Q & S1_s10.Q & S1_s9.Q & S1_s8.Q & S1_s7.Q & S1_s6.Q & S1_s5.Q
       & S1_s4.Q & S1_s3.Q & S1_s2.Q & S1_s1.Q & S1_s0.Q
    # S1_s19.Q & S1_s18.Q & S1_s17.Q & S1_s16.Q & !S1_s15.Q & S1_s14.Q
       & !S1_s13.Q & !S1_s12.Q & !S1_s11.Q & !S1_s10.Q ; (2 pterms, 20 signals)
S1_s18.C = clock ; (1 pterm, 1 signal)

S1_s19.T = S1_s18.Q & S1_s17.Q & S1_s16.Q & S1_s15.Q & S1_s14.Q & S1_s13.Q
       & S1_s12.Q & S1_s11.Q & S1_s10.Q & S1_s9.Q & S1_s8.Q & S1_s7.Q
       & S1_s6.Q & S1_s5.Q & S1_s4.Q & S1_s3.Q & S1_s2.Q & S1_s1.Q & S1_s0.Q
    # S1_s19.Q & S1_s18.Q & S1_s17.Q & S1_s16.Q & !S1_s15.Q & S1_s14.Q
       & !S1_s13.Q & !S1_s12.Q & !S1_s11.Q & !S1_s10.Q ; (2 pterms, 20 signals)
S1_s19.C = clock ; (1 pterm, 1 signal)

S1_s2.D = !( S1_s19.Q & S1_s18.Q & S1_s17.Q & S1_s16.Q & !S1_s15.Q & S1_s14.Q
       & !S1_s13.Q & !S1_s12.Q & !S1_s11.Q & !S1_s10.Q
    # S1_s2.Q & S1_s1.Q & S1_s0.Q
    # !S1_s2.Q & !S1_s1.Q
    # !S1_s2.Q & !S1_s0.Q ) ; (4 pterms, 13 signals)
S1_s2.C = clock ; (1 pterm, 1 signal)

S1_s3.D = !( S1_s19.Q & S1_s18.Q & S1_s17.Q & S1_s16.Q & !S1_s15.Q & S1_s14.Q
       & !S1_s13.Q & !S1_s12.Q & !S1_s11.Q & !S1_s10.Q
    # S1_s3.Q & S1_s2.Q & S1_s1.Q & S1_s0.Q
    # !S1_s3.Q & !S1_s1.Q
    # !S1_s3.Q & !S1_s2.Q
    # !S1_s3.Q & !S1_s0.Q ) ; (5 pterms, 14 signals)
S1_s3.C = clock ; (1 pterm, 1 signal)

S1_s4.D = !( S1_s19.Q & S1_s18.Q & S1_s17.Q & S1_s16.Q & !S1_s15.Q & S1_s14.Q
       & !S1_s13.Q & !S1_s12.Q & !S1_s11.Q & !S1_s10.Q
    # S1_s4.Q & S1_s3.Q & S1_s2.Q & S1_s1.Q & S1_s0.Q
    # !S1_s4.Q & !S1_s1.Q
    # !S1_s4.Q & !S1_s2.Q
    # !S1_s4.Q & !S1_s3.Q
    # !S1_s4.Q & !S1_s0.Q ) ; (6 pterms, 15 signals)
S1_s4.C = clock ; (1 pterm, 1 signal)

S1_s5.D = !( S1_s19.Q & S1_s18.Q & S1_s17.Q & S1_s16.Q & !S1_s15.Q & S1_s14.Q
       & !S1_s13.Q & !S1_s12.Q & !S1_s11.Q & !S1_s10.Q
    # S1_s5.Q & S1_s4.Q & S1_s3.Q & S1_s2.Q & S1_s1.Q & S1_s0.Q
    # !S1_s5.Q & !S1_s1.Q
    # !S1_s5.Q & !S1_s2.Q
    # !S1_s5.Q & !S1_s3.Q
    # !S1_s5.Q & !S1_s4.Q
    # !S1_s5.Q & !S1_s0.Q ) ; (7 pterms, 16 signals)
S1_s5.C = clock ; (1 pterm, 1 signal)

S1_s6.D = !( S1_s19.Q & S1_s18.Q & S1_s17.Q & S1_s16.Q & !S1_s15.Q & S1_s14.Q
       & !S1_s13.Q & !S1_s12.Q & !S1_s11.Q & !S1_s10.Q
    # S1_s6.Q & S1_s5.Q & S1_s4.Q & S1_s3.Q & S1_s2.Q & S1_s1.Q & S1_s0.Q
    # !S1_s6.Q & !S1_s1.Q
    # !S1_s6.Q & !S1_s2.Q
    # !S1_s6.Q & !S1_s3.Q
    # !S1_s6.Q & !S1_s4.Q
    # !S1_s6.Q & !S1_s5.Q
    # !S1_s6.Q & !S1_s0.Q ) ; (8 pterms, 17 signals)
S1_s6.C = clock ; (1 pterm, 1 signal)

S1_s7.D = !( S1_s19.Q & S1_s18.Q & S1_s17.Q & S1_s16.Q & !S1_s15.Q & S1_s14.Q
       & !S1_s13.Q & !S1_s12.Q & !S1_s11.Q & !S1_s10.Q
    # S1_s7.Q & S1_s6.Q & S1_s5.Q & S1_s4.Q & S1_s3.Q & S1_s2.Q & S1_s1.Q
       & S1_s0.Q
    # !S1_s7.Q & !S1_s1.Q
    # !S1_s7.Q & !S1_s2.Q
    # !S1_s7.Q & !S1_s3.Q
    # !S1_s7.Q & !S1_s4.Q
    # !S1_s7.Q & !S1_s5.Q
    # !S1_s7.Q & !S1_s6.Q
    # !S1_s7.Q & !S1_s0.Q ) ; (9 pterms, 18 signals)
S1_s7.C = clock ; (1 pterm, 1 signal)

S1_s8.D = !( S1_s19.Q & S1_s18.Q & S1_s17.Q & S1_s16.Q & !S1_s15.Q & S1_s14.Q
       & !S1_s13.Q & !S1_s12.Q & !S1_s11.Q & !S1_s10.Q
    # S1_s8.Q & S1_s7.Q & S1_s6.Q & S1_s5.Q & S1_s4.Q & S1_s3.Q & S1_s2.Q
       & S1_s1.Q & S1_s0.Q
    # !S1_s8.Q & !S1_s1.Q
    # !S1_s8.Q & !S1_s2.Q
    # !S1_s8.Q & !S1_s3.Q
    # !S1_s8.Q & !S1_s4.Q
    # !S1_s8.Q & !S1_s5.Q
    # !S1_s8.Q & !S1_s6.Q
    # !S1_s8.Q & !S1_s7.Q
    # !S1_s8.Q & !S1_s0.Q ) ; (10 pterms, 19 signals)
S1_s8.C = clock ; (1 pterm, 1 signal)

S1_s9.D = !( S1_s19.Q & S1_s18.Q & S1_s17.Q & S1_s16.Q & !S1_s15.Q & S1_s14.Q
       & !S1_s13.Q & !S1_s12.Q & !S1_s11.Q & !S1_s10.Q
    # S1_s9.Q & S1_s8.Q & S1_s7.Q & S1_s6.Q & S1_s5.Q & S1_s4.Q & S1_s3.Q
       & S1_s2.Q & S1_s1.Q & S1_s0.Q
    # !S1_s9.Q & !S1_s1.Q
    # !S1_s9.Q & !S1_s2.Q
    # !S1_s9.Q & !S1_s3.Q
    # !S1_s9.Q & !S1_s4.Q
    # !S1_s9.Q & !S1_s5.Q
    # !S1_s9.Q & !S1_s6.Q
    # !S1_s9.Q & !S1_s7.Q
    # !S1_s9.Q & !S1_s8.Q
    # !S1_s9.Q & !S1_s0.Q ) ; (11 pterms, 20 signals)
S1_s9.C = clock ; (1 pterm, 1 signal)

a = !( !B0_d0.Q & !B0_d1.Q & B0_d2.Q & !B0_d3.Q
    # B0_d0.Q & B0_d1.Q & !B0_d2.Q & B0_d3.Q
    # B0_d0.Q & !B0_d1.Q & !B0_d2.Q & !B0_d3.Q
    # B0_d0.Q & !B0_d1.Q & B0_d2.Q & B0_d3.Q ) ; (4 pterms, 4 signals)

b = !( B0_d0.Q & !B0_d1.Q & B0_d2.Q & !B0_d3.Q
    # B0_d0.Q & B0_d1.Q & B0_d3.Q
    # !B0_d0.Q & B0_d1.Q & B0_d2.Q
    # !B0_d0.Q & B0_d2.Q & B0_d3.Q ) ; (4 pterms, 4 signals)

c = !( !B0_d0.Q & B0_d1.Q & !B0_d2.Q & !B0_d3.Q
    # B0_d1.Q & B0_d2.Q & B0_d3.Q
    # !B0_d0.Q & B0_d2.Q & B0_d3.Q ) ; (3 pterms, 4 signals)

d = !( !B0_d0.Q & B0_d1.Q & !B0_d2.Q & B0_d3.Q
    # !B0_d0.Q & !B0_d1.Q & B0_d2.Q & !B0_d3.Q
    # B0_d0.Q & !B0_d1.Q & !B0_d2.Q & !B0_d3.Q
    # B0_d0.Q & B0_d1.Q & B0_d2.Q ) ; (4 pterms, 4 signals)

e = !( !B0_d1.Q & B0_d2.Q & !B0_d3.Q
    # B0_d0.Q & !B0_d1.Q & !B0_d2.Q
    # B0_d0.Q & !B0_d3.Q ) ; (3 pterms, 4 signals)

f = !( B0_d0.Q & !B0_d1.Q & B0_d2.Q & B0_d3.Q
    # B0_d1.Q & !B0_d2.Q & !B0_d3.Q
    # B0_d0.Q & B0_d1.Q & !B0_d3.Q
    # B0_d0.Q & !B0_d2.Q & !B0_d3.Q ) ; (4 pterms, 4 signals)

g = !( !B0_d0.Q & !B0_d1.Q & B0_d2.Q & B0_d3.Q
    # B0_d0.Q & B0_d1.Q & B0_d2.Q & !B0_d3.Q
    # !B0_d1.Q & !B0_d2.Q & !B0_d3.Q ) ; (3 pterms, 4 signals)




